[ 2016-12-31T13:23:06+08:00 ] 127.0.0.1 /svntape/admin.php
INFO: [ app_init ] --START--
INFO: Run Behavior\BuildLiteBehavior [ RunTime:0.000000s ]
INFO: [ app_init ] --END-- [ RunTime:0.002000s ]
INFO: [ app_begin ] --START--
INFO: Run Behavior\ReadHtmlCacheBehavior [ RunTime:0.001000s ]
INFO: [ app_begin ] --END-- [ RunTime:0.001000s ]
SQL: SHOW COLUMNS FROM `joung_view` [ RunTime:0.0070s ]
SQL: SELECT COUNT(*) AS tp_count FROM `joung_view` LIMIT 1   [ RunTime:0.0000s ]
SQL: SHOW COLUMNS FROM `joung_user` [ RunTime:0.0060s ]
SQL: SELECT COUNT(*) AS tp_count FROM `joung_user` LIMIT 1   [ RunTime:0.0000s ]
SQL: SHOW COLUMNS FROM `joung_content` [ RunTime:0.0080s ]
SQL: SELECT COUNT(*) AS tp_count FROM `joung_content` LIMIT 1   [ RunTime:0.0010s ]
INFO: [ view_parse ] --START--
INFO: [ template_filter ] --START--
INFO: Run Behavior\ContentReplaceBehavior [ RunTime:0.000000s ]
INFO: [ template_filter ] --END-- [ RunTime:0.000000s ]
INFO: Run Behavior\ParseTemplateBehavior [ RunTime:0.027002s ]
INFO: [ view_parse ] --END-- [ RunTime:0.027002s ]
INFO: [ view_filter ] --START--
INFO: Run Behavior\WriteHtmlCacheBehavior [ RunTime:0.001000s ]
INFO: [ view_filter ] --END-- [ RunTime:0.001000s ]
INFO: [ app_end ] --START--
INFO: Run Behavior\ShowPageTraceBehavior [ RunTime:0.001000s ]
INFO: [ app_end ] --END-- [ RunTime:0.001000s ]

[ 2016-12-31T13:23:37+08:00 ] 127.0.0.1 /svntape/admin.php
INFO: [ app_init ] --START--
INFO: Run Behavior\BuildLiteBehavior [ RunTime:0.000000s ]
INFO: [ app_init ] --END-- [ RunTime:0.000000s ]
INFO: [ app_begin ] --START--
INFO: Run Behavior\ReadHtmlCacheBehavior [ RunTime:0.000000s ]
INFO: [ app_begin ] --END-- [ RunTime:0.000000s ]
SQL: SHOW COLUMNS FROM `joung_view` [ RunTime:0.0060s ]
SQL: SELECT COUNT(*) AS tp_count FROM `joung_view` LIMIT 1   [ RunTime:0.0000s ]
SQL: SHOW COLUMNS FROM `joung_user` [ RunTime:0.0070s ]
SQL: SELECT COUNT(*) AS tp_count FROM `joung_user` LIMIT 1   [ RunTime:0.0000s ]
SQL: SHOW COLUMNS FROM `joung_content` [ RunTime:0.0070s ]
SQL: SELECT COUNT(*) AS tp_count FROM `joung_content` LIMIT 1   [ RunTime:0.0000s ]
INFO: [ view_parse ] --START--
INFO: [ template_filter ] --START--
INFO: Run Behavior\ContentReplaceBehavior [ RunTime:0.000000s ]
INFO: [ template_filter ] --END-- [ RunTime:0.000000s ]
INFO: Run Behavior\ParseTemplateBehavior [ RunTime:0.014000s ]
INFO: [ view_parse ] --END-- [ RunTime:0.014000s ]
INFO: [ view_filter ] --START--
INFO: Run Behavior\WriteHtmlCacheBehavior [ RunTime:0.001000s ]
INFO: [ view_filter ] --END-- [ RunTime:0.001000s ]
INFO: [ app_end ] --START--
INFO: Run Behavior\ShowPageTraceBehavior [ RunTime:0.001000s ]
INFO: [ app_end ] --END-- [ RunTime:0.001000s ]

[ 2016-12-31T13:23:39+08:00 ] 127.0.0.1 /svntape/admin.php/Data/invoice.html
INFO: [ app_init ] --START--
INFO: Run Behavior\BuildLiteBehavior [ RunTime:0.000000s ]
INFO: [ app_init ] --END-- [ RunTime:0.000000s ]
INFO: [ app_begin ] --START--
INFO: Run Behavior\ReadHtmlCacheBehavior [ RunTime:0.000000s ]
INFO: [ app_begin ] --END-- [ RunTime:0.000000s ]
SQL: SHOW COLUMNS FROM `joung_view` [ RunTime:0.0050s ]
SQL: SELECT COUNT(*) AS tp_count FROM `joung_view` LIMIT 1   [ RunTime:0.0010s ]
SQL: SHOW COLUMNS FROM `joung_user` [ RunTime:0.0050s ]
SQL: SELECT COUNT(*) AS tp_count FROM `joung_user` LIMIT 1   [ RunTime:0.0010s ]
SQL: SHOW COLUMNS FROM `joung_content` [ RunTime:0.0050s ]
SQL: SELECT COUNT(*) AS tp_count FROM `joung_content` LIMIT 1   [ RunTime:0.0000s ]
INFO: [ view_parse ] --START--
INFO: [ template_filter ] --START--
INFO: Run Behavior\ContentReplaceBehavior [ RunTime:0.000000s ]
INFO: [ template_filter ] --END-- [ RunTime:0.000000s ]
INFO: Run Behavior\ParseTemplateBehavior [ RunTime:0.020001s ]
INFO: [ view_parse ] --END-- [ RunTime:0.020001s ]
INFO: [ view_filter ] --START--
INFO: Run Behavior\WriteHtmlCacheBehavior [ RunTime:0.000000s ]
INFO: [ view_filter ] --END-- [ RunTime:0.000000s ]
INFO: [ app_end ] --START--
INFO: Run Behavior\ShowPageTraceBehavior [ RunTime:0.001000s ]
INFO: [ app_end ] --END-- [ RunTime:0.001000s ]

[ 2016-12-31T13:23:41+08:00 ] 127.0.0.1 /svntape/admin.php/Data/style/bootstrap.css
INFO: [ app_init ] --START--
INFO: Run Behavior\BuildLiteBehavior [ RunTime:0.000000s ]
INFO: [ app_init ] --END-- [ RunTime:0.000000s ]
INFO: [ app_begin ] --START--
INFO: Run Behavior\ReadHtmlCacheBehavior [ RunTime:0.000000s ]
INFO: [ app_begin ] --END-- [ RunTime:0.000000s ]
SQL: SHOW COLUMNS FROM `joung_view` [ RunTime:0.0050s ]
SQL: SELECT COUNT(*) AS tp_count FROM `joung_view` LIMIT 1   [ RunTime:0.0010s ]
SQL: SHOW COLUMNS FROM `joung_user` [ RunTime:0.0040s ]
SQL: SELECT COUNT(*) AS tp_count FROM `joung_user` LIMIT 1   [ RunTime:0.0000s ]
SQL: SHOW COLUMNS FROM `joung_content` [ RunTime:0.0040s ]
SQL: SELECT COUNT(*) AS tp_count FROM `joung_content` LIMIT 1   [ RunTime:0.0010s ]
ERR: 非法操作:style

[ 2016-12-31T13:23:42+08:00 ] 127.0.0.1 /svntape/admin.php/Data/style/bootstrap-datetimepicker.min.css
INFO: [ app_init ] --START--
INFO: Run Behavior\BuildLiteBehavior [ RunTime:0.000000s ]
INFO: [ app_init ] --END-- [ RunTime:0.000000s ]
INFO: [ app_begin ] --START--
INFO: Run Behavior\ReadHtmlCacheBehavior [ RunTime:0.000000s ]
INFO: [ app_begin ] --END-- [ RunTime:0.000000s ]
SQL: SHOW COLUMNS FROM `joung_view` [ RunTime:0.0080s ]
SQL: SELECT COUNT(*) AS tp_count FROM `joung_view` LIMIT 1   [ RunTime:0.0010s ]
SQL: SHOW COLUMNS FROM `joung_user` [ RunTime:0.0100s ]
SQL: SELECT COUNT(*) AS tp_count FROM `joung_user` LIMIT 1   [ RunTime:0.0010s ]
SQL: SHOW COLUMNS FROM `joung_content` [ RunTime:0.0090s ]
SQL: SELECT COUNT(*) AS tp_count FROM `joung_content` LIMIT 1   [ RunTime:0.0010s ]
ERR: 非法操作:style

[ 2016-12-31T13:23:43+08:00 ] 127.0.0.1 /svntape/admin.php/Data/style/prettyPhoto.css
INFO: [ app_init ] --START--
INFO: Run Behavior\BuildLiteBehavior [ RunTime:0.000000s ]
INFO: [ app_init ] --END-- [ RunTime:0.000000s ]
INFO: [ app_begin ] --START--
INFO: Run Behavior\ReadHtmlCacheBehavior [ RunTime:0.000000s ]
INFO: [ app_begin ] --END-- [ RunTime:0.000000s ]
SQL: SHOW COLUMNS FROM `joung_view` [ RunTime:0.0100s ]
SQL: SELECT COUNT(*) AS tp_count FROM `joung_view` LIMIT 1   [ RunTime:0.0000s ]
SQL: SHOW COLUMNS FROM `joung_user` [ RunTime:0.0090s ]
SQL: SELECT COUNT(*) AS tp_count FROM `joung_user` LIMIT 1   [ RunTime:0.0000s ]
SQL: SHOW COLUMNS FROM `joung_content` [ RunTime:0.0040s ]
SQL: SELECT COUNT(*) AS tp_count FROM `joung_content` LIMIT 1   [ RunTime:0.0000s ]
ERR: 非法操作:style

[ 2016-12-31T13:23:44+08:00 ] 127.0.0.1 /svntape/admin.php/Data/style/fullcalendar.css
INFO: [ app_init ] --START--
INFO: Run Behavior\BuildLiteBehavior [ RunTime:0.000000s ]
INFO: [ app_init ] --END-- [ RunTime:0.001000s ]
INFO: [ app_begin ] --START--
INFO: Run Behavior\ReadHtmlCacheBehavior [ RunTime:0.001000s ]
INFO: [ app_begin ] --END-- [ RunTime:0.001000s ]
SQL: SHOW COLUMNS FROM `joung_view` [ RunTime:0.0040s ]
SQL: SELECT COUNT(*) AS tp_count FROM `joung_view` LIMIT 1   [ RunTime:0.0010s ]
SQL: SHOW COLUMNS FROM `joung_user` [ RunTime:0.0030s ]
SQL: SELECT COUNT(*) AS tp_count FROM `joung_user` LIMIT 1   [ RunTime:0.0010s ]
SQL: SHOW COLUMNS FROM `joung_content` [ RunTime:0.0040s ]
SQL: SELECT COUNT(*) AS tp_count FROM `joung_content` LIMIT 1   [ RunTime:0.0000s ]
ERR: 非法操作:style

[ 2016-12-31T13:23:45+08:00 ] 127.0.0.1 /svntape/admin.php/Data/style/font-awesome.css
INFO: [ app_init ] --START--
INFO: Run Behavior\BuildLiteBehavior [ RunTime:0.000000s ]
INFO: [ app_init ] --END-- [ RunTime:0.001000s ]
INFO: [ app_begin ] --START--
INFO: Run Behavior\ReadHtmlCacheBehavior [ RunTime:0.000000s ]
INFO: [ app_begin ] --END-- [ RunTime:0.000000s ]
SQL: SHOW COLUMNS FROM `joung_view` [ RunTime:0.0070s ]
SQL: SELECT COUNT(*) AS tp_count FROM `joung_view` LIMIT 1   [ RunTime:0.0000s ]
SQL: SHOW COLUMNS FROM `joung_user` [ RunTime:0.0050s ]
SQL: SELECT COUNT(*) AS tp_count FROM `joung_user` LIMIT 1   [ RunTime:0.0010s ]
SQL: SHOW COLUMNS FROM `joung_content` [ RunTime:0.0050s ]
SQL: SELECT COUNT(*) AS tp_count FROM `joung_content` LIMIT 1   [ RunTime:0.0000s ]
ERR: 非法操作:style

[ 2016-12-31T13:23:46+08:00 ] 127.0.0.1 /svntape/admin.php/Data/style/jquery-ui.css
INFO: [ app_init ] --START--
INFO: Run Behavior\BuildLiteBehavior [ RunTime:0.000000s ]
INFO: [ app_init ] --END-- [ RunTime:0.000000s ]
INFO: [ app_begin ] --START--
INFO: Run Behavior\ReadHtmlCacheBehavior [ RunTime:0.001000s ]
INFO: [ app_begin ] --END-- [ RunTime:0.001000s ]
SQL: SHOW COLUMNS FROM `joung_view` [ RunTime:0.0050s ]
SQL: SELECT COUNT(*) AS tp_count FROM `joung_view` LIMIT 1   [ RunTime:0.0000s ]
SQL: SHOW COLUMNS FROM `joung_user` [ RunTime:0.0040s ]
SQL: SELECT COUNT(*) AS tp_count FROM `joung_user` LIMIT 1   [ RunTime:0.0010s ]
SQL: SHOW COLUMNS FROM `joung_content` [ RunTime:0.0040s ]
SQL: SELECT COUNT(*) AS tp_count FROM `joung_content` LIMIT 1   [ RunTime:0.0000s ]
ERR: 非法操作:style

[ 2016-12-31T13:23:47+08:00 ] 127.0.0.1 /svntape/admin.php/Data/img/favicon/favicon.png
INFO: [ app_init ] --START--
INFO: Run Behavior\BuildLiteBehavior [ RunTime:0.000000s ]
INFO: [ app_init ] --END-- [ RunTime:0.001000s ]

[ 2016-12-31T13:23:47+08:00 ] 127.0.0.1 /svntape/admin.php/Data/style/rateit.css
INFO: [ app_init ] --START--
INFO: Run Behavior\BuildLiteBehavior [ RunTime:0.000000s ]
INFO: [ app_init ] --END-- [ RunTime:0.001000s ]
INFO: [ app_begin ] --START--
INFO: Run Behavior\ReadHtmlCacheBehavior [ RunTime:0.000000s ]
INFO: [ app_begin ] --END-- [ RunTime:0.000000s ]
SQL: SHOW COLUMNS FROM `joung_view` [ RunTime:0.0050s ]
SQL: SELECT COUNT(*) AS tp_count FROM `joung_view` LIMIT 1   [ RunTime:0.0000s ]
SQL: SHOW COLUMNS FROM `joung_user` [ RunTime:0.0050s ]
SQL: SELECT COUNT(*) AS tp_count FROM `joung_user` LIMIT 1   [ RunTime:0.0010s ]
SQL: SHOW COLUMNS FROM `joung_content` [ RunTime:0.0030s ]
SQL: SELECT COUNT(*) AS tp_count FROM `joung_content` LIMIT 1   [ RunTime:0.0000s ]
ERR: 非法操作:style

[ 2016-12-31T13:23:48+08:00 ] 127.0.0.1 /svntape/admin.php/Data/style/jquery.cleditor.css
INFO: [ app_init ] --START--
INFO: Run Behavior\BuildLiteBehavior [ RunTime:0.000000s ]
INFO: [ app_init ] --END-- [ RunTime:0.000000s ]
INFO: [ app_begin ] --START--
INFO: Run Behavior\ReadHtmlCacheBehavior [ RunTime:0.000000s ]
INFO: [ app_begin ] --END-- [ RunTime:0.000000s ]
SQL: SHOW COLUMNS FROM `joung_view` [ RunTime:0.0080s ]
SQL: SELECT COUNT(*) AS tp_count FROM `joung_view` LIMIT 1   [ RunTime:0.0010s ]
SQL: SHOW COLUMNS FROM `joung_user` [ RunTime:0.0070s ]
SQL: SELECT COUNT(*) AS tp_count FROM `joung_user` LIMIT 1   [ RunTime:0.0010s ]
SQL: SHOW COLUMNS FROM `joung_content` [ RunTime:0.0080s ]
SQL: SELECT COUNT(*) AS tp_count FROM `joung_content` LIMIT 1   [ RunTime:0.0020s ]
ERR: 非法操作:style

[ 2016-12-31T13:23:49+08:00 ] 127.0.0.1 /svntape/admin.php/Data/style/uniform.default.css
INFO: [ app_init ] --START--
INFO: Run Behavior\BuildLiteBehavior [ RunTime:0.000000s ]
INFO: [ app_init ] --END-- [ RunTime:0.001000s ]
INFO: [ app_begin ] --START--
INFO: Run Behavior\ReadHtmlCacheBehavior [ RunTime:0.001000s ]
INFO: [ app_begin ] --END-- [ RunTime:0.001000s ]
SQL: SHOW COLUMNS FROM `joung_view` [ RunTime:0.0070s ]
SQL: SELECT COUNT(*) AS tp_count FROM `joung_view` LIMIT 1   [ RunTime:0.0000s ]
SQL: SHOW COLUMNS FROM `joung_user` [ RunTime:0.0060s ]
SQL: SELECT COUNT(*) AS tp_count FROM `joung_user` LIMIT 1   [ RunTime:0.0000s ]
SQL: SHOW COLUMNS FROM `joung_content` [ RunTime:0.0060s ]
SQL: SELECT COUNT(*) AS tp_count FROM `joung_content` LIMIT 1   [ RunTime:0.0010s ]
ERR: 非法操作:style

[ 2016-12-31T13:23:50+08:00 ] 127.0.0.1 /svntape/admin.php/Data/style/bootstrap-switch.css
INFO: [ app_init ] --START--
INFO: Run Behavior\BuildLiteBehavior [ RunTime:0.000000s ]
INFO: [ app_init ] --END-- [ RunTime:0.000000s ]
INFO: [ app_begin ] --START--
INFO: Run Behavior\ReadHtmlCacheBehavior [ RunTime:0.000000s ]
INFO: [ app_begin ] --END-- [ RunTime:0.000000s ]
SQL: SHOW COLUMNS FROM `joung_view` [ RunTime:0.0080s ]
SQL: SELECT COUNT(*) AS tp_count FROM `joung_view` LIMIT 1   [ RunTime:0.0000s ]
SQL: SHOW COLUMNS FROM `joung_user` [ RunTime:0.0060s ]
SQL: SELECT COUNT(*) AS tp_count FROM `joung_user` LIMIT 1   [ RunTime:0.0000s ]
SQL: SHOW COLUMNS FROM `joung_content` [ RunTime:0.0050s ]
SQL: SELECT COUNT(*) AS tp_count FROM `joung_content` LIMIT 1   [ RunTime:0.0000s ]
ERR: 非法操作:style

[ 2016-12-31T13:23:51+08:00 ] 127.0.0.1 /svntape/admin.php/Data/style/style.css
INFO: [ app_init ] --START--
INFO: Run Behavior\BuildLiteBehavior [ RunTime:0.000000s ]
INFO: [ app_init ] --END-- [ RunTime:0.000000s ]
INFO: [ app_begin ] --START--
INFO: Run Behavior\ReadHtmlCacheBehavior [ RunTime:0.000000s ]
INFO: [ app_begin ] --END-- [ RunTime:0.000000s ]
SQL: SHOW COLUMNS FROM `joung_view` [ RunTime:0.0040s ]
SQL: SELECT COUNT(*) AS tp_count FROM `joung_view` LIMIT 1   [ RunTime:0.0000s ]
SQL: SHOW COLUMNS FROM `joung_user` [ RunTime:0.0030s ]
SQL: SELECT COUNT(*) AS tp_count FROM `joung_user` LIMIT 1   [ RunTime:0.0000s ]
SQL: SHOW COLUMNS FROM `joung_content` [ RunTime:0.0030s ]
SQL: SELECT COUNT(*) AS tp_count FROM `joung_content` LIMIT 1   [ RunTime:0.0010s ]
ERR: 非法操作:style

[ 2016-12-31T13:23:52+08:00 ] 127.0.0.1 /svntape/admin.php/Data/js/jquery.flot.stack.js
INFO: [ app_init ] --START--
INFO: Run Behavior\BuildLiteBehavior [ RunTime:0.000000s ]
INFO: [ app_init ] --END-- [ RunTime:0.000000s ]
INFO: [ app_begin ] --START--
INFO: Run Behavior\ReadHtmlCacheBehavior [ RunTime:0.000000s ]
INFO: [ app_begin ] --END-- [ RunTime:0.001000s ]
SQL: SHOW COLUMNS FROM `joung_view` [ RunTime:0.0040s ]
SQL: SELECT COUNT(*) AS tp_count FROM `joung_view` LIMIT 1   [ RunTime:0.0000s ]
SQL: SHOW COLUMNS FROM `joung_user` [ RunTime:0.0040s ]
SQL: SELECT COUNT(*) AS tp_count FROM `joung_user` LIMIT 1   [ RunTime:0.0000s ]
SQL: SHOW COLUMNS FROM `joung_content` [ RunTime:0.0040s ]
SQL: SELECT COUNT(*) AS tp_count FROM `joung_content` LIMIT 1   [ RunTime:0.0000s ]
ERR: 非法操作:js

[ 2016-12-31T13:23:53+08:00 ] 127.0.0.1 /svntape/admin.php/Data/invoice.html
INFO: [ app_init ] --START--
INFO: Run Behavior\BuildLiteBehavior [ RunTime:0.000000s ]
INFO: [ app_init ] --END-- [ RunTime:0.000000s ]
INFO: [ app_begin ] --START--
INFO: Run Behavior\ReadHtmlCacheBehavior [ RunTime:0.000000s ]
INFO: [ app_begin ] --END-- [ RunTime:0.000000s ]
SQL: SHOW COLUMNS FROM `joung_view` [ RunTime:0.0080s ]
SQL: SELECT COUNT(*) AS tp_count FROM `joung_view` LIMIT 1   [ RunTime:0.0020s ]
SQL: SHOW COLUMNS FROM `joung_user` [ RunTime:0.0070s ]
SQL: SELECT COUNT(*) AS tp_count FROM `joung_user` LIMIT 1   [ RunTime:0.0000s ]
SQL: SHOW COLUMNS FROM `joung_content` [ RunTime:0.0050s ]
SQL: SELECT COUNT(*) AS tp_count FROM `joung_content` LIMIT 1   [ RunTime:0.0000s ]
INFO: [ view_parse ] --START--
INFO: [ template_filter ] --START--
INFO: Run Behavior\ContentReplaceBehavior [ RunTime:0.000000s ]
INFO: [ template_filter ] --END-- [ RunTime:0.000000s ]
INFO: Run Behavior\ParseTemplateBehavior [ RunTime:0.013001s ]
INFO: [ view_parse ] --END-- [ RunTime:0.013001s ]
INFO: [ view_filter ] --START--
INFO: Run Behavior\WriteHtmlCacheBehavior [ RunTime:0.000000s ]
INFO: [ view_filter ] --END-- [ RunTime:0.000000s ]
INFO: [ app_end ] --START--
INFO: Run Behavior\ShowPageTraceBehavior [ RunTime:0.001000s ]
INFO: [ app_end ] --END-- [ RunTime:0.001000s ]

[ 2016-12-31T13:23:54+08:00 ] 127.0.0.1 /svntape/admin.php/Data/style/bootstrap.css
INFO: [ app_init ] --START--
INFO: Run Behavior\BuildLiteBehavior [ RunTime:0.000000s ]
INFO: [ app_init ] --END-- [ RunTime:0.000000s ]
INFO: [ app_begin ] --START--
INFO: Run Behavior\ReadHtmlCacheBehavior [ RunTime:0.000000s ]
INFO: [ app_begin ] --END-- [ RunTime:0.000000s ]
SQL: SHOW COLUMNS FROM `joung_view` [ RunTime:0.0050s ]
SQL: SELECT COUNT(*) AS tp_count FROM `joung_view` LIMIT 1   [ RunTime:0.0000s ]
SQL: SHOW COLUMNS FROM `joung_user` [ RunTime:0.0040s ]
SQL: SELECT COUNT(*) AS tp_count FROM `joung_user` LIMIT 1   [ RunTime:0.0000s ]
SQL: SHOW COLUMNS FROM `joung_content` [ RunTime:0.0040s ]
SQL: SELECT COUNT(*) AS tp_count FROM `joung_content` LIMIT 1   [ RunTime:0.0000s ]
ERR: 非法操作:style

[ 2016-12-31T13:23:55+08:00 ] 127.0.0.1 /svntape/admin.php/Data/style/fullcalendar.css
INFO: [ app_init ] --START--
INFO: Run Behavior\BuildLiteBehavior [ RunTime:0.000000s ]
INFO: [ app_init ] --END-- [ RunTime:0.000000s ]
INFO: [ app_begin ] --START--
INFO: Run Behavior\ReadHtmlCacheBehavior [ RunTime:0.001000s ]
INFO: [ app_begin ] --END-- [ RunTime:0.001000s ]
SQL: SHOW COLUMNS FROM `joung_view` [ RunTime:0.0040s ]
SQL: SELECT COUNT(*) AS tp_count FROM `joung_view` LIMIT 1   [ RunTime:0.0010s ]
SQL: SHOW COLUMNS FROM `joung_user` [ RunTime:0.0030s ]
SQL: SELECT COUNT(*) AS tp_count FROM `joung_user` LIMIT 1   [ RunTime:0.0000s ]
SQL: SHOW COLUMNS FROM `joung_content` [ RunTime:0.0030s ]
SQL: SELECT COUNT(*) AS tp_count FROM `joung_content` LIMIT 1   [ RunTime:0.0010s ]
ERR: 非法操作:style

[ 2016-12-31T13:23:56+08:00 ] 127.0.0.1 /svntape/admin.php/Data/style/jquery-ui.css
INFO: [ app_init ] --START--
INFO: Run Behavior\BuildLiteBehavior [ RunTime:0.000000s ]
INFO: [ app_init ] --END-- [ RunTime:0.000000s ]
INFO: [ app_begin ] --START--
INFO: Run Behavior\ReadHtmlCacheBehavior [ RunTime:0.001000s ]
INFO: [ app_begin ] --END-- [ RunTime:0.001000s ]
SQL: SHOW COLUMNS FROM `joung_view` [ RunTime:0.0150s ]
SQL: SELECT COUNT(*) AS tp_count FROM `joung_view` LIMIT 1   [ RunTime:0.0000s ]
SQL: SHOW COLUMNS FROM `joung_user` [ RunTime:0.0050s ]
SQL: SELECT COUNT(*) AS tp_count FROM `joung_user` LIMIT 1   [ RunTime:0.0000s ]
SQL: SHOW COLUMNS FROM `joung_content` [ RunTime:0.0030s ]
SQL: SELECT COUNT(*) AS tp_count FROM `joung_content` LIMIT 1   [ RunTime:0.0010s ]
ERR: 非法操作:style

[ 2016-12-31T13:23:57+08:00 ] 127.0.0.1 /svntape/admin.php/Data/style/font-awesome.css
INFO: [ app_init ] --START--
INFO: Run Behavior\BuildLiteBehavior [ RunTime:0.000000s ]
INFO: [ app_init ] --END-- [ RunTime:0.000000s ]
INFO: [ app_begin ] --START--
INFO: Run Behavior\ReadHtmlCacheBehavior [ RunTime:0.001000s ]
INFO: [ app_begin ] --END-- [ RunTime:0.001000s ]
SQL: SHOW COLUMNS FROM `joung_view` [ RunTime:0.0030s ]
SQL: SELECT COUNT(*) AS tp_count FROM `joung_view` LIMIT 1   [ RunTime:0.0000s ]
SQL: SHOW COLUMNS FROM `joung_user` [ RunTime:0.0040s ]
SQL: SELECT COUNT(*) AS tp_count FROM `joung_user` LIMIT 1   [ RunTime:0.0000s ]
SQL: SHOW COLUMNS FROM `joung_content` [ RunTime:0.0040s ]
SQL: SELECT COUNT(*) AS tp_count FROM `joung_content` LIMIT 1   [ RunTime:0.0010s ]
ERR: 非法操作:style

[ 2016-12-31T13:23:57+08:00 ] 127.0.0.1 /svntape/admin.php/Data/img/favicon/favicon.png
INFO: [ app_init ] --START--
INFO: Run Behavior\BuildLiteBehavior [ RunTime:0.000000s ]
INFO: [ app_init ] --END-- [ RunTime:0.000000s ]

[ 2016-12-31T13:23:58+08:00 ] 127.0.0.1 /svntape/admin.php/Data/style/prettyPhoto.css
INFO: [ app_init ] --START--
INFO: Run Behavior\BuildLiteBehavior [ RunTime:0.000000s ]
INFO: [ app_init ] --END-- [ RunTime:0.001000s ]
INFO: [ app_begin ] --START--
INFO: Run Behavior\ReadHtmlCacheBehavior [ RunTime:0.000000s ]
INFO: [ app_begin ] --END-- [ RunTime:0.000000s ]
SQL: SHOW COLUMNS FROM `joung_view` [ RunTime:0.0040s ]
SQL: SELECT COUNT(*) AS tp_count FROM `joung_view` LIMIT 1   [ RunTime:0.0000s ]
SQL: SHOW COLUMNS FROM `joung_user` [ RunTime:0.0040s ]
SQL: SELECT COUNT(*) AS tp_count FROM `joung_user` LIMIT 1   [ RunTime:0.0000s ]
SQL: SHOW COLUMNS FROM `joung_content` [ RunTime:0.0030s ]
SQL: SELECT COUNT(*) AS tp_count FROM `joung_content` LIMIT 1   [ RunTime:0.0000s ]
ERR: 非法操作:style

[ 2016-12-31T13:23:59+08:00 ] 127.0.0.1 /svntape/admin.php/Data/style/rateit.css
INFO: [ app_init ] --START--
INFO: Run Behavior\BuildLiteBehavior [ RunTime:0.000000s ]
INFO: [ app_init ] --END-- [ RunTime:0.000000s ]
INFO: [ app_begin ] --START--
INFO: Run Behavior\ReadHtmlCacheBehavior [ RunTime:0.001000s ]
INFO: [ app_begin ] --END-- [ RunTime:0.001000s ]
SQL: SHOW COLUMNS FROM `joung_view` [ RunTime:0.0040s ]
SQL: SELECT COUNT(*) AS tp_count FROM `joung_view` LIMIT 1   [ RunTime:0.0000s ]
SQL: SHOW COLUMNS FROM `joung_user` [ RunTime:0.0040s ]
SQL: SELECT COUNT(*) AS tp_count FROM `joung_user` LIMIT 1   [ RunTime:0.0010s ]
SQL: SHOW COLUMNS FROM `joung_content` [ RunTime:0.0040s ]
SQL: SELECT COUNT(*) AS tp_count FROM `joung_content` LIMIT 1   [ RunTime:0.0010s ]
ERR: 非法操作:style

[ 2016-12-31T13:24:00+08:00 ] 127.0.0.1 /svntape/admin.php/Data/style/bootstrap-datetimepicker.min.css
INFO: [ app_init ] --START--
INFO: Run Behavior\BuildLiteBehavior [ RunTime:0.000000s ]
INFO: [ app_init ] --END-- [ RunTime:0.000000s ]
INFO: [ app_begin ] --START--
INFO: Run Behavior\ReadHtmlCacheBehavior [ RunTime:0.000000s ]
INFO: [ app_begin ] --END-- [ RunTime:0.000000s ]
SQL: SHOW COLUMNS FROM `joung_view` [ RunTime:0.0050s ]
SQL: SELECT COUNT(*) AS tp_count FROM `joung_view` LIMIT 1   [ RunTime:0.0000s ]
SQL: SHOW COLUMNS FROM `joung_user` [ RunTime:0.0060s ]
SQL: SELECT COUNT(*) AS tp_count FROM `joung_user` LIMIT 1   [ RunTime:0.0000s ]
SQL: SHOW COLUMNS FROM `joung_content` [ RunTime:0.0050s ]
SQL: SELECT COUNT(*) AS tp_count FROM `joung_content` LIMIT 1   [ RunTime:0.0000s ]
ERR: 非法操作:style

[ 2016-12-31T13:24:02+08:00 ] 127.0.0.1 /svntape/admin.php/Data/style/jquery.cleditor.css
INFO: [ app_init ] --START--
INFO: Run Behavior\BuildLiteBehavior [ RunTime:0.000000s ]
INFO: [ app_init ] --END-- [ RunTime:0.000000s ]
INFO: [ app_begin ] --START--
INFO: Run Behavior\ReadHtmlCacheBehavior [ RunTime:0.000000s ]
INFO: [ app_begin ] --END-- [ RunTime:0.000000s ]
SQL: SHOW COLUMNS FROM `joung_view` [ RunTime:0.0090s ]
SQL: SELECT COUNT(*) AS tp_count FROM `joung_view` LIMIT 1   [ RunTime:0.0000s ]
SQL: SHOW COLUMNS FROM `joung_user` [ RunTime:0.0070s ]
SQL: SELECT COUNT(*) AS tp_count FROM `joung_user` LIMIT 1   [ RunTime:0.0000s ]
SQL: SHOW COLUMNS FROM `joung_content` [ RunTime:0.0060s ]
SQL: SELECT COUNT(*) AS tp_count FROM `joung_content` LIMIT 1   [ RunTime:0.0000s ]
ERR: 非法操作:style

[ 2016-12-31T13:24:03+08:00 ] 127.0.0.1 /svntape/admin.php/Data/style/uniform.default.css
INFO: [ app_init ] --START--
INFO: Run Behavior\BuildLiteBehavior [ RunTime:0.000000s ]
INFO: [ app_init ] --END-- [ RunTime:0.000000s ]
INFO: [ app_begin ] --START--
INFO: Run Behavior\ReadHtmlCacheBehavior [ RunTime:0.000000s ]
INFO: [ app_begin ] --END-- [ RunTime:0.000000s ]
SQL: SHOW COLUMNS FROM `joung_view` [ RunTime:0.0060s ]
SQL: SELECT COUNT(*) AS tp_count FROM `joung_view` LIMIT 1   [ RunTime:0.0000s ]
SQL: SHOW COLUMNS FROM `joung_user` [ RunTime:0.0060s ]
SQL: SELECT COUNT(*) AS tp_count FROM `joung_user` LIMIT 1   [ RunTime:0.0000s ]
SQL: SHOW COLUMNS FROM `joung_content` [ RunTime:0.0180s ]
SQL: SELECT COUNT(*) AS tp_count FROM `joung_content` LIMIT 1   [ RunTime:0.0040s ]
ERR: 非法操作:style

[ 2016-12-31T13:24:15+08:00 ] 127.0.0.1 /svntape/admin.php
INFO: [ app_init ] --START--
INFO: Run Behavior\BuildLiteBehavior [ RunTime:0.000000s ]
INFO: [ app_init ] --END-- [ RunTime:0.000000s ]
INFO: [ app_begin ] --START--
INFO: Run Behavior\ReadHtmlCacheBehavior [ RunTime:0.001000s ]
INFO: [ app_begin ] --END-- [ RunTime:0.001000s ]
SQL: SHOW COLUMNS FROM `joung_view` [ RunTime:0.0110s ]
SQL: SELECT COUNT(*) AS tp_count FROM `joung_view` LIMIT 1   [ RunTime:0.0040s ]
SQL: SHOW COLUMNS FROM `joung_user` [ RunTime:0.0100s ]
SQL: SELECT COUNT(*) AS tp_count FROM `joung_user` LIMIT 1   [ RunTime:0.0000s ]
SQL: SHOW COLUMNS FROM `joung_content` [ RunTime:0.0060s ]
SQL: SELECT COUNT(*) AS tp_count FROM `joung_content` LIMIT 1   [ RunTime:0.0000s ]
INFO: [ view_parse ] --START--
INFO: [ template_filter ] --START--
INFO: Run Behavior\ContentReplaceBehavior [ RunTime:0.001001s ]
INFO: [ template_filter ] --END-- [ RunTime:0.001001s ]
INFO: Run Behavior\ParseTemplateBehavior [ RunTime:0.020002s ]
INFO: [ view_parse ] --END-- [ RunTime:0.020002s ]
INFO: [ view_filter ] --START--
INFO: Run Behavior\WriteHtmlCacheBehavior [ RunTime:0.000000s ]
INFO: [ view_filter ] --END-- [ RunTime:0.000000s ]
INFO: [ app_end ] --START--
INFO: Run Behavior\ShowPageTraceBehavior [ RunTime:0.000000s ]
INFO: [ app_end ] --END-- [ RunTime:0.000000s ]

[ 2016-12-31T13:24:18+08:00 ] 127.0.0.1 /svntape/admin.php/Data/data.html
INFO: [ app_init ] --START--
INFO: Run Behavior\BuildLiteBehavior [ RunTime:0.000000s ]
INFO: [ app_init ] --END-- [ RunTime:0.001000s ]
INFO: [ app_begin ] --START--
INFO: Run Behavior\ReadHtmlCacheBehavior [ RunTime:0.001000s ]
INFO: [ app_begin ] --END-- [ RunTime:0.001000s ]
SQL: SHOW COLUMNS FROM `joung_view` [ RunTime:0.0040s ]
SQL: SELECT COUNT(*) AS tp_count FROM `joung_view` LIMIT 1   [ RunTime:0.0000s ]
SQL: SHOW COLUMNS FROM `joung_user` [ RunTime:0.0040s ]
SQL: SELECT COUNT(*) AS tp_count FROM `joung_user` LIMIT 1   [ RunTime:0.0000s ]
SQL: SHOW COLUMNS FROM `joung_content` [ RunTime:0.0040s ]
SQL: SELECT COUNT(*) AS tp_count FROM `joung_content` LIMIT 1   [ RunTime:0.0000s ]
INFO: [ view_parse ] --START--
INFO: [ template_filter ] --START--
INFO: Run Behavior\ContentReplaceBehavior [ RunTime:0.000000s ]
INFO: [ template_filter ] --END-- [ RunTime:0.000000s ]
INFO: Run Behavior\ParseTemplateBehavior [ RunTime:0.024002s ]
INFO: [ view_parse ] --END-- [ RunTime:0.024002s ]
INFO: [ view_filter ] --START--
INFO: Run Behavior\WriteHtmlCacheBehavior [ RunTime:0.000000s ]
INFO: [ view_filter ] --END-- [ RunTime:0.000000s ]
INFO: [ app_end ] --START--
INFO: Run Behavior\ShowPageTraceBehavior [ RunTime:0.000000s ]
INFO: [ app_end ] --END-- [ RunTime:0.000000s ]

[ 2016-12-31T13:32:42+08:00 ] 127.0.0.1 /svntape/admin.php/Data/data.html
INFO: [ app_init ] --START--
INFO: Run Behavior\BuildLiteBehavior [ RunTime:0.000000s ]
INFO: [ app_init ] --END-- [ RunTime:0.000000s ]
INFO: [ app_begin ] --START--
INFO: Run Behavior\ReadHtmlCacheBehavior [ RunTime:0.000000s ]
INFO: [ app_begin ] --END-- [ RunTime:0.000000s ]
SQL: SHOW COLUMNS FROM `joung_view` [ RunTime:0.0040s ]
SQL: SELECT COUNT(*) AS tp_count FROM `joung_view` LIMIT 1   [ RunTime:0.0000s ]
SQL: SHOW COLUMNS FROM `joung_user` [ RunTime:0.0040s ]
SQL: SELECT COUNT(*) AS tp_count FROM `joung_user` LIMIT 1   [ RunTime:0.0000s ]
SQL: SHOW COLUMNS FROM `joung_content` [ RunTime:0.0050s ]
SQL: SELECT COUNT(*) AS tp_count FROM `joung_content` LIMIT 1   [ RunTime:0.0000s ]
INFO: [ view_parse ] --START--
INFO: [ template_filter ] --START--
INFO: Run Behavior\ContentReplaceBehavior [ RunTime:0.000000s ]
INFO: [ template_filter ] --END-- [ RunTime:0.000000s ]
INFO: Run Behavior\ParseTemplateBehavior [ RunTime:0.022001s ]
INFO: [ view_parse ] --END-- [ RunTime:0.023001s ]
INFO: [ view_filter ] --START--
INFO: Run Behavior\WriteHtmlCacheBehavior [ RunTime:0.000000s ]
INFO: [ view_filter ] --END-- [ RunTime:0.000000s ]
INFO: [ app_end ] --START--
INFO: Run Behavior\ShowPageTraceBehavior [ RunTime:0.001000s ]
INFO: [ app_end ] --END-- [ RunTime:0.001000s ]

[ 2016-12-31T13:50:58+08:00 ] 127.0.0.1 /svntape/admin.php/Data/data.html
INFO: [ app_init ] --START--
INFO: Run Behavior\BuildLiteBehavior [ RunTime:0.000000s ]
INFO: [ app_init ] --END-- [ RunTime:0.000000s ]
INFO: [ app_begin ] --START--
INFO: Run Behavior\ReadHtmlCacheBehavior [ RunTime:0.000000s ]
INFO: [ app_begin ] --END-- [ RunTime:0.000000s ]
SQL: SHOW COLUMNS FROM `joung_view` [ RunTime:0.0050s ]
SQL: SELECT COUNT(*) AS tp_count FROM `joung_view` LIMIT 1   [ RunTime:0.0000s ]
SQL: SHOW COLUMNS FROM `joung_user` [ RunTime:0.0050s ]
SQL: SELECT COUNT(*) AS tp_count FROM `joung_user` LIMIT 1   [ RunTime:0.0010s ]
SQL: SHOW COLUMNS FROM `joung_content` [ RunTime:0.0040s ]
SQL: SELECT COUNT(*) AS tp_count FROM `joung_content` LIMIT 1   [ RunTime:0.0000s ]
SQL: SELECT COUNT(*) AS tp_count FROM `joung_view` LIMIT 1   [ RunTime:0.0000s ]
SQL: SELECT COUNT(*) AS tp_count FROM `joung_view` GROUP BY ip LIMIT 1   [ RunTime:0.0000s ]

[ 2016-12-31T13:51:45+08:00 ] 127.0.0.1 /svntape/admin.php/Data/data.html
INFO: [ app_init ] --START--
INFO: Run Behavior\BuildLiteBehavior [ RunTime:0.000000s ]
INFO: [ app_init ] --END-- [ RunTime:0.001000s ]
INFO: [ app_begin ] --START--
INFO: Run Behavior\ReadHtmlCacheBehavior [ RunTime:0.000000s ]
INFO: [ app_begin ] --END-- [ RunTime:0.000000s ]
SQL: SHOW COLUMNS FROM `joung_view` [ RunTime:0.0050s ]
SQL: SELECT COUNT(*) AS tp_count FROM `joung_view` LIMIT 1   [ RunTime:0.0000s ]
SQL: SHOW COLUMNS FROM `joung_user` [ RunTime:0.0050s ]
SQL: SELECT COUNT(*) AS tp_count FROM `joung_user` LIMIT 1   [ RunTime:0.0010s ]
SQL: SHOW COLUMNS FROM `joung_content` [ RunTime:0.0070s ]
SQL: SELECT COUNT(*) AS tp_count FROM `joung_content` LIMIT 1   [ RunTime:0.0000s ]
SQL: SELECT COUNT(*) AS tp_count FROM `joung_view` LIMIT 1   [ RunTime:0.0010s ]
SQL: SELECT DISTINCT  COUNT(*) AS tp_count FROM `joung_view` LIMIT 1   [ RunTime:0.0000s ]

[ 2016-12-31T13:52:23+08:00 ] 127.0.0.1 /svntape/admin.php/Data/data.html
INFO: [ app_init ] --START--
INFO: Run Behavior\BuildLiteBehavior [ RunTime:0.000000s ]
INFO: [ app_init ] --END-- [ RunTime:0.001000s ]
INFO: [ app_begin ] --START--
INFO: Run Behavior\ReadHtmlCacheBehavior [ RunTime:0.001000s ]
INFO: [ app_begin ] --END-- [ RunTime:0.001000s ]
SQL: SHOW COLUMNS FROM `joung_view` [ RunTime:0.0050s ]
SQL: SELECT COUNT(*) AS tp_count FROM `joung_view` LIMIT 1   [ RunTime:0.0000s ]
SQL: SHOW COLUMNS FROM `joung_user` [ RunTime:0.0050s ]
SQL: SELECT COUNT(*) AS tp_count FROM `joung_user` LIMIT 1   [ RunTime:0.0000s ]
SQL: SHOW COLUMNS FROM `joung_content` [ RunTime:0.0050s ]
SQL: SELECT COUNT(*) AS tp_count FROM `joung_content` LIMIT 1   [ RunTime:0.0010s ]
SQL: SELECT COUNT(*) AS tp_count FROM `joung_view` LIMIT 1   [ RunTime:0.0000s ]
SQL: SELECT COUNT(*) AS tp_count FROM `joung_view` GROUP BY ip LIMIT 1   [ RunTime:0.0010s ]

[ 2016-12-31T13:54:56+08:00 ] 127.0.0.1 /svntape/admin.php/Data/data.html
INFO: [ app_init ] --START--
INFO: Run Behavior\BuildLiteBehavior [ RunTime:0.000000s ]
INFO: [ app_init ] --END-- [ RunTime:0.001000s ]
INFO: [ app_begin ] --START--
INFO: Run Behavior\ReadHtmlCacheBehavior [ RunTime:0.001000s ]
INFO: [ app_begin ] --END-- [ RunTime:0.001000s ]
SQL: SHOW COLUMNS FROM `joung_view` [ RunTime:0.0050s ]
SQL: SELECT COUNT(*) AS tp_count FROM `joung_view` LIMIT 1   [ RunTime:0.0010s ]
SQL: SHOW COLUMNS FROM `joung_user` [ RunTime:0.0040s ]
SQL: SELECT COUNT(*) AS tp_count FROM `joung_user` LIMIT 1   [ RunTime:0.0010s ]
SQL: SHOW COLUMNS FROM `joung_content` [ RunTime:0.0050s ]
SQL: SELECT COUNT(*) AS tp_count FROM `joung_content` LIMIT 1   [ RunTime:0.0000s ]
SQL: SELECT COUNT(*) AS tp_count FROM `joung_view` LIMIT 1   [ RunTime:0.0010s ]
SQL: SELECT DISTINCT  COUNT(*) AS tp_count FROM `joung_view` LIMIT 1   [ RunTime:0.0000s ]

[ 2016-12-31T13:55:30+08:00 ] 127.0.0.1 /svntape/admin.php/Data/data.html
INFO: [ app_init ] --START--
INFO: Run Behavior\BuildLiteBehavior [ RunTime:0.000000s ]
INFO: [ app_init ] --END-- [ RunTime:0.000000s ]
INFO: [ app_begin ] --START--
INFO: Run Behavior\ReadHtmlCacheBehavior [ RunTime:0.000000s ]
INFO: [ app_begin ] --END-- [ RunTime:0.000000s ]
SQL: SHOW COLUMNS FROM `joung_view` [ RunTime:0.0060s ]
SQL: SELECT COUNT(*) AS tp_count FROM `joung_view` LIMIT 1   [ RunTime:0.0000s ]
SQL: SHOW COLUMNS FROM `joung_user` [ RunTime:0.0050s ]
SQL: SELECT COUNT(*) AS tp_count FROM `joung_user` LIMIT 1   [ RunTime:0.0000s ]
SQL: SHOW COLUMNS FROM `joung_content` [ RunTime:0.0030s ]
SQL: SELECT COUNT(*) AS tp_count FROM `joung_content` LIMIT 1   [ RunTime:0.0000s ]
SQL: SELECT COUNT(*) AS tp_count FROM `joung_view` LIMIT 1   [ RunTime:0.0000s ]
SQL: SELECT COUNT(DISTINCT ip) AS tp_count FROM `joung_view` LIMIT 1   [ RunTime:0.0010s ]

[ 2016-12-31T14:32:32+08:00 ] 127.0.0.1 /svntape/admin.php/Data/data.html
INFO: [ app_init ] --START--
INFO: Run Behavior\BuildLiteBehavior [ RunTime:0.000000s ]
INFO: [ app_init ] --END-- [ RunTime:0.000000s ]
INFO: [ app_begin ] --START--
INFO: Run Behavior\ReadHtmlCacheBehavior [ RunTime:0.001000s ]
INFO: [ app_begin ] --END-- [ RunTime:0.001000s ]
SQL: SHOW COLUMNS FROM `joung_view` [ RunTime:0.0040s ]
SQL: SELECT COUNT(*) AS tp_count FROM `joung_view` LIMIT 1   [ RunTime:0.0000s ]
SQL: SHOW COLUMNS FROM `joung_user` [ RunTime:0.0050s ]
SQL: SELECT COUNT(*) AS tp_count FROM `joung_user` LIMIT 1   [ RunTime:0.0000s ]
SQL: SHOW COLUMNS FROM `joung_content` [ RunTime:0.0040s ]
SQL: SELECT COUNT(*) AS tp_count FROM `joung_content` LIMIT 1   [ RunTime:0.0000s ]
SQL: SELECT COUNT(*) AS tp_count FROM `joung_view` LIMIT 1   [ RunTime:0.0000s ]
SQL: SELECT COUNT(DISTINCT ip) AS tp_count FROM `joung_view` LIMIT 1   [ RunTime:0.0010s ]

[ 2016-12-31T14:32:39+08:00 ] 127.0.0.1 /svntape/admin.php/Data/data.html
INFO: [ app_init ] --START--
INFO: Run Behavior\BuildLiteBehavior [ RunTime:0.000000s ]
INFO: [ app_init ] --END-- [ RunTime:0.000000s ]
INFO: [ app_begin ] --START--
INFO: Run Behavior\ReadHtmlCacheBehavior [ RunTime:0.001000s ]
INFO: [ app_begin ] --END-- [ RunTime:0.001000s ]
SQL: SHOW COLUMNS FROM `joung_view` [ RunTime:0.0040s ]
SQL: SELECT COUNT(*) AS tp_count FROM `joung_view` LIMIT 1   [ RunTime:0.0000s ]
SQL: SHOW COLUMNS FROM `joung_user` [ RunTime:0.0040s ]
SQL: SELECT COUNT(*) AS tp_count FROM `joung_user` LIMIT 1   [ RunTime:0.0000s ]
SQL: SHOW COLUMNS FROM `joung_content` [ RunTime:0.0050s ]
SQL: SELECT COUNT(*) AS tp_count FROM `joung_content` LIMIT 1   [ RunTime:0.0000s ]
SQL: SELECT COUNT(*) AS tp_count FROM `joung_view` LIMIT 1   [ RunTime:0.0000s ]
SQL: SELECT COUNT(DISTINCT ip) AS tp_count FROM `joung_view` LIMIT 1   [ RunTime:0.0010s ]

[ 2016-12-31T14:44:26+08:00 ] 127.0.0.1 /svntape/admin.php/Data/data.html
INFO: [ app_init ] --START--
INFO: Run Behavior\BuildLiteBehavior [ RunTime:0.000000s ]
INFO: [ app_init ] --END-- [ RunTime:0.000000s ]
INFO: [ app_begin ] --START--
INFO: Run Behavior\ReadHtmlCacheBehavior [ RunTime:0.000000s ]
INFO: [ app_begin ] --END-- [ RunTime:0.000000s ]
SQL: SHOW COLUMNS FROM `joung_view` [ RunTime:0.0050s ]
SQL: SELECT COUNT(*) AS tp_count FROM `joung_view` LIMIT 1   [ RunTime:0.0010s ]
SQL: SHOW COLUMNS FROM `joung_user` [ RunTime:0.0040s ]
SQL: SELECT COUNT(*) AS tp_count FROM `joung_user` LIMIT 1   [ RunTime:0.0010s ]
SQL: SHOW COLUMNS FROM `joung_content` [ RunTime:0.0050s ]
SQL: SELECT COUNT(*) AS tp_count FROM `joung_content` LIMIT 1   [ RunTime:0.0000s ]
SQL: SELECT COUNT(*) AS tp_count FROM `joung_view` LIMIT 1   [ RunTime:0.0000s ]
SQL: SELECT COUNT(DISTINCT ip) AS tp_count FROM `joung_view` LIMIT 1   [ RunTime:0.0000s ]

[ 2016-12-31T14:47:33+08:00 ] 127.0.0.1 /svntape/admin.php/Data/data.html
INFO: [ app_init ] --START--
INFO: Run Behavior\BuildLiteBehavior [ RunTime:0.000000s ]
INFO: [ app_init ] --END-- [ RunTime:0.000000s ]
INFO: [ app_begin ] --START--
INFO: Run Behavior\ReadHtmlCacheBehavior [ RunTime:0.001000s ]
INFO: [ app_begin ] --END-- [ RunTime:0.001000s ]
ERR: SQLSTATE[42S02]: Base table or view not found: 1146 Table 'joungpig.joung_view' doesn't exist

[ 2016-12-31T14:48:07+08:00 ] 127.0.0.1 /svntape/admin.php/Data/data.html
INFO: [ app_init ] --START--
INFO: Run Behavior\BuildLiteBehavior [ RunTime:0.000000s ]
INFO: [ app_init ] --END-- [ RunTime:0.000000s ]
INFO: [ app_begin ] --START--
INFO: Run Behavior\ReadHtmlCacheBehavior [ RunTime:0.000000s ]
INFO: [ app_begin ] --END-- [ RunTime:0.000000s ]
SQL: SHOW COLUMNS FROM `joung_view` [ RunTime:0.0080s ]
SQL: SELECT COUNT(*) AS tp_count FROM `joung_view` LIMIT 1   [ RunTime:0.0000s ]
SQL: SHOW COLUMNS FROM `joung_user` [ RunTime:0.0080s ]
SQL: SELECT COUNT(*) AS tp_count FROM `joung_user` LIMIT 1   [ RunTime:0.0000s ]
SQL: SHOW COLUMNS FROM `joung_content` [ RunTime:0.0050s ]
SQL: SELECT COUNT(*) AS tp_count FROM `joung_content` LIMIT 1   [ RunTime:0.0000s ]
SQL: SELECT COUNT(*) AS tp_count FROM `joung_view` LIMIT 1   [ RunTime:0.0000s ]
SQL: SELECT COUNT(DISTINCT ip) AS tp_count FROM `joung_view` LIMIT 1   [ RunTime:0.0000s ]
INFO: [ view_parse ] --START--
INFO: [ template_filter ] --START--
INFO: Run Behavior\ContentReplaceBehavior [ RunTime:0.000000s ]
INFO: [ template_filter ] --END-- [ RunTime:0.001000s ]
INFO: Run Behavior\ParseTemplateBehavior [ RunTime:0.025002s ]
INFO: [ view_parse ] --END-- [ RunTime:0.025002s ]
INFO: [ view_filter ] --START--
INFO: Run Behavior\WriteHtmlCacheBehavior [ RunTime:0.000000s ]
INFO: [ view_filter ] --END-- [ RunTime:0.000000s ]
INFO: [ app_end ] --START--
INFO: Run Behavior\ShowPageTraceBehavior [ RunTime:0.001000s ]
INFO: [ app_end ] --END-- [ RunTime:0.001000s ]

[ 2016-12-31T14:51:12+08:00 ] 127.0.0.1 /svntape/admin.php/Data/data.html
INFO: [ app_init ] --START--
INFO: Run Behavior\BuildLiteBehavior [ RunTime:0.000000s ]
INFO: [ app_init ] --END-- [ RunTime:0.001000s ]
INFO: [ app_begin ] --START--
INFO: Run Behavior\ReadHtmlCacheBehavior [ RunTime:0.001000s ]
INFO: [ app_begin ] --END-- [ RunTime:0.001000s ]
SQL: SHOW COLUMNS FROM `joung_view` [ RunTime:0.0050s ]
SQL: SELECT COUNT(*) AS tp_count FROM `joung_view` LIMIT 1   [ RunTime:0.0010s ]
SQL: SHOW COLUMNS FROM `joung_user` [ RunTime:0.0040s ]
SQL: SELECT COUNT(*) AS tp_count FROM `joung_user` LIMIT 1   [ RunTime:0.0000s ]
SQL: SHOW COLUMNS FROM `joung_content` [ RunTime:0.0060s ]
SQL: SELECT COUNT(*) AS tp_count FROM `joung_content` LIMIT 1   [ RunTime:0.0000s ]
SQL: SELECT COUNT(*) AS tp_count FROM `joung_view` LIMIT 1   [ RunTime:0.0000s ]
SQL: SELECT COUNT(DISTINCT ip) AS tp_count FROM `joung_view` LIMIT 1   [ RunTime:0.0010s ]
SQL: SELECT COUNT(*) AS tp_count FROM `joung_view` WHERE `date` BETWEEN null AND null LIMIT 1   [ RunTime:0.0000s ]

[ 2016-12-31T14:51:28+08:00 ] 127.0.0.1 /svntape/admin.php/Data/data.html
INFO: [ app_init ] --START--
INFO: Run Behavior\BuildLiteBehavior [ RunTime:0.000000s ]
INFO: [ app_init ] --END-- [ RunTime:0.001000s ]
INFO: [ app_begin ] --START--
INFO: Run Behavior\ReadHtmlCacheBehavior [ RunTime:0.000000s ]
INFO: [ app_begin ] --END-- [ RunTime:0.000000s ]
SQL: SHOW COLUMNS FROM `joung_view` [ RunTime:0.0050s ]
SQL: SELECT COUNT(*) AS tp_count FROM `joung_view` LIMIT 1   [ RunTime:0.0010s ]
SQL: SHOW COLUMNS FROM `joung_user` [ RunTime:0.0040s ]
SQL: SELECT COUNT(*) AS tp_count FROM `joung_user` LIMIT 1   [ RunTime:0.0010s ]
SQL: SHOW COLUMNS FROM `joung_content` [ RunTime:0.0050s ]
SQL: SELECT COUNT(*) AS tp_count FROM `joung_content` LIMIT 1   [ RunTime:0.0000s ]
SQL: SELECT COUNT(*) AS tp_count FROM `joung_view` LIMIT 1   [ RunTime:0.0000s ]
SQL: SELECT COUNT(DISTINCT ip) AS tp_count FROM `joung_view` LIMIT 1   [ RunTime:0.0010s ]
SQL: SELECT COUNT(*) AS tp_count FROM `joung_view` WHERE `date` BETWEEN null AND null LIMIT 1   [ RunTime:0.0000s ]

[ 2016-12-31T14:53:31+08:00 ] 127.0.0.1 /svntape/admin.php/Data/data.html
INFO: [ app_init ] --START--
INFO: Run Behavior\BuildLiteBehavior [ RunTime:0.000000s ]
INFO: [ app_init ] --END-- [ RunTime:0.000000s ]
INFO: [ app_begin ] --START--
INFO: Run Behavior\ReadHtmlCacheBehavior [ RunTime:0.001000s ]
INFO: [ app_begin ] --END-- [ RunTime:0.001000s ]
SQL: SHOW COLUMNS FROM `joung_view` [ RunTime:0.0050s ]
SQL: SELECT COUNT(*) AS tp_count FROM `joung_view` LIMIT 1   [ RunTime:0.0000s ]
SQL: SHOW COLUMNS FROM `joung_user` [ RunTime:0.0040s ]
SQL: SELECT COUNT(*) AS tp_count FROM `joung_user` LIMIT 1   [ RunTime:0.0000s ]
SQL: SHOW COLUMNS FROM `joung_content` [ RunTime:0.0050s ]
SQL: SELECT COUNT(*) AS tp_count FROM `joung_content` LIMIT 1   [ RunTime:0.0010s ]
SQL: SELECT COUNT(*) AS tp_count FROM `joung_view` LIMIT 1   [ RunTime:0.0000s ]
SQL: SELECT COUNT(DISTINCT ip) AS tp_count FROM `joung_view` LIMIT 1   [ RunTime:0.0010s ]
SQL: SELECT COUNT(*) AS tp_count FROM `joung_view` WHERE `date` BETWEEN null AND null LIMIT 1   [ RunTime:0.0000s ]

[ 2016-12-31T14:53:49+08:00 ] 127.0.0.1 /svntape/admin.php/Data/data.html
INFO: [ app_init ] --START--
INFO: Run Behavior\BuildLiteBehavior [ RunTime:0.000000s ]
INFO: [ app_init ] --END-- [ RunTime:0.001000s ]
INFO: [ app_begin ] --START--
INFO: Run Behavior\ReadHtmlCacheBehavior [ RunTime:0.000000s ]
INFO: [ app_begin ] --END-- [ RunTime:0.000000s ]
SQL: SHOW COLUMNS FROM `joung_view` [ RunTime:0.0050s ]
SQL: SELECT COUNT(*) AS tp_count FROM `joung_view` LIMIT 1   [ RunTime:0.0000s ]
SQL: SHOW COLUMNS FROM `joung_user` [ RunTime:0.0040s ]
SQL: SELECT COUNT(*) AS tp_count FROM `joung_user` LIMIT 1   [ RunTime:0.0000s ]
SQL: SHOW COLUMNS FROM `joung_content` [ RunTime:0.0060s ]
SQL: SELECT COUNT(*) AS tp_count FROM `joung_content` LIMIT 1   [ RunTime:0.0000s ]
SQL: SELECT COUNT(*) AS tp_count FROM `joung_view` LIMIT 1   [ RunTime:0.0010s ]
SQL: SELECT COUNT(DISTINCT ip) AS tp_count FROM `joung_view` LIMIT 1   [ RunTime:0.0000s ]
SQL: SELECT COUNT(*) AS tp_count FROM `joung_view` WHERE `date` BETWEEN null AND null LIMIT 1   [ RunTime:0.0010s ]

[ 2016-12-31T14:53:57+08:00 ] 127.0.0.1 /svntape/admin.php/Data/data.html
INFO: [ app_init ] --START--
INFO: Run Behavior\BuildLiteBehavior [ RunTime:0.000000s ]
INFO: [ app_init ] --END-- [ RunTime:0.000000s ]
INFO: [ app_begin ] --START--
INFO: Run Behavior\ReadHtmlCacheBehavior [ RunTime:0.001000s ]
INFO: [ app_begin ] --END-- [ RunTime:0.001000s ]
SQL: SHOW COLUMNS FROM `joung_view` [ RunTime:0.0050s ]
SQL: SELECT COUNT(*) AS tp_count FROM `joung_view` LIMIT 1   [ RunTime:0.0000s ]
SQL: SHOW COLUMNS FROM `joung_user` [ RunTime:0.0040s ]
SQL: SELECT COUNT(*) AS tp_count FROM `joung_user` LIMIT 1   [ RunTime:0.0000s ]
SQL: SHOW COLUMNS FROM `joung_content` [ RunTime:0.0050s ]
SQL: SELECT COUNT(*) AS tp_count FROM `joung_content` LIMIT 1   [ RunTime:0.0000s ]
SQL: SELECT COUNT(*) AS tp_count FROM `joung_view` LIMIT 1   [ RunTime:0.0000s ]
SQL: SELECT COUNT(DISTINCT ip) AS tp_count FROM `joung_view` LIMIT 1   [ RunTime:0.0010s ]
SQL: SELECT COUNT(*) AS tp_count FROM `joung_view` WHERE `date` BETWEEN null AND null LIMIT 1   [ RunTime:0.0000s ]

[ 2016-12-31T14:54:11+08:00 ] 127.0.0.1 /svntape/admin.php/Data/data.html
INFO: [ app_init ] --START--
INFO: Run Behavior\BuildLiteBehavior [ RunTime:0.000000s ]
INFO: [ app_init ] --END-- [ RunTime:0.000000s ]
INFO: [ app_begin ] --START--
INFO: Run Behavior\ReadHtmlCacheBehavior [ RunTime:0.001000s ]
INFO: [ app_begin ] --END-- [ RunTime:0.001000s ]
SQL: SHOW COLUMNS FROM `joung_view` [ RunTime:0.0050s ]
SQL: SELECT COUNT(*) AS tp_count FROM `joung_view` LIMIT 1   [ RunTime:0.0010s ]
SQL: SHOW COLUMNS FROM `joung_user` [ RunTime:0.0040s ]
SQL: SELECT COUNT(*) AS tp_count FROM `joung_user` LIMIT 1   [ RunTime:0.0000s ]
SQL: SHOW COLUMNS FROM `joung_content` [ RunTime:0.0050s ]
SQL: SELECT COUNT(*) AS tp_count FROM `joung_content` LIMIT 1   [ RunTime:0.0000s ]
SQL: SELECT COUNT(*) AS tp_count FROM `joung_view` LIMIT 1   [ RunTime:0.0010s ]
SQL: SELECT COUNT(DISTINCT ip) AS tp_count FROM `joung_view` LIMIT 1   [ RunTime:0.0000s ]
SQL: SELECT COUNT(*) AS tp_count FROM `joung_view` WHERE `date` BETWEEN null AND null LIMIT 1   [ RunTime:0.0010s ]

[ 2016-12-31T14:56:38+08:00 ] 127.0.0.1 /svntape/admin.php/Data/data.html
INFO: [ app_init ] --START--
INFO: Run Behavior\BuildLiteBehavior [ RunTime:0.000000s ]
INFO: [ app_init ] --END-- [ RunTime:0.001000s ]
INFO: [ app_begin ] --START--
INFO: Run Behavior\ReadHtmlCacheBehavior [ RunTime:0.000000s ]
INFO: [ app_begin ] --END-- [ RunTime:0.000000s ]
SQL: SHOW COLUMNS FROM `joung_view` [ RunTime:0.0040s ]
SQL: SELECT COUNT(*) AS tp_count FROM `joung_view` LIMIT 1   [ RunTime:0.0000s ]
SQL: SHOW COLUMNS FROM `joung_user` [ RunTime:0.0050s ]
SQL: SELECT COUNT(*) AS tp_count FROM `joung_user` LIMIT 1   [ RunTime:0.0000s ]
SQL: SHOW COLUMNS FROM `joung_content` [ RunTime:0.0050s ]
SQL: SELECT COUNT(*) AS tp_count FROM `joung_content` LIMIT 1   [ RunTime:0.0000s ]
SQL: SELECT COUNT(*) AS tp_count FROM `joung_view` LIMIT 1   [ RunTime:0.0010s ]
SQL: SELECT COUNT(DISTINCT ip) AS tp_count FROM `joung_view` LIMIT 1   [ RunTime:0.0000s ]
SQL: SELECT COUNT(*) AS tp_count FROM `joung_view` WHERE `date` BETWEEN 1483113600 AND 1483200000 LIMIT 1   [ RunTime:0.0010s ]

[ 2016-12-31T14:56:47+08:00 ] 127.0.0.1 /svntape/admin.php/Data/data.html
INFO: [ app_init ] --START--
INFO: Run Behavior\BuildLiteBehavior [ RunTime:0.000000s ]
INFO: [ app_init ] --END-- [ RunTime:0.001000s ]
INFO: [ app_begin ] --START--
INFO: Run Behavior\ReadHtmlCacheBehavior [ RunTime:0.000000s ]
INFO: [ app_begin ] --END-- [ RunTime:0.000000s ]
SQL: SHOW COLUMNS FROM `joung_view` [ RunTime:0.0050s ]
SQL: SELECT COUNT(*) AS tp_count FROM `joung_view` LIMIT 1   [ RunTime:0.0000s ]
SQL: SHOW COLUMNS FROM `joung_user` [ RunTime:0.0050s ]
SQL: SELECT COUNT(*) AS tp_count FROM `joung_user` LIMIT 1   [ RunTime:0.0000s ]
SQL: SHOW COLUMNS FROM `joung_content` [ RunTime:0.0050s ]
SQL: SELECT COUNT(*) AS tp_count FROM `joung_content` LIMIT 1   [ RunTime:0.0000s ]
SQL: SELECT COUNT(*) AS tp_count FROM `joung_view` LIMIT 1   [ RunTime:0.0000s ]
SQL: SELECT COUNT(DISTINCT ip) AS tp_count FROM `joung_view` LIMIT 1   [ RunTime:0.0000s ]
SQL: SELECT COUNT(*) AS tp_count FROM `joung_view` WHERE `date` BETWEEN 1483113600 AND 1483200000 LIMIT 1   [ RunTime:0.0010s ]

[ 2016-12-31T15:11:50+08:00 ] 127.0.0.1 /svntape/admin.php/Data/data.html
INFO: [ app_init ] --START--
INFO: Run Behavior\BuildLiteBehavior [ RunTime:0.000000s ]
INFO: [ app_init ] --END-- [ RunTime:0.001000s ]
INFO: [ app_begin ] --START--
INFO: Run Behavior\ReadHtmlCacheBehavior [ RunTime:0.001000s ]
INFO: [ app_begin ] --END-- [ RunTime:0.001000s ]
SQL: SHOW COLUMNS FROM `joung_view` [ RunTime:0.0040s ]
SQL: SELECT COUNT(*) AS tp_count FROM `joung_view` LIMIT 1   [ RunTime:0.0000s ]
SQL: SHOW COLUMNS FROM `joung_user` [ RunTime:0.0040s ]
SQL: SELECT COUNT(*) AS tp_count FROM `joung_user` LIMIT 1   [ RunTime:0.0010s ]
SQL: SHOW COLUMNS FROM `joung_content` [ RunTime:0.0040s ]
SQL: SELECT COUNT(*) AS tp_count FROM `joung_content` LIMIT 1   [ RunTime:0.0000s ]
SQL: SELECT COUNT(*) AS tp_count FROM `joung_view` LIMIT 1   [ RunTime:0.0000s ]
SQL: SELECT COUNT(DISTINCT ip) AS tp_count FROM `joung_view` LIMIT 1   [ RunTime:0.0010s ]
SQL: SELECT COUNT(*) AS tp_count FROM `joung_view` WHERE `date` BETWEEN 1483113600 AND 1483200000 LIMIT 1   [ RunTime:0.0000s ]
SQL: SELECT * FROM `joung_view` ORDER BY id DESC LIMIT 0,5   [ RunTime:0.0000s ]
INFO: [ view_parse ] --START--
INFO: [ template_filter ] --START--
INFO: Run Behavior\ContentReplaceBehavior [ RunTime:0.000000s ]
INFO: [ template_filter ] --END-- [ RunTime:0.001000s ]
INFO: Run Behavior\ParseTemplateBehavior [ RunTime:0.024001s ]
INFO: [ view_parse ] --END-- [ RunTime:0.024001s ]
INFO: [ view_filter ] --START--
INFO: Run Behavior\WriteHtmlCacheBehavior [ RunTime:0.001000s ]
INFO: [ view_filter ] --END-- [ RunTime:0.001000s ]
INFO: [ app_end ] --START--
INFO: Run Behavior\ShowPageTraceBehavior [ RunTime:0.001000s ]
INFO: [ app_end ] --END-- [ RunTime:0.001000s ]

[ 2016-12-31T15:12:04+08:00 ] 127.0.0.1 /svntape/admin.php/Data/data.html
INFO: [ app_init ] --START--
INFO: Run Behavior\BuildLiteBehavior [ RunTime:0.000000s ]
INFO: [ app_init ] --END-- [ RunTime:0.001000s ]
INFO: [ app_begin ] --START--
INFO: Run Behavior\ReadHtmlCacheBehavior [ RunTime:0.000000s ]
INFO: [ app_begin ] --END-- [ RunTime:0.000000s ]
SQL: SHOW COLUMNS FROM `joung_view` [ RunTime:0.0040s ]
SQL: SELECT COUNT(*) AS tp_count FROM `joung_view` LIMIT 1   [ RunTime:0.0010s ]
SQL: SHOW COLUMNS FROM `joung_user` [ RunTime:0.0040s ]
SQL: SELECT COUNT(*) AS tp_count FROM `joung_user` LIMIT 1   [ RunTime:0.0000s ]
SQL: SHOW COLUMNS FROM `joung_content` [ RunTime:0.0040s ]
SQL: SELECT COUNT(*) AS tp_count FROM `joung_content` LIMIT 1   [ RunTime:0.0000s ]
SQL: SELECT COUNT(*) AS tp_count FROM `joung_view` LIMIT 1   [ RunTime:0.0010s ]
SQL: SELECT COUNT(DISTINCT ip) AS tp_count FROM `joung_view` LIMIT 1   [ RunTime:0.0000s ]
SQL: SELECT COUNT(*) AS tp_count FROM `joung_view` WHERE `date` BETWEEN 1483113600 AND 1483200000 LIMIT 1   [ RunTime:0.0000s ]
SQL: SELECT * FROM `joung_view` ORDER BY id DESC LIMIT 0,5   [ RunTime:0.0000s ]
INFO: [ view_parse ] --START--
INFO: [ template_filter ] --START--
INFO: Run Behavior\ContentReplaceBehavior [ RunTime:0.000000s ]
INFO: [ template_filter ] --END-- [ RunTime:0.000000s ]
INFO: Run Behavior\ParseTemplateBehavior [ RunTime:0.013001s ]
INFO: [ view_parse ] --END-- [ RunTime:0.013001s ]
INFO: [ view_filter ] --START--
INFO: Run Behavior\WriteHtmlCacheBehavior [ RunTime:0.000000s ]
INFO: [ view_filter ] --END-- [ RunTime:0.000000s ]
INFO: [ app_end ] --START--
INFO: Run Behavior\ShowPageTraceBehavior [ RunTime:0.001000s ]
INFO: [ app_end ] --END-- [ RunTime:0.001000s ]

[ 2016-12-31T15:12:15+08:00 ] 127.0.0.1 /svntape/admin.php/Data/data.html
INFO: [ app_init ] --START--
INFO: Run Behavior\BuildLiteBehavior [ RunTime:0.000000s ]
INFO: [ app_init ] --END-- [ RunTime:0.001000s ]
INFO: [ app_begin ] --START--
INFO: Run Behavior\ReadHtmlCacheBehavior [ RunTime:0.001000s ]
INFO: [ app_begin ] --END-- [ RunTime:0.001000s ]
SQL: SHOW COLUMNS FROM `joung_view` [ RunTime:0.0080s ]
SQL: SELECT COUNT(*) AS tp_count FROM `joung_view` LIMIT 1   [ RunTime:0.0000s ]
SQL: SHOW COLUMNS FROM `joung_user` [ RunTime:0.0090s ]
SQL: SELECT COUNT(*) AS tp_count FROM `joung_user` LIMIT 1   [ RunTime:0.0010s ]
SQL: SHOW COLUMNS FROM `joung_content` [ RunTime:0.0050s ]
SQL: SELECT COUNT(*) AS tp_count FROM `joung_content` LIMIT 1   [ RunTime:0.0010s ]
SQL: SELECT COUNT(*) AS tp_count FROM `joung_view` LIMIT 1   [ RunTime:0.0000s ]
SQL: SELECT COUNT(DISTINCT ip) AS tp_count FROM `joung_view` LIMIT 1   [ RunTime:0.0010s ]
SQL: SELECT COUNT(*) AS tp_count FROM `joung_view` WHERE `date` BETWEEN 1483113600 AND 1483200000 LIMIT 1   [ RunTime:0.0000s ]
SQL: SELECT * FROM `joung_view` ORDER BY id DESC LIMIT 0,5   [ RunTime:0.0010s ]
INFO: [ view_parse ] --START--
INFO: [ template_filter ] --START--
INFO: Run Behavior\ContentReplaceBehavior [ RunTime:0.000000s ]
INFO: [ template_filter ] --END-- [ RunTime:0.000000s ]
INFO: Run Behavior\ParseTemplateBehavior [ RunTime:0.016001s ]
INFO: [ view_parse ] --END-- [ RunTime:0.016001s ]
INFO: [ view_filter ] --START--
INFO: Run Behavior\WriteHtmlCacheBehavior [ RunTime:0.000000s ]
INFO: [ view_filter ] --END-- [ RunTime:0.000000s ]
INFO: [ app_end ] --START--
INFO: Run Behavior\ShowPageTraceBehavior [ RunTime:0.000000s ]
INFO: [ app_end ] --END-- [ RunTime:0.001000s ]

[ 2016-12-31T15:12:23+08:00 ] 127.0.0.1 /svntape/admin.php/Data/data.html
INFO: [ app_init ] --START--
INFO: Run Behavior\BuildLiteBehavior [ RunTime:0.000000s ]
INFO: [ app_init ] --END-- [ RunTime:0.000000s ]
INFO: [ app_begin ] --START--
INFO: Run Behavior\ReadHtmlCacheBehavior [ RunTime:0.000000s ]
INFO: [ app_begin ] --END-- [ RunTime:0.001000s ]
SQL: SHOW COLUMNS FROM `joung_view` [ RunTime:0.0040s ]
SQL: SELECT COUNT(*) AS tp_count FROM `joung_view` LIMIT 1   [ RunTime:0.0000s ]
SQL: SHOW COLUMNS FROM `joung_user` [ RunTime:0.0040s ]
SQL: SELECT COUNT(*) AS tp_count FROM `joung_user` LIMIT 1   [ RunTime:0.0000s ]
SQL: SHOW COLUMNS FROM `joung_content` [ RunTime:0.0050s ]
SQL: SELECT COUNT(*) AS tp_count FROM `joung_content` LIMIT 1   [ RunTime:0.0010s ]
SQL: SELECT COUNT(*) AS tp_count FROM `joung_view` LIMIT 1   [ RunTime:0.0000s ]
SQL: SELECT COUNT(DISTINCT ip) AS tp_count FROM `joung_view` LIMIT 1   [ RunTime:0.0000s ]
SQL: SELECT COUNT(*) AS tp_count FROM `joung_view` WHERE `date` BETWEEN 1483113600 AND 1483200000 LIMIT 1   [ RunTime:0.0000s ]
SQL: SELECT * FROM `joung_view` ORDER BY id DESC LIMIT 0,5   [ RunTime:0.0010s ]
INFO: [ view_parse ] --START--
INFO: [ template_filter ] --START--
INFO: Run Behavior\ContentReplaceBehavior [ RunTime:0.001000s ]
INFO: [ template_filter ] --END-- [ RunTime:0.001000s ]
INFO: Run Behavior\ParseTemplateBehavior [ RunTime:0.013001s ]
INFO: [ view_parse ] --END-- [ RunTime:0.013001s ]
INFO: [ view_filter ] --START--
INFO: Run Behavior\WriteHtmlCacheBehavior [ RunTime:0.000000s ]
INFO: [ view_filter ] --END-- [ RunTime:0.000000s ]
INFO: [ app_end ] --START--
INFO: Run Behavior\ShowPageTraceBehavior [ RunTime:0.000000s ]
INFO: [ app_end ] --END-- [ RunTime:0.000000s ]

[ 2016-12-31T15:18:23+08:00 ] 127.0.0.1 /svntape/admin.php/Data/data.html
INFO: [ app_init ] --START--
INFO: Run Behavior\BuildLiteBehavior [ RunTime:0.000000s ]
INFO: [ app_init ] --END-- [ RunTime:0.001000s ]
INFO: [ app_begin ] --START--
INFO: Run Behavior\ReadHtmlCacheBehavior [ RunTime:0.001000s ]
INFO: [ app_begin ] --END-- [ RunTime:0.001000s ]
SQL: SHOW COLUMNS FROM `joung_view` [ RunTime:0.0030s ]
SQL: SELECT COUNT(*) AS tp_count FROM `joung_view` LIMIT 1   [ RunTime:0.0000s ]
SQL: SHOW COLUMNS FROM `joung_user` [ RunTime:0.0030s ]
SQL: SELECT COUNT(*) AS tp_count FROM `joung_user` LIMIT 1   [ RunTime:0.0010s ]
SQL: SHOW COLUMNS FROM `joung_content` [ RunTime:0.0040s ]
SQL: SELECT COUNT(*) AS tp_count FROM `joung_content` LIMIT 1   [ RunTime:0.0000s ]
SQL: SELECT COUNT(*) AS tp_count FROM `joung_view` LIMIT 1   [ RunTime:0.0010s ]
SQL: SELECT COUNT(DISTINCT ip) AS tp_count FROM `joung_view` LIMIT 1   [ RunTime:0.0000s ]
SQL: SELECT COUNT(*) AS tp_count FROM `joung_view` WHERE `date` BETWEEN 1483113600 AND 1483200000 LIMIT 1   [ RunTime:0.0000s ]
SQL: SELECT * FROM `joung_view` ORDER BY id DESC LIMIT 0,5   [ RunTime:0.0000s ]
INFO: [ view_parse ] --START--
INFO: [ template_filter ] --START--
INFO: Run Behavior\ContentReplaceBehavior [ RunTime:0.000000s ]
INFO: [ template_filter ] --END-- [ RunTime:0.000000s ]

[ 2016-12-31T15:18:52+08:00 ] 127.0.0.1 /svntape/admin.php/Data/data.html
INFO: [ app_init ] --START--
INFO: Run Behavior\BuildLiteBehavior [ RunTime:0.000000s ]
INFO: [ app_init ] --END-- [ RunTime:0.001000s ]
INFO: [ app_begin ] --START--
INFO: Run Behavior\ReadHtmlCacheBehavior [ RunTime:0.001000s ]
INFO: [ app_begin ] --END-- [ RunTime:0.001000s ]
SQL: SHOW COLUMNS FROM `joung_view` [ RunTime:0.0080s ]
SQL: SELECT COUNT(*) AS tp_count FROM `joung_view` LIMIT 1   [ RunTime:0.0000s ]
SQL: SHOW COLUMNS FROM `joung_user` [ RunTime:0.0070s ]
SQL: SELECT COUNT(*) AS tp_count FROM `joung_user` LIMIT 1   [ RunTime:0.0000s ]
SQL: SHOW COLUMNS FROM `joung_content` [ RunTime:0.0060s ]
SQL: SELECT COUNT(*) AS tp_count FROM `joung_content` LIMIT 1   [ RunTime:0.0010s ]
SQL: SELECT COUNT(*) AS tp_count FROM `joung_view` LIMIT 1   [ RunTime:0.0000s ]
SQL: SELECT COUNT(DISTINCT ip) AS tp_count FROM `joung_view` LIMIT 1   [ RunTime:0.0010s ]
SQL: SELECT COUNT(*) AS tp_count FROM `joung_view` WHERE `date` BETWEEN 1483113600 AND 1483200000 LIMIT 1   [ RunTime:0.0000s ]
SQL: SELECT * FROM `joung_view` ORDER BY id DESC LIMIT 0,5   [ RunTime:0.0000s ]
INFO: [ view_parse ] --START--
INFO: [ template_filter ] --START--
INFO: Run Behavior\ContentReplaceBehavior [ RunTime:0.000000s ]
INFO: [ template_filter ] --END-- [ RunTime:0.000000s ]
INFO: Run Behavior\ParseTemplateBehavior [ RunTime:0.014001s ]
INFO: [ view_parse ] --END-- [ RunTime:0.014001s ]
INFO: [ view_filter ] --START--
INFO: Run Behavior\WriteHtmlCacheBehavior [ RunTime:0.001000s ]
INFO: [ view_filter ] --END-- [ RunTime:0.001000s ]
INFO: [ app_end ] --START--
INFO: Run Behavior\ShowPageTraceBehavior [ RunTime:0.001000s ]
INFO: [ app_end ] --END-- [ RunTime:0.001000s ]

[ 2016-12-31T15:20:14+08:00 ] 127.0.0.1 /svntape/admin.php/Data/data.html
INFO: [ app_init ] --START--
INFO: Run Behavior\BuildLiteBehavior [ RunTime:0.000000s ]
INFO: [ app_init ] --END-- [ RunTime:0.000000s ]
INFO: [ app_begin ] --START--
INFO: Run Behavior\ReadHtmlCacheBehavior [ RunTime:0.000000s ]
INFO: [ app_begin ] --END-- [ RunTime:0.000000s ]
SQL: SHOW COLUMNS FROM `joung_view` [ RunTime:0.0070s ]
SQL: SELECT COUNT(*) AS tp_count FROM `joung_view` LIMIT 1   [ RunTime:0.0010s ]
SQL: SHOW COLUMNS FROM `joung_user` [ RunTime:0.0070s ]
SQL: SELECT COUNT(*) AS tp_count FROM `joung_user` LIMIT 1   [ RunTime:0.0010s ]
SQL: SHOW COLUMNS FROM `joung_content` [ RunTime:0.0040s ]
SQL: SELECT COUNT(*) AS tp_count FROM `joung_content` LIMIT 1   [ RunTime:0.0000s ]
SQL: SELECT COUNT(*) AS tp_count FROM `joung_view` LIMIT 1   [ RunTime:0.0000s ]
SQL: SELECT COUNT(DISTINCT ip) AS tp_count FROM `joung_view` LIMIT 1   [ RunTime:0.0000s ]
SQL: SELECT COUNT(*) AS tp_count FROM `joung_view` WHERE `date` BETWEEN 1483113600 AND 1483200000 LIMIT 1   [ RunTime:0.0010s ]
SQL: SELECT * FROM `joung_view` ORDER BY id DESC LIMIT 0,5   [ RunTime:0.0010s ]
INFO: [ view_parse ] --START--
INFO: [ template_filter ] --START--
INFO: Run Behavior\ContentReplaceBehavior [ RunTime:0.000000s ]
INFO: [ template_filter ] --END-- [ RunTime:0.000000s ]
INFO: Run Behavior\ParseTemplateBehavior [ RunTime:0.014001s ]
INFO: [ view_parse ] --END-- [ RunTime:0.014001s ]
INFO: [ view_filter ] --START--
INFO: Run Behavior\WriteHtmlCacheBehavior [ RunTime:0.000000s ]
INFO: [ view_filter ] --END-- [ RunTime:0.000000s ]
INFO: [ app_end ] --START--
INFO: Run Behavior\ShowPageTraceBehavior [ RunTime:0.000000s ]
INFO: [ app_end ] --END-- [ RunTime:0.000000s ]

[ 2016-12-31T15:21:26+08:00 ] 127.0.0.1 /svntape/admin.php/Data/data.html
INFO: [ app_init ] --START--
INFO: Run Behavior\BuildLiteBehavior [ RunTime:0.000000s ]
INFO: [ app_init ] --END-- [ RunTime:0.000000s ]
INFO: [ app_begin ] --START--
INFO: Run Behavior\ReadHtmlCacheBehavior [ RunTime:0.001000s ]
INFO: [ app_begin ] --END-- [ RunTime:0.001000s ]
SQL: SHOW COLUMNS FROM `joung_view` [ RunTime:0.0050s ]
SQL: SELECT COUNT(*) AS tp_count FROM `joung_view` LIMIT 1   [ RunTime:0.0000s ]
SQL: SHOW COLUMNS FROM `joung_user` [ RunTime:0.0050s ]
SQL: SELECT COUNT(*) AS tp_count FROM `joung_user` LIMIT 1   [ RunTime:0.0000s ]
SQL: SHOW COLUMNS FROM `joung_content` [ RunTime:0.0050s ]
SQL: SELECT COUNT(*) AS tp_count FROM `joung_content` LIMIT 1   [ RunTime:0.0000s ]
SQL: SELECT COUNT(*) AS tp_count FROM `joung_view` LIMIT 1   [ RunTime:0.0000s ]
SQL: SELECT COUNT(DISTINCT ip) AS tp_count FROM `joung_view` LIMIT 1   [ RunTime:0.0000s ]
SQL: SELECT COUNT(*) AS tp_count FROM `joung_view` WHERE `date` BETWEEN 1483113600 AND 1483200000 LIMIT 1   [ RunTime:0.0000s ]
SQL: SELECT * FROM `joung_view` ORDER BY id DESC LIMIT 0,5   [ RunTime:0.0000s ]
INFO: [ view_parse ] --START--
INFO: [ template_filter ] --START--
INFO: Run Behavior\ContentReplaceBehavior [ RunTime:0.001000s ]
INFO: [ template_filter ] --END-- [ RunTime:0.001000s ]
INFO: Run Behavior\ParseTemplateBehavior [ RunTime:0.016001s ]
INFO: [ view_parse ] --END-- [ RunTime:0.016001s ]
INFO: [ view_filter ] --START--
INFO: Run Behavior\WriteHtmlCacheBehavior [ RunTime:0.001000s ]
INFO: [ view_filter ] --END-- [ RunTime:0.001000s ]
INFO: [ app_end ] --START--
INFO: Run Behavior\ShowPageTraceBehavior [ RunTime:0.001000s ]
INFO: [ app_end ] --END-- [ RunTime:0.001000s ]

[ 2016-12-31T15:21:43+08:00 ] 127.0.0.1 /svntape/admin.php/Data/data.html
INFO: [ app_init ] --START--
INFO: Run Behavior\BuildLiteBehavior [ RunTime:0.000000s ]
INFO: [ app_init ] --END-- [ RunTime:0.000000s ]
INFO: [ app_begin ] --START--
INFO: Run Behavior\ReadHtmlCacheBehavior [ RunTime:0.000000s ]
INFO: [ app_begin ] --END-- [ RunTime:0.000000s ]
SQL: SHOW COLUMNS FROM `joung_view` [ RunTime:0.0040s ]
SQL: SELECT COUNT(*) AS tp_count FROM `joung_view` LIMIT 1   [ RunTime:0.0000s ]
SQL: SHOW COLUMNS FROM `joung_user` [ RunTime:0.0050s ]
SQL: SELECT COUNT(*) AS tp_count FROM `joung_user` LIMIT 1   [ RunTime:0.0000s ]
SQL: SHOW COLUMNS FROM `joung_content` [ RunTime:0.0040s ]
SQL: SELECT COUNT(*) AS tp_count FROM `joung_content` LIMIT 1   [ RunTime:0.0010s ]
SQL: SELECT COUNT(*) AS tp_count FROM `joung_view` LIMIT 1   [ RunTime:0.0000s ]
SQL: SELECT COUNT(DISTINCT ip) AS tp_count FROM `joung_view` LIMIT 1   [ RunTime:0.0010s ]
SQL: SELECT COUNT(*) AS tp_count FROM `joung_view` WHERE `date` BETWEEN 1483113600 AND 1483200000 LIMIT 1   [ RunTime:0.0000s ]
SQL: SELECT * FROM `joung_view` ORDER BY id DESC LIMIT 0,5   [ RunTime:0.0010s ]
INFO: [ view_parse ] --START--
INFO: [ template_filter ] --START--
INFO: Run Behavior\ContentReplaceBehavior [ RunTime:0.001000s ]
INFO: [ template_filter ] --END-- [ RunTime:0.001000s ]
INFO: Run Behavior\ParseTemplateBehavior [ RunTime:0.014000s ]
INFO: [ view_parse ] --END-- [ RunTime:0.014000s ]
INFO: [ view_filter ] --START--
INFO: Run Behavior\WriteHtmlCacheBehavior [ RunTime:0.000000s ]
INFO: [ view_filter ] --END-- [ RunTime:0.000000s ]
INFO: [ app_end ] --START--
INFO: Run Behavior\ShowPageTraceBehavior [ RunTime:0.000000s ]
INFO: [ app_end ] --END-- [ RunTime:0.000000s ]

[ 2016-12-31T16:33:07+08:00 ] 127.0.0.1 /svntape/admin.php/Data/data.html
INFO: [ app_init ] --START--
INFO: Run Behavior\BuildLiteBehavior [ RunTime:0.000000s ]
INFO: [ app_init ] --END-- [ RunTime:0.001000s ]
INFO: [ app_begin ] --START--
INFO: Run Behavior\ReadHtmlCacheBehavior [ RunTime:0.000000s ]
INFO: [ app_begin ] --END-- [ RunTime:0.000000s ]
SQL: SHOW COLUMNS FROM `joung_view` [ RunTime:0.0060s ]
SQL: SELECT COUNT(*) AS tp_count FROM `joung_view` LIMIT 1   [ RunTime:0.0010s ]
SQL: SHOW COLUMNS FROM `joung_user` [ RunTime:0.0060s ]
SQL: SELECT COUNT(*) AS tp_count FROM `joung_user` LIMIT 1   [ RunTime:0.0010s ]
SQL: SHOW COLUMNS FROM `joung_content` [ RunTime:0.0050s ]
SQL: SELECT COUNT(*) AS tp_count FROM `joung_content` LIMIT 1   [ RunTime:0.0000s ]
SQL: SELECT COUNT(*) AS tp_count FROM `joung_view` LIMIT 1   [ RunTime:0.0000s ]
SQL: SELECT COUNT(DISTINCT ip) AS tp_count FROM `joung_view` LIMIT 1   [ RunTime:0.0010s ]
SQL: SELECT COUNT(*) AS tp_count FROM `joung_view` WHERE `date` BETWEEN 1483113600 AND 1483200000 LIMIT 1   [ RunTime:0.0000s ]
SQL: SELECT * FROM `joung_view` ORDER BY id DESC LIMIT 0,5   [ RunTime:0.0010s ]
INFO: [ view_parse ] --START--
INFO: [ template_filter ] --START--
INFO: Run Behavior\ContentReplaceBehavior [ RunTime:0.000000s ]
INFO: [ template_filter ] --END-- [ RunTime:0.000000s ]
INFO: Run Behavior\ParseTemplateBehavior [ RunTime:0.021001s ]
INFO: [ view_parse ] --END-- [ RunTime:0.021001s ]
INFO: [ view_filter ] --START--
INFO: Run Behavior\WriteHtmlCacheBehavior [ RunTime:0.000000s ]
INFO: [ view_filter ] --END-- [ RunTime:0.000000s ]
INFO: [ app_end ] --START--
INFO: Run Behavior\ShowPageTraceBehavior [ RunTime:0.000000s ]
INFO: [ app_end ] --END-- [ RunTime:0.001000s ]

[ 2016-12-31T20:58:31+08:00 ] 127.0.0.1 /svntape/admin.php/Data/data.html
INFO: [ app_init ] --START--
INFO: Run Behavior\BuildLiteBehavior [ RunTime:0.000000s ]
INFO: [ app_init ] --END-- [ RunTime:0.001000s ]
INFO: [ app_begin ] --START--
INFO: Run Behavior\ReadHtmlCacheBehavior [ RunTime:0.001000s ]
INFO: [ app_begin ] --END-- [ RunTime:0.001000s ]
SQL: SHOW COLUMNS FROM `joung_view` [ RunTime:0.0050s ]
SQL: SELECT COUNT(*) AS tp_count FROM `joung_view` LIMIT 1   [ RunTime:0.0000s ]
SQL: SHOW COLUMNS FROM `joung_user` [ RunTime:0.0050s ]
SQL: SELECT COUNT(*) AS tp_count FROM `joung_user` LIMIT 1   [ RunTime:0.0000s ]
SQL: SHOW COLUMNS FROM `joung_content` [ RunTime:0.0050s ]
SQL: SELECT COUNT(*) AS tp_count FROM `joung_content` LIMIT 1   [ RunTime:0.0020s ]
SQL: SELECT COUNT(*) AS tp_count FROM `joung_view` LIMIT 1   [ RunTime:0.0010s ]
SQL: SELECT COUNT(DISTINCT ip) AS tp_count FROM `joung_view` LIMIT 1   [ RunTime:0.0000s ]
SQL: SELECT COUNT(*) AS tp_count FROM `joung_view` WHERE `date` BETWEEN 1483113600 AND 1483200000 LIMIT 1   [ RunTime:0.0010s ]
SQL: SELECT * FROM `joung_view` ORDER BY id DESC LIMIT 0,5   [ RunTime:0.0010s ]
INFO: [ view_parse ] --START--
INFO: [ template_filter ] --START--
INFO: Run Behavior\ContentReplaceBehavior [ RunTime:0.000000s ]
INFO: [ template_filter ] --END-- [ RunTime:0.000000s ]
INFO: Run Behavior\ParseTemplateBehavior [ RunTime:0.029002s ]
INFO: [ view_parse ] --END-- [ RunTime:0.029002s ]
INFO: [ view_filter ] --START--
INFO: Run Behavior\WriteHtmlCacheBehavior [ RunTime:0.000000s ]
INFO: [ view_filter ] --END-- [ RunTime:0.000000s ]
INFO: [ app_end ] --START--
INFO: Run Behavior\ShowPageTraceBehavior [ RunTime:0.000000s ]
INFO: [ app_end ] --END-- [ RunTime:0.000000s ]

[ 2016-12-31T20:58:37+08:00 ] 127.0.0.1 /svntape/admin.php/Data/data/p/2.html
INFO: [ app_init ] --START--
INFO: Run Behavior\BuildLiteBehavior [ RunTime:0.000000s ]
INFO: [ app_init ] --END-- [ RunTime:0.000000s ]
INFO: [ app_begin ] --START--
INFO: Run Behavior\ReadHtmlCacheBehavior [ RunTime:0.000000s ]
INFO: [ app_begin ] --END-- [ RunTime:0.000000s ]
SQL: SHOW COLUMNS FROM `joung_view` [ RunTime:0.0050s ]
SQL: SELECT COUNT(*) AS tp_count FROM `joung_view` LIMIT 1   [ RunTime:0.0000s ]
SQL: SHOW COLUMNS FROM `joung_user` [ RunTime:0.0040s ]
SQL: SELECT COUNT(*) AS tp_count FROM `joung_user` LIMIT 1   [ RunTime:0.0010s ]
SQL: SHOW COLUMNS FROM `joung_content` [ RunTime:0.0050s ]
SQL: SELECT COUNT(*) AS tp_count FROM `joung_content` LIMIT 1   [ RunTime:0.0000s ]
SQL: SELECT COUNT(*) AS tp_count FROM `joung_view` LIMIT 1   [ RunTime:0.0010s ]
SQL: SELECT COUNT(DISTINCT ip) AS tp_count FROM `joung_view` LIMIT 1   [ RunTime:0.0000s ]
SQL: SELECT COUNT(*) AS tp_count FROM `joung_view` WHERE `date` BETWEEN 1483113600 AND 1483200000 LIMIT 1   [ RunTime:0.0010s ]
SQL: SELECT * FROM `joung_view` ORDER BY id DESC LIMIT 5,5   [ RunTime:0.0000s ]
INFO: [ view_parse ] --START--
INFO: [ template_filter ] --START--
INFO: Run Behavior\ContentReplaceBehavior [ RunTime:0.001000s ]
INFO: [ template_filter ] --END-- [ RunTime:0.001000s ]
INFO: Run Behavior\ParseTemplateBehavior [ RunTime:0.017001s ]
INFO: [ view_parse ] --END-- [ RunTime:0.017001s ]
INFO: [ view_filter ] --START--
INFO: Run Behavior\WriteHtmlCacheBehavior [ RunTime:0.000000s ]
INFO: [ view_filter ] --END-- [ RunTime:0.000000s ]
INFO: [ app_end ] --START--
INFO: Run Behavior\ShowPageTraceBehavior [ RunTime:0.003000s ]
INFO: [ app_end ] --END-- [ RunTime:0.003000s ]

[ 2016-12-31T20:58:37+08:00 ] 127.0.0.1 /svntape/admin.php/Data/data/p/img/favicon/favicon.png
INFO: [ app_init ] --START--
INFO: Run Behavior\BuildLiteBehavior [ RunTime:0.000000s ]
INFO: [ app_init ] --END-- [ RunTime:0.000000s ]

[ 2016-12-31T20:58:53+08:00 ] 127.0.0.1 /svntape/admin.php/Data/data/p/2.html
INFO: [ app_init ] --START--
INFO: Run Behavior\BuildLiteBehavior [ RunTime:0.000000s ]
INFO: [ app_init ] --END-- [ RunTime:0.001001s ]
INFO: [ app_begin ] --START--
INFO: Run Behavior\ReadHtmlCacheBehavior [ RunTime:0.000000s ]
INFO: [ app_begin ] --END-- [ RunTime:0.001000s ]
SQL: SHOW COLUMNS FROM `joung_view` [ RunTime:0.0050s ]
SQL: SELECT COUNT(*) AS tp_count FROM `joung_view` LIMIT 1   [ RunTime:0.0000s ]
SQL: SHOW COLUMNS FROM `joung_user` [ RunTime:0.0050s ]
SQL: SELECT COUNT(*) AS tp_count FROM `joung_user` LIMIT 1   [ RunTime:0.0000s ]
SQL: SHOW COLUMNS FROM `joung_content` [ RunTime:0.0050s ]
SQL: SELECT COUNT(*) AS tp_count FROM `joung_content` LIMIT 1   [ RunTime:0.0010s ]
SQL: SELECT COUNT(*) AS tp_count FROM `joung_view` LIMIT 1   [ RunTime:0.0000s ]
SQL: SELECT COUNT(DISTINCT ip) AS tp_count FROM `joung_view` LIMIT 1   [ RunTime:0.0010s ]
SQL: SELECT COUNT(*) AS tp_count FROM `joung_view` WHERE `date` BETWEEN 1483113600 AND 1483200000 LIMIT 1   [ RunTime:0.0010s ]
SQL: SELECT * FROM `joung_view` ORDER BY id DESC LIMIT 20,20   [ RunTime:0.0010s ]
INFO: [ view_parse ] --START--
INFO: [ template_filter ] --START--
INFO: Run Behavior\ContentReplaceBehavior [ RunTime:0.000000s ]
INFO: [ template_filter ] --END-- [ RunTime:0.000000s ]
INFO: Run Behavior\ParseTemplateBehavior [ RunTime:0.014000s ]
INFO: [ view_parse ] --END-- [ RunTime:0.015000s ]
INFO: [ view_filter ] --START--
INFO: Run Behavior\WriteHtmlCacheBehavior [ RunTime:0.000000s ]
INFO: [ view_filter ] --END-- [ RunTime:0.000000s ]
INFO: [ app_end ] --START--
INFO: Run Behavior\ShowPageTraceBehavior [ RunTime:0.001001s ]
INFO: [ app_end ] --END-- [ RunTime:0.001001s ]

[ 2016-12-31T20:58:58+08:00 ] 127.0.0.1 /svntape/admin.php/Data/data
INFO: [ app_init ] --START--
INFO: Run Behavior\BuildLiteBehavior [ RunTime:0.000000s ]
INFO: [ app_init ] --END-- [ RunTime:0.001000s ]
INFO: [ app_begin ] --START--
INFO: Run Behavior\ReadHtmlCacheBehavior [ RunTime:0.001000s ]
INFO: [ app_begin ] --END-- [ RunTime:0.001000s ]
SQL: SHOW COLUMNS FROM `joung_view` [ RunTime:0.0050s ]
SQL: SELECT COUNT(*) AS tp_count FROM `joung_view` LIMIT 1   [ RunTime:0.0000s ]
SQL: SHOW COLUMNS FROM `joung_user` [ RunTime:0.0050s ]
SQL: SELECT COUNT(*) AS tp_count FROM `joung_user` LIMIT 1   [ RunTime:0.0000s ]
SQL: SHOW COLUMNS FROM `joung_content` [ RunTime:0.0050s ]
SQL: SELECT COUNT(*) AS tp_count FROM `joung_content` LIMIT 1   [ RunTime:0.0000s ]
SQL: SELECT COUNT(*) AS tp_count FROM `joung_view` LIMIT 1   [ RunTime:0.0000s ]
SQL: SELECT COUNT(DISTINCT ip) AS tp_count FROM `joung_view` LIMIT 1   [ RunTime:0.0000s ]
SQL: SELECT COUNT(*) AS tp_count FROM `joung_view` WHERE `date` BETWEEN 1483113600 AND 1483200000 LIMIT 1   [ RunTime:0.0000s ]
SQL: SELECT * FROM `joung_view` ORDER BY id DESC LIMIT 0,20   [ RunTime:0.0000s ]
INFO: [ view_parse ] --START--
INFO: [ template_filter ] --START--
INFO: Run Behavior\ContentReplaceBehavior [ RunTime:0.000000s ]
INFO: [ template_filter ] --END-- [ RunTime:0.000000s ]
INFO: Run Behavior\ParseTemplateBehavior [ RunTime:0.017001s ]
INFO: [ view_parse ] --END-- [ RunTime:0.017001s ]
INFO: [ view_filter ] --START--
INFO: Run Behavior\WriteHtmlCacheBehavior [ RunTime:0.000000s ]
INFO: [ view_filter ] --END-- [ RunTime:0.000000s ]
INFO: [ app_end ] --START--
INFO: Run Behavior\ShowPageTraceBehavior [ RunTime:0.001000s ]
INFO: [ app_end ] --END-- [ RunTime:0.001000s ]

[ 2016-12-31T21:02:19+08:00 ] 127.0.0.1 /svntape/admin.php/Data/invoice.html
INFO: [ app_init ] --START--
INFO: Run Behavior\BuildLiteBehavior [ RunTime:0.000000s ]
INFO: [ app_init ] --END-- [ RunTime:0.001000s ]
INFO: [ app_begin ] --START--
INFO: Run Behavior\ReadHtmlCacheBehavior [ RunTime:0.001000s ]
INFO: [ app_begin ] --END-- [ RunTime:0.001000s ]
SQL: SHOW COLUMNS FROM `joung_view` [ RunTime:0.0040s ]
SQL: SELECT COUNT(*) AS tp_count FROM `joung_view` LIMIT 1   [ RunTime:0.0000s ]
SQL: SHOW COLUMNS FROM `joung_user` [ RunTime:0.0060s ]
SQL: SELECT COUNT(*) AS tp_count FROM `joung_user` LIMIT 1   [ RunTime:0.0000s ]
SQL: SHOW COLUMNS FROM `joung_content` [ RunTime:0.0050s ]
SQL: SELECT COUNT(*) AS tp_count FROM `joung_content` LIMIT 1   [ RunTime:0.0010s ]
INFO: [ view_parse ] --START--
INFO: [ template_filter ] --START--
INFO: Run Behavior\ContentReplaceBehavior [ RunTime:0.000000s ]
INFO: [ template_filter ] --END-- [ RunTime:0.000000s ]
INFO: Run Behavior\ParseTemplateBehavior [ RunTime:0.019001s ]
INFO: [ view_parse ] --END-- [ RunTime:0.019001s ]
INFO: [ view_filter ] --START--
INFO: Run Behavior\WriteHtmlCacheBehavior [ RunTime:0.000000s ]
INFO: [ view_filter ] --END-- [ RunTime:0.001000s ]
INFO: [ app_end ] --START--
INFO: Run Behavior\ShowPageTraceBehavior [ RunTime:0.001001s ]
INFO: [ app_end ] --END-- [ RunTime:0.001001s ]

[ 2016-12-31T21:40:54+08:00 ] 127.0.0.1 /svntape/admin.php/Data/invoice.html
INFO: [ app_init ] --START--
INFO: Run Behavior\BuildLiteBehavior [ RunTime:0.000000s ]
INFO: [ app_init ] --END-- [ RunTime:0.000000s ]
INFO: [ app_begin ] --START--
INFO: Run Behavior\ReadHtmlCacheBehavior [ RunTime:0.001000s ]
INFO: [ app_begin ] --END-- [ RunTime:0.001000s ]
SQL: SHOW COLUMNS FROM `joung_view` [ RunTime:0.0040s ]
SQL: SELECT COUNT(*) AS tp_count FROM `joung_view` LIMIT 1   [ RunTime:0.0000s ]
SQL: SHOW COLUMNS FROM `joung_user` [ RunTime:0.0070s ]
SQL: SELECT COUNT(*) AS tp_count FROM `joung_user` LIMIT 1   [ RunTime:0.0000s ]
SQL: SHOW COLUMNS FROM `joung_content` [ RunTime:0.0040s ]
SQL: SELECT COUNT(*) AS tp_count FROM `joung_content` LIMIT 1   [ RunTime:0.0000s ]
INFO: [ view_parse ] --START--
INFO: [ template_filter ] --START--
INFO: Run Behavior\ContentReplaceBehavior [ RunTime:0.000000s ]
INFO: [ template_filter ] --END-- [ RunTime:0.000000s ]
INFO: Run Behavior\ParseTemplateBehavior [ RunTime:0.034002s ]
INFO: [ view_parse ] --END-- [ RunTime:0.034002s ]
INFO: [ view_filter ] --START--
INFO: Run Behavior\WriteHtmlCacheBehavior [ RunTime:0.001000s ]
INFO: [ view_filter ] --END-- [ RunTime:0.001000s ]
INFO: [ app_end ] --START--
INFO: Run Behavior\ShowPageTraceBehavior [ RunTime:0.001000s ]
INFO: [ app_end ] --END-- [ RunTime:0.001000s ]

[ 2016-12-31T21:41:29+08:00 ] 127.0.0.1 /svntape/admin.php/Data/invoice.html
INFO: [ app_init ] --START--
INFO: Run Behavior\BuildLiteBehavior [ RunTime:0.000000s ]
INFO: [ app_init ] --END-- [ RunTime:0.000000s ]
INFO: [ app_begin ] --START--
INFO: Run Behavior\ReadHtmlCacheBehavior [ RunTime:0.001000s ]
INFO: [ app_begin ] --END-- [ RunTime:0.001000s ]
SQL: SHOW COLUMNS FROM `joung_view` [ RunTime:0.0050s ]
SQL: SELECT COUNT(*) AS tp_count FROM `joung_view` LIMIT 1   [ RunTime:0.0010s ]
SQL: SHOW COLUMNS FROM `joung_user` [ RunTime:0.0040s ]
SQL: SELECT COUNT(*) AS tp_count FROM `joung_user` LIMIT 1   [ RunTime:0.0000s ]
SQL: SHOW COLUMNS FROM `joung_content` [ RunTime:0.0040s ]
SQL: SELECT COUNT(*) AS tp_count FROM `joung_content` LIMIT 1   [ RunTime:0.0000s ]
INFO: [ view_parse ] --START--
INFO: [ template_filter ] --START--
INFO: Run Behavior\ContentReplaceBehavior [ RunTime:0.001000s ]
INFO: [ template_filter ] --END-- [ RunTime:0.001000s ]
NOTIC: [8192] mysql_get_server_info(): The mysql extension is deprecated and will be removed in the future: use mysqli or PDO instead D:\phpstudy\WWW\svntape\admin\Runtime\Cache\Home\f54ec4f5b3fdb7b5fcde23728812fba8.php 第 314 行.
NOTIC: [2] mysql_get_server_info(): Access denied for user ''@'localhost' (using password: NO) D:\phpstudy\WWW\svntape\admin\Runtime\Cache\Home\f54ec4f5b3fdb7b5fcde23728812fba8.php 第 314 行.
NOTIC: [2] mysql_get_server_info(): A link to the server could not be established D:\phpstudy\WWW\svntape\admin\Runtime\Cache\Home\f54ec4f5b3fdb7b5fcde23728812fba8.php 第 314 行.
INFO: Run Behavior\ParseTemplateBehavior [ RunTime:1.018059s ]
INFO: [ view_parse ] --END-- [ RunTime:1.018059s ]
INFO: [ view_filter ] --START--
INFO: Run Behavior\WriteHtmlCacheBehavior [ RunTime:0.000000s ]
INFO: [ view_filter ] --END-- [ RunTime:0.001000s ]
INFO: [ app_end ] --START--
INFO: Run Behavior\ShowPageTraceBehavior [ RunTime:0.000000s ]
INFO: [ app_end ] --END-- [ RunTime:0.000000s ]

[ 2016-12-31T21:42:06+08:00 ] 127.0.0.1 /svntape/admin.php/Data/invoice.html
INFO: [ app_init ] --START--
INFO: Run Behavior\BuildLiteBehavior [ RunTime:0.000000s ]
INFO: [ app_init ] --END-- [ RunTime:0.000000s ]
INFO: [ app_begin ] --START--
INFO: Run Behavior\ReadHtmlCacheBehavior [ RunTime:0.000000s ]
INFO: [ app_begin ] --END-- [ RunTime:0.000000s ]
SQL: SHOW COLUMNS FROM `joung_view` [ RunTime:0.0070s ]
SQL: SELECT COUNT(*) AS tp_count FROM `joung_view` LIMIT 1   [ RunTime:0.0010s ]
SQL: SHOW COLUMNS FROM `joung_user` [ RunTime:0.0100s ]
SQL: SELECT COUNT(*) AS tp_count FROM `joung_user` LIMIT 1   [ RunTime:0.0010s ]
SQL: SHOW COLUMNS FROM `joung_content` [ RunTime:0.0070s ]
SQL: SELECT COUNT(*) AS tp_count FROM `joung_content` LIMIT 1   [ RunTime:0.0000s ]
INFO: [ view_parse ] --START--
INFO: [ template_filter ] --START--
INFO: Run Behavior\ContentReplaceBehavior [ RunTime:0.000000s ]
INFO: [ template_filter ] --END-- [ RunTime:0.000000s ]
NOTIC: [8192] mysql_get_server_info(): The mysql extension is deprecated and will be removed in the future: use mysqli or PDO instead D:\phpstudy\WWW\svntape\admin\Runtime\Cache\Home\f54ec4f5b3fdb7b5fcde23728812fba8.php 第 314 行.
NOTIC: [2] mysql_get_server_info(): Access denied for user ''@'localhost' (using password: NO) D:\phpstudy\WWW\svntape\admin\Runtime\Cache\Home\f54ec4f5b3fdb7b5fcde23728812fba8.php 第 314 行.
NOTIC: [2] mysql_get_server_info(): A link to the server could not be established D:\phpstudy\WWW\svntape\admin\Runtime\Cache\Home\f54ec4f5b3fdb7b5fcde23728812fba8.php 第 314 行.
INFO: Run Behavior\ParseTemplateBehavior [ RunTime:1.037059s ]
INFO: [ view_parse ] --END-- [ RunTime:1.037059s ]
INFO: [ view_filter ] --START--
INFO: Run Behavior\WriteHtmlCacheBehavior [ RunTime:0.001001s ]
INFO: [ view_filter ] --END-- [ RunTime:0.001001s ]
INFO: [ app_end ] --START--
INFO: Run Behavior\ShowPageTraceBehavior [ RunTime:0.001000s ]
INFO: [ app_end ] --END-- [ RunTime:0.001000s ]

[ 2016-12-31T21:43:32+08:00 ] 127.0.0.1 /svntape/admin.php/Data/invoice.html
INFO: [ app_init ] --START--
INFO: Run Behavior\BuildLiteBehavior [ RunTime:0.000000s ]
INFO: [ app_init ] --END-- [ RunTime:0.001000s ]
INFO: [ app_begin ] --START--
INFO: Run Behavior\ReadHtmlCacheBehavior [ RunTime:0.001000s ]
INFO: [ app_begin ] --END-- [ RunTime:0.001000s ]
SQL: SHOW COLUMNS FROM `joung_view` [ RunTime:0.0060s ]
SQL: SELECT COUNT(*) AS tp_count FROM `joung_view` LIMIT 1   [ RunTime:0.0000s ]
SQL: SHOW COLUMNS FROM `joung_user` [ RunTime:0.0060s ]
SQL: SELECT COUNT(*) AS tp_count FROM `joung_user` LIMIT 1   [ RunTime:0.0010s ]
SQL: SHOW COLUMNS FROM `joung_content` [ RunTime:0.0070s ]
SQL: SELECT COUNT(*) AS tp_count FROM `joung_content` LIMIT 1   [ RunTime:0.0000s ]
INFO: [ view_parse ] --START--
INFO: [ template_filter ] --START--
INFO: Run Behavior\ContentReplaceBehavior [ RunTime:0.000000s ]
INFO: [ template_filter ] --END-- [ RunTime:0.000000s ]
INFO: Run Behavior\ParseTemplateBehavior [ RunTime:0.020001s ]
INFO: [ view_parse ] --END-- [ RunTime:0.020001s ]
INFO: [ view_filter ] --START--
INFO: Run Behavior\WriteHtmlCacheBehavior [ RunTime:0.001000s ]
INFO: [ view_filter ] --END-- [ RunTime:0.001000s ]
INFO: [ app_end ] --START--
INFO: Run Behavior\ShowPageTraceBehavior [ RunTime:0.002000s ]
INFO: [ app_end ] --END-- [ RunTime:0.002000s ]

[ 2016-12-31T22:03:23+08:00 ] 127.0.0.1 /svntape/admin.php/Data/data.html
INFO: [ app_init ] --START--
INFO: Run Behavior\BuildLiteBehavior [ RunTime:0.000000s ]
INFO: [ app_init ] --END-- [ RunTime:0.000000s ]
INFO: [ app_begin ] --START--
INFO: Run Behavior\ReadHtmlCacheBehavior [ RunTime:0.000000s ]
INFO: [ app_begin ] --END-- [ RunTime:0.000000s ]
SQL: SHOW COLUMNS FROM `joung_view` [ RunTime:0.0080s ]
SQL: SELECT COUNT(*) AS tp_count FROM `joung_view` LIMIT 1   [ RunTime:0.0000s ]
SQL: SHOW COLUMNS FROM `joung_user` [ RunTime:0.0090s ]
SQL: SELECT COUNT(*) AS tp_count FROM `joung_user` LIMIT 1   [ RunTime:0.0000s ]
SQL: SHOW COLUMNS FROM `joung_content` [ RunTime:0.0050s ]
SQL: SELECT COUNT(*) AS tp_count FROM `joung_content` LIMIT 1   [ RunTime:0.0000s ]
SQL: SELECT COUNT(*) AS tp_count FROM `joung_view` LIMIT 1   [ RunTime:0.0010s ]
SQL: SELECT COUNT(DISTINCT ip) AS tp_count FROM `joung_view` LIMIT 1   [ RunTime:0.0000s ]
SQL: SELECT COUNT(*) AS tp_count FROM `joung_view` WHERE `date` BETWEEN 1483113600 AND 1483200000 LIMIT 1   [ RunTime:0.0000s ]
SQL: SELECT * FROM `joung_view` ORDER BY id DESC LIMIT 0,20   [ RunTime:0.0000s ]
INFO: [ view_parse ] --START--
INFO: [ template_filter ] --START--
INFO: Run Behavior\ContentReplaceBehavior [ RunTime:0.000000s ]
INFO: [ template_filter ] --END-- [ RunTime:0.000000s ]
INFO: Run Behavior\ParseTemplateBehavior [ RunTime:0.026001s ]
INFO: [ view_parse ] --END-- [ RunTime:0.026001s ]
INFO: [ view_filter ] --START--
INFO: Run Behavior\WriteHtmlCacheBehavior [ RunTime:0.000000s ]
INFO: [ view_filter ] --END-- [ RunTime:0.000000s ]
INFO: [ app_end ] --START--
INFO: Run Behavior\ShowPageTraceBehavior [ RunTime:0.001000s ]
INFO: [ app_end ] --END-- [ RunTime:0.001000s ]

