[ 2017-11-19T19:24:43+08:00 ] 61.140.112.200 /admin.php
INFO: [ app_init ] --START--
INFO: Run Behavior\BuildLiteBehavior [ RunTime:0.000018s ]
INFO: [ app_init ] --END-- [ RunTime:0.000108s ]
INFO: [ app_begin ] --START--
INFO: Run Behavior\ReadHtmlCacheBehavior [ RunTime:0.000355s ]
INFO: [ app_begin ] --END-- [ RunTime:0.000422s ]
INFO: [ view_parse ] --START--
INFO: [ template_filter ] --START--
INFO: Run Behavior\ContentReplaceBehavior [ RunTime:0.000109s ]
INFO: [ template_filter ] --END-- [ RunTime:0.000186s ]
INFO: Run Behavior\ParseTemplateBehavior [ RunTime:0.053741s ]
INFO: [ view_parse ] --END-- [ RunTime:0.053818s ]
INFO: [ view_filter ] --START--
INFO: Run Behavior\WriteHtmlCacheBehavior [ RunTime:0.000246s ]
INFO: [ view_filter ] --END-- [ RunTime:0.000294s ]
INFO: [ app_end ] --START--
INFO: Run Behavior\ShowPageTraceBehavior [ RunTime:0.000227s ]
INFO: [ app_end ] --END-- [ RunTime:0.000276s ]

[ 2017-11-19T19:24:51+08:00 ] 61.140.112.200 /admin.php/login/login.html
INFO: [ app_init ] --START--
INFO: Run Behavior\BuildLiteBehavior [ RunTime:0.000019s ]
INFO: [ app_init ] --END-- [ RunTime:0.000212s ]
INFO: [ app_begin ] --START--
INFO: Run Behavior\ReadHtmlCacheBehavior [ RunTime:0.000400s ]
INFO: [ app_begin ] --END-- [ RunTime:0.000504s ]
SQL: SHOW COLUMNS FROM `joung_user` [ RunTime:0.0028s ]
SQL: SELECT * FROM `joung_user` WHERE `username` = 'joungpig' LIMIT 1   [ RunTime:0.0006s ]
SQL: UPDATE `joung_user` SET `logintime`='2017-11-19 19:24:51',`ip`='61.140.112.200',`count`='116' WHERE `id` = 5 [ RunTime:0.0148s ]

[ 2017-11-19T19:24:56+08:00 ] 61.140.112.200 /admin.php/Index/index.html
INFO: [ app_init ] --START--
INFO: Run Behavior\BuildLiteBehavior [ RunTime:0.000017s ]
INFO: [ app_init ] --END-- [ RunTime:0.000129s ]
INFO: [ app_begin ] --START--
INFO: Run Behavior\ReadHtmlCacheBehavior [ RunTime:0.000200s ]
INFO: [ app_begin ] --END-- [ RunTime:0.000285s ]
SQL: SHOW COLUMNS FROM `joung_view` [ RunTime:0.0019s ]
SQL: SELECT COUNT(*) AS tp_count FROM `joung_view` LIMIT 1   [ RunTime:0.0002s ]
SQL: SHOW COLUMNS FROM `joung_user` [ RunTime:0.0015s ]
SQL: SELECT COUNT(*) AS tp_count FROM `joung_user` LIMIT 1   [ RunTime:0.0002s ]
SQL: SHOW COLUMNS FROM `joung_content` [ RunTime:0.0017s ]
SQL: SELECT COUNT(*) AS tp_count FROM `joung_content` LIMIT 1   [ RunTime:0.0003s ]
SQL: SELECT * FROM `joung_user` WHERE `id` = 5 LIMIT 1   [ RunTime:0.0003s ]
SQL: SELECT COUNT(*) AS tp_count FROM `joung_view` WHERE ( `date` BETWEEN 1483200000 AND 1485878399  ) LIMIT 1   [ RunTime:2.3288s ]
SQL: SELECT COUNT(*) AS tp_count FROM `joung_view` WHERE ( `date` BETWEEN 1485878400 AND 1488297599  ) LIMIT 1   [ RunTime:0.0423s ]
SQL: SELECT COUNT(*) AS tp_count FROM `joung_view` WHERE ( `date` BETWEEN 1488297600 AND 1490975999  ) LIMIT 1   [ RunTime:0.0415s ]
SQL: SELECT COUNT(*) AS tp_count FROM `joung_view` WHERE ( `date` BETWEEN 1490976000 AND 1493567999  ) LIMIT 1   [ RunTime:0.0446s ]
SQL: SELECT COUNT(*) AS tp_count FROM `joung_view` WHERE ( `date` BETWEEN 1493568000 AND 1496246399  ) LIMIT 1   [ RunTime:0.0412s ]
SQL: SELECT COUNT(*) AS tp_count FROM `joung_view` WHERE ( `date` BETWEEN 1496246400 AND 1498838399  ) LIMIT 1   [ RunTime:0.0405s ]
SQL: SELECT COUNT(*) AS tp_count FROM `joung_view` WHERE ( `date` BETWEEN 1498838400 AND 1501516799  ) LIMIT 1   [ RunTime:0.0411s ]
SQL: SELECT COUNT(*) AS tp_count FROM `joung_view` WHERE ( `date` BETWEEN 1501516800 AND 1504195199  ) LIMIT 1   [ RunTime:0.0415s ]
SQL: SELECT COUNT(*) AS tp_count FROM `joung_view` WHERE ( `date` BETWEEN 1504195200 AND 1506787199  ) LIMIT 1   [ RunTime:0.0424s ]
SQL: SELECT COUNT(*) AS tp_count FROM `joung_view` WHERE ( `date` BETWEEN 1506787200 AND 1509465599  ) LIMIT 1   [ RunTime:0.0425s ]
SQL: SELECT COUNT(*) AS tp_count FROM `joung_view` WHERE ( `date` BETWEEN 1509465600 AND 1512057599  ) LIMIT 1   [ RunTime:0.0424s ]
SQL: SELECT COUNT(*) AS tp_count FROM `joung_view` WHERE ( `date` BETWEEN 1512057600 AND 1514735999  ) LIMIT 1   [ RunTime:0.0411s ]
SQL: SHOW COLUMNS FROM `joung_columu` [ RunTime:0.0022s ]
SQL: SELECT `id`,`name` FROM `joung_columu` WHERE `type` = 1  [ RunTime:0.0004s ]
SQL: SELECT COUNT(*) AS tp_count FROM `joung_content` WHERE `columuid` = 2 LIMIT 1   [ RunTime:0.0003s ]
SQL: SELECT COUNT(*) AS tp_count FROM `joung_content` WHERE `columuid` = 3 LIMIT 1   [ RunTime:0.0002s ]
SQL: SELECT COUNT(*) AS tp_count FROM `joung_content` WHERE `columuid` = 4 LIMIT 1   [ RunTime:0.0003s ]
SQL: SELECT COUNT(*) AS tp_count FROM `joung_content` WHERE `columuid` = 6 LIMIT 1   [ RunTime:0.0002s ]
INFO: [ view_parse ] --START--
INFO: [ template_filter ] --START--
INFO: Run Behavior\ContentReplaceBehavior [ RunTime:0.000164s ]
INFO: [ template_filter ] --END-- [ RunTime:0.000242s ]
INFO: Run Behavior\ParseTemplateBehavior [ RunTime:0.055130s ]
INFO: [ view_parse ] --END-- [ RunTime:0.055194s ]
INFO: [ view_filter ] --START--
INFO: Run Behavior\WriteHtmlCacheBehavior [ RunTime:0.000214s ]
INFO: [ view_filter ] --END-- [ RunTime:0.000273s ]
INFO: [ app_end ] --START--
INFO: Run Behavior\ShowPageTraceBehavior [ RunTime:0.000209s ]
INFO: [ app_end ] --END-- [ RunTime:0.000263s ]

[ 2017-11-19T19:24:58+08:00 ] 61.140.112.200 /admin.php/Index/index.html
INFO: [ app_init ] --START--
INFO: Run Behavior\BuildLiteBehavior [ RunTime:0.000018s ]
INFO: [ app_init ] --END-- [ RunTime:0.000109s ]
INFO: [ app_begin ] --START--
INFO: Run Behavior\ReadHtmlCacheBehavior [ RunTime:0.000231s ]
INFO: [ app_begin ] --END-- [ RunTime:0.000288s ]
SQL: SHOW COLUMNS FROM `joung_view` [ RunTime:0.0019s ]
SQL: SELECT COUNT(*) AS tp_count FROM `joung_view` LIMIT 1   [ RunTime:0.0002s ]
SQL: SHOW COLUMNS FROM `joung_user` [ RunTime:0.0020s ]
SQL: SELECT COUNT(*) AS tp_count FROM `joung_user` LIMIT 1   [ RunTime:0.0003s ]
SQL: SHOW COLUMNS FROM `joung_content` [ RunTime:0.0017s ]
SQL: SELECT COUNT(*) AS tp_count FROM `joung_content` LIMIT 1   [ RunTime:0.0004s ]
SQL: SELECT * FROM `joung_user` WHERE `id` = 5 LIMIT 1   [ RunTime:0.0003s ]
SQL: SELECT COUNT(*) AS tp_count FROM `joung_view` WHERE ( `date` BETWEEN 1483200000 AND 1485878399  ) LIMIT 1   [ RunTime:0.0417s ]
SQL: SELECT COUNT(*) AS tp_count FROM `joung_view` WHERE ( `date` BETWEEN 1485878400 AND 1488297599  ) LIMIT 1   [ RunTime:0.0411s ]
SQL: SELECT COUNT(*) AS tp_count FROM `joung_view` WHERE ( `date` BETWEEN 1488297600 AND 1490975999  ) LIMIT 1   [ RunTime:0.0420s ]
SQL: SELECT COUNT(*) AS tp_count FROM `joung_view` WHERE ( `date` BETWEEN 1490976000 AND 1493567999  ) LIMIT 1   [ RunTime:0.0407s ]
SQL: SELECT COUNT(*) AS tp_count FROM `joung_view` WHERE ( `date` BETWEEN 1493568000 AND 1496246399  ) LIMIT 1   [ RunTime:0.0462s ]
SQL: SELECT COUNT(*) AS tp_count FROM `joung_view` WHERE ( `date` BETWEEN 1496246400 AND 1498838399  ) LIMIT 1   [ RunTime:0.0403s ]
SQL: SELECT COUNT(*) AS tp_count FROM `joung_view` WHERE ( `date` BETWEEN 1498838400 AND 1501516799  ) LIMIT 1   [ RunTime:0.0433s ]
SQL: SELECT COUNT(*) AS tp_count FROM `joung_view` WHERE ( `date` BETWEEN 1501516800 AND 1504195199  ) LIMIT 1   [ RunTime:0.0406s ]
SQL: SELECT COUNT(*) AS tp_count FROM `joung_view` WHERE ( `date` BETWEEN 1504195200 AND 1506787199  ) LIMIT 1   [ RunTime:0.0411s ]
SQL: SELECT COUNT(*) AS tp_count FROM `joung_view` WHERE ( `date` BETWEEN 1506787200 AND 1509465599  ) LIMIT 1   [ RunTime:0.0461s ]
SQL: SELECT COUNT(*) AS tp_count FROM `joung_view` WHERE ( `date` BETWEEN 1509465600 AND 1512057599  ) LIMIT 1   [ RunTime:0.0423s ]
SQL: SELECT COUNT(*) AS tp_count FROM `joung_view` WHERE ( `date` BETWEEN 1512057600 AND 1514735999  ) LIMIT 1   [ RunTime:0.0410s ]
SQL: SHOW COLUMNS FROM `joung_columu` [ RunTime:0.0019s ]
SQL: SELECT `id`,`name` FROM `joung_columu` WHERE `type` = 1  [ RunTime:0.0004s ]
SQL: SELECT COUNT(*) AS tp_count FROM `joung_content` WHERE `columuid` = 2 LIMIT 1   [ RunTime:0.0003s ]
SQL: SELECT COUNT(*) AS tp_count FROM `joung_content` WHERE `columuid` = 3 LIMIT 1   [ RunTime:0.0002s ]
SQL: SELECT COUNT(*) AS tp_count FROM `joung_content` WHERE `columuid` = 4 LIMIT 1   [ RunTime:0.0002s ]
SQL: SELECT COUNT(*) AS tp_count FROM `joung_content` WHERE `columuid` = 6 LIMIT 1   [ RunTime:0.0002s ]
INFO: [ view_parse ] --START--
INFO: [ template_filter ] --START--
INFO: Run Behavior\ContentReplaceBehavior [ RunTime:0.000155s ]
INFO: [ template_filter ] --END-- [ RunTime:0.000216s ]
INFO: Run Behavior\ParseTemplateBehavior [ RunTime:0.011896s ]
INFO: [ view_parse ] --END-- [ RunTime:0.011956s ]
INFO: [ view_filter ] --START--
INFO: Run Behavior\WriteHtmlCacheBehavior [ RunTime:0.000195s ]
INFO: [ view_filter ] --END-- [ RunTime:0.000243s ]
INFO: [ app_end ] --START--
INFO: Run Behavior\ShowPageTraceBehavior [ RunTime:0.000191s ]
INFO: [ app_end ] --END-- [ RunTime:0.000246s ]

