[ 2017-11-01T11:12:02+08:00 ] 61.140.112.180 /admin.php
INFO: [ app_init ] --START--
INFO: Run Behavior\BuildLiteBehavior [ RunTime:0.000037s ]
INFO: [ app_init ] --END-- [ RunTime:0.000205s ]
INFO: [ app_begin ] --START--
INFO: Run Behavior\ReadHtmlCacheBehavior [ RunTime:0.000470s ]
INFO: [ app_begin ] --END-- [ RunTime:0.000561s ]
INFO: [ view_parse ] --START--
INFO: [ template_filter ] --START--
INFO: Run Behavior\ContentReplaceBehavior [ RunTime:0.000108s ]
INFO: [ template_filter ] --END-- [ RunTime:0.000186s ]
INFO: Run Behavior\ParseTemplateBehavior [ RunTime:0.040610s ]
INFO: [ view_parse ] --END-- [ RunTime:0.040693s ]
INFO: [ view_filter ] --START--
INFO: Run Behavior\WriteHtmlCacheBehavior [ RunTime:0.000276s ]
INFO: [ view_filter ] --END-- [ RunTime:0.000325s ]
INFO: [ app_end ] --START--
INFO: Run Behavior\ShowPageTraceBehavior [ RunTime:0.000264s ]
INFO: [ app_end ] --END-- [ RunTime:0.000313s ]

[ 2017-11-01T11:12:09+08:00 ] 61.140.112.180 /admin.php/login/login.html
INFO: [ app_init ] --START--
INFO: Run Behavior\BuildLiteBehavior [ RunTime:0.000018s ]
INFO: [ app_init ] --END-- [ RunTime:0.000107s ]
INFO: [ app_begin ] --START--
INFO: Run Behavior\ReadHtmlCacheBehavior [ RunTime:0.000234s ]
INFO: [ app_begin ] --END-- [ RunTime:0.000291s ]
SQL: SHOW COLUMNS FROM `joung_user` [ RunTime:0.0018s ]
SQL: SELECT * FROM `joung_user` WHERE `username` = 'joungpig' LIMIT 1   [ RunTime:0.0003s ]
SQL: UPDATE `joung_user` SET `logintime`='2017-11-01 11:12:09',`ip`='61.140.112.180',`count`='109' WHERE `id` = 5 [ RunTime:0.0044s ]

[ 2017-11-01T11:12:12+08:00 ] 61.140.112.180 /admin.php/Index/index.html
INFO: [ app_init ] --START--
INFO: Run Behavior\BuildLiteBehavior [ RunTime:0.000018s ]
INFO: [ app_init ] --END-- [ RunTime:0.000116s ]
INFO: [ app_begin ] --START--
INFO: Run Behavior\ReadHtmlCacheBehavior [ RunTime:0.000183s ]
INFO: [ app_begin ] --END-- [ RunTime:0.000240s ]
SQL: SHOW COLUMNS FROM `joung_view` [ RunTime:0.0018s ]
SQL: SELECT COUNT(*) AS tp_count FROM `joung_view` LIMIT 1   [ RunTime:0.0002s ]
SQL: SHOW COLUMNS FROM `joung_user` [ RunTime:0.0015s ]
SQL: SELECT COUNT(*) AS tp_count FROM `joung_user` LIMIT 1   [ RunTime:0.0002s ]
SQL: SHOW COLUMNS FROM `joung_content` [ RunTime:0.0019s ]
SQL: SELECT COUNT(*) AS tp_count FROM `joung_content` LIMIT 1   [ RunTime:0.0003s ]
SQL: SELECT * FROM `joung_user` WHERE `id` = 5 LIMIT 1   [ RunTime:0.0003s ]
SQL: SELECT COUNT(*) AS tp_count FROM `joung_view` WHERE ( `date` BETWEEN 1483200000 AND 1485878399  ) LIMIT 1   [ RunTime:1.6794s ]
SQL: SELECT COUNT(*) AS tp_count FROM `joung_view` WHERE ( `date` BETWEEN 1485878400 AND 1488297599  ) LIMIT 1   [ RunTime:0.0372s ]
SQL: SELECT COUNT(*) AS tp_count FROM `joung_view` WHERE ( `date` BETWEEN 1488297600 AND 1490975999  ) LIMIT 1   [ RunTime:0.0371s ]
SQL: SELECT COUNT(*) AS tp_count FROM `joung_view` WHERE ( `date` BETWEEN 1490976000 AND 1493567999  ) LIMIT 1   [ RunTime:0.0368s ]
SQL: SELECT COUNT(*) AS tp_count FROM `joung_view` WHERE ( `date` BETWEEN 1493568000 AND 1496246399  ) LIMIT 1   [ RunTime:0.0366s ]
SQL: SELECT COUNT(*) AS tp_count FROM `joung_view` WHERE ( `date` BETWEEN 1496246400 AND 1498838399  ) LIMIT 1   [ RunTime:0.0366s ]
SQL: SELECT COUNT(*) AS tp_count FROM `joung_view` WHERE ( `date` BETWEEN 1498838400 AND 1501516799  ) LIMIT 1   [ RunTime:0.0365s ]
SQL: SELECT COUNT(*) AS tp_count FROM `joung_view` WHERE ( `date` BETWEEN 1501516800 AND 1504195199  ) LIMIT 1   [ RunTime:0.0380s ]
SQL: SELECT COUNT(*) AS tp_count FROM `joung_view` WHERE ( `date` BETWEEN 1504195200 AND 1506787199  ) LIMIT 1   [ RunTime:0.0370s ]
SQL: SELECT COUNT(*) AS tp_count FROM `joung_view` WHERE ( `date` BETWEEN 1506787200 AND 1509465599  ) LIMIT 1   [ RunTime:0.0374s ]
SQL: SELECT COUNT(*) AS tp_count FROM `joung_view` WHERE ( `date` BETWEEN 1509465600 AND 1512057599  ) LIMIT 1   [ RunTime:0.0367s ]
SQL: SELECT COUNT(*) AS tp_count FROM `joung_view` WHERE ( `date` BETWEEN 1512057600 AND 1514735999  ) LIMIT 1   [ RunTime:0.0388s ]
SQL: SHOW COLUMNS FROM `joung_columu` [ RunTime:0.0017s ]
SQL: SELECT `id`,`name` FROM `joung_columu` WHERE `type` = 1  [ RunTime:0.0003s ]
SQL: SELECT COUNT(*) AS tp_count FROM `joung_content` WHERE `columuid` = 2 LIMIT 1   [ RunTime:0.0003s ]
SQL: SELECT COUNT(*) AS tp_count FROM `joung_content` WHERE `columuid` = 3 LIMIT 1   [ RunTime:0.0002s ]
SQL: SELECT COUNT(*) AS tp_count FROM `joung_content` WHERE `columuid` = 4 LIMIT 1   [ RunTime:0.0002s ]
SQL: SELECT COUNT(*) AS tp_count FROM `joung_content` WHERE `columuid` = 6 LIMIT 1   [ RunTime:0.0002s ]
INFO: [ view_parse ] --START--
INFO: [ template_filter ] --START--
INFO: Run Behavior\ContentReplaceBehavior [ RunTime:0.000163s ]
INFO: [ template_filter ] --END-- [ RunTime:0.000236s ]
INFO: Run Behavior\ParseTemplateBehavior [ RunTime:0.058563s ]
INFO: [ view_parse ] --END-- [ RunTime:0.058626s ]
INFO: [ view_filter ] --START--
INFO: Run Behavior\WriteHtmlCacheBehavior [ RunTime:0.000214s ]
INFO: [ view_filter ] --END-- [ RunTime:0.000262s ]
INFO: [ app_end ] --START--
INFO: Run Behavior\ShowPageTraceBehavior [ RunTime:0.000207s ]
INFO: [ app_end ] --END-- [ RunTime:0.000258s ]

[ 2017-11-01T11:12:17+08:00 ] 61.140.112.180 /admin.php/fuli/index.html
INFO: [ app_init ] --START--
INFO: Run Behavior\BuildLiteBehavior [ RunTime:0.000019s ]
INFO: [ app_init ] --END-- [ RunTime:0.000107s ]
INFO: [ app_begin ] --START--
INFO: Run Behavior\ReadHtmlCacheBehavior [ RunTime:0.000203s ]
INFO: [ app_begin ] --END-- [ RunTime:0.000262s ]
SQL: SHOW COLUMNS FROM `joung_view` [ RunTime:0.0019s ]
SQL: SELECT COUNT(*) AS tp_count FROM `joung_view` LIMIT 1   [ RunTime:0.0002s ]
SQL: SHOW COLUMNS FROM `joung_user` [ RunTime:0.0015s ]
SQL: SELECT COUNT(*) AS tp_count FROM `joung_user` LIMIT 1   [ RunTime:0.0003s ]
SQL: SHOW COLUMNS FROM `joung_content` [ RunTime:0.0019s ]
SQL: SELECT COUNT(*) AS tp_count FROM `joung_content` LIMIT 1   [ RunTime:0.0003s ]
SQL: SELECT * FROM `joung_user` WHERE `id` = 5 LIMIT 1   [ RunTime:0.0003s ]
SQL: SHOW COLUMNS FROM `joung_fuli` [ RunTime:0.0015s ]
SQL: SELECT COUNT(*) AS tp_count FROM `joung_fuli` LIMIT 1   [ RunTime:0.0002s ]
SQL: SELECT * FROM `joung_fuli` ORDER BY id DESC LIMIT 0,20   [ RunTime:0.0003s ]
INFO: [ view_parse ] --START--
INFO: [ template_filter ] --START--
INFO: Run Behavior\ContentReplaceBehavior [ RunTime:0.000182s ]
INFO: [ template_filter ] --END-- [ RunTime:0.000248s ]
NOTIC: [8] Undefined variable: bread C:\websoft9\wampstack-5.5.36-0\apache2\htdocs\admin\Runtime\Cache\Home\b2753144d9a6a38280e918c66040f0f8.php 第 253 行.
INFO: Run Behavior\ParseTemplateBehavior [ RunTime:0.044284s ]
INFO: [ view_parse ] --END-- [ RunTime:0.044359s ]
INFO: [ view_filter ] --START--
INFO: Run Behavior\WriteHtmlCacheBehavior [ RunTime:0.000121s ]
INFO: [ view_filter ] --END-- [ RunTime:0.000170s ]
INFO: [ app_end ] --START--
INFO: Run Behavior\ShowPageTraceBehavior [ RunTime:0.000125s ]
INFO: [ app_end ] --END-- [ RunTime:0.000185s ]

[ 2017-11-01T11:12:17+08:00 ] 61.140.112.180 /admin.php/fuli/img/favicon/favicon.png
INFO: [ app_init ] --START--
INFO: Run Behavior\BuildLiteBehavior [ RunTime:0.000017s ]
INFO: [ app_init ] --END-- [ RunTime:0.000106s ]

[ 2017-11-01T11:12:31+08:00 ] 61.140.112.180 /admin.php/fuli/add.html
INFO: [ app_init ] --START--
INFO: Run Behavior\BuildLiteBehavior [ RunTime:0.000018s ]
INFO: [ app_init ] --END-- [ RunTime:0.000111s ]
INFO: [ app_begin ] --START--
INFO: Run Behavior\ReadHtmlCacheBehavior [ RunTime:0.000181s ]
INFO: [ app_begin ] --END-- [ RunTime:0.000233s ]
SQL: SHOW COLUMNS FROM `joung_view` [ RunTime:0.0019s ]
SQL: SELECT COUNT(*) AS tp_count FROM `joung_view` LIMIT 1   [ RunTime:0.0002s ]
SQL: SHOW COLUMNS FROM `joung_user` [ RunTime:0.0015s ]
SQL: SELECT COUNT(*) AS tp_count FROM `joung_user` LIMIT 1   [ RunTime:0.0002s ]
SQL: SHOW COLUMNS FROM `joung_content` [ RunTime:0.0015s ]
SQL: SELECT COUNT(*) AS tp_count FROM `joung_content` LIMIT 1   [ RunTime:0.0003s ]
SQL: SELECT * FROM `joung_user` WHERE `id` = 5 LIMIT 1   [ RunTime:0.0003s ]
SQL: SHOW COLUMNS FROM `joung_fuli` [ RunTime:0.0015s ]
SQL: INSERT INTO `joung_fuli` (`name`,`content`,`state`,`count`) VALUES ('十月合集','magnet:?xt=urn:btih:QQY6KGOZXELNJ4VRLJMWJS6GCUTYZDP6','0','0') [ RunTime:0.0353s ]

[ 2017-11-01T11:12:34+08:00 ] 61.140.112.180 /admin.php/fuli/index.html
INFO: [ app_init ] --START--
INFO: Run Behavior\BuildLiteBehavior [ RunTime:0.000017s ]
INFO: [ app_init ] --END-- [ RunTime:0.000107s ]
INFO: [ app_begin ] --START--
INFO: Run Behavior\ReadHtmlCacheBehavior [ RunTime:0.000181s ]
INFO: [ app_begin ] --END-- [ RunTime:0.000237s ]
SQL: SHOW COLUMNS FROM `joung_view` [ RunTime:0.0019s ]
SQL: SELECT COUNT(*) AS tp_count FROM `joung_view` LIMIT 1   [ RunTime:0.0002s ]
SQL: SHOW COLUMNS FROM `joung_user` [ RunTime:0.0016s ]
SQL: SELECT COUNT(*) AS tp_count FROM `joung_user` LIMIT 1   [ RunTime:0.0002s ]
SQL: SHOW COLUMNS FROM `joung_content` [ RunTime:0.0015s ]
SQL: SELECT COUNT(*) AS tp_count FROM `joung_content` LIMIT 1   [ RunTime:0.0003s ]
SQL: SELECT * FROM `joung_user` WHERE `id` = 5 LIMIT 1   [ RunTime:0.0003s ]
SQL: SHOW COLUMNS FROM `joung_fuli` [ RunTime:0.0015s ]
SQL: SELECT COUNT(*) AS tp_count FROM `joung_fuli` LIMIT 1   [ RunTime:0.0002s ]
SQL: SELECT * FROM `joung_fuli` ORDER BY id DESC LIMIT 0,20   [ RunTime:0.0003s ]
INFO: [ view_parse ] --START--
INFO: [ template_filter ] --START--
INFO: Run Behavior\ContentReplaceBehavior [ RunTime:0.000181s ]
INFO: [ template_filter ] --END-- [ RunTime:0.000263s ]
NOTIC: [8] Undefined variable: bread C:\websoft9\wampstack-5.5.36-0\apache2\htdocs\admin\Runtime\Cache\Home\b2753144d9a6a38280e918c66040f0f8.php 第 253 行.
INFO: Run Behavior\ParseTemplateBehavior [ RunTime:0.016805s ]
INFO: [ view_parse ] --END-- [ RunTime:0.016865s ]
INFO: [ view_filter ] --START--
INFO: Run Behavior\WriteHtmlCacheBehavior [ RunTime:0.000125s ]
INFO: [ view_filter ] --END-- [ RunTime:0.000173s ]
INFO: [ app_end ] --START--
INFO: Run Behavior\ShowPageTraceBehavior [ RunTime:0.000203s ]
INFO: [ app_end ] --END-- [ RunTime:0.000256s ]

[ 2017-11-01T11:12:38+08:00 ] 61.140.112.180 /admin.php/fuli/put/id/22.html
INFO: [ app_init ] --START--
INFO: Run Behavior\BuildLiteBehavior [ RunTime:0.000018s ]
INFO: [ app_init ] --END-- [ RunTime:0.000106s ]
INFO: [ app_begin ] --START--
INFO: Run Behavior\ReadHtmlCacheBehavior [ RunTime:0.000180s ]
INFO: [ app_begin ] --END-- [ RunTime:0.000236s ]
SQL: SHOW COLUMNS FROM `joung_view` [ RunTime:0.0018s ]
SQL: SELECT COUNT(*) AS tp_count FROM `joung_view` LIMIT 1   [ RunTime:0.0002s ]
SQL: SHOW COLUMNS FROM `joung_user` [ RunTime:0.0015s ]
SQL: SELECT COUNT(*) AS tp_count FROM `joung_user` LIMIT 1   [ RunTime:0.0003s ]
SQL: SHOW COLUMNS FROM `joung_content` [ RunTime:0.0015s ]
SQL: SELECT COUNT(*) AS tp_count FROM `joung_content` LIMIT 1   [ RunTime:0.0002s ]
SQL: SELECT * FROM `joung_user` WHERE `id` = 5 LIMIT 1   [ RunTime:0.0003s ]
SQL: SHOW COLUMNS FROM `joung_fuli` [ RunTime:0.0014s ]
SQL: UPDATE `joung_fuli` SET `state`='1' WHERE `id` = 22 [ RunTime:0.0317s ]

[ 2017-11-01T11:12:39+08:00 ] 61.140.112.180 /admin.php/fuli/index.html
INFO: [ app_init ] --START--
INFO: Run Behavior\BuildLiteBehavior [ RunTime:0.000017s ]
INFO: [ app_init ] --END-- [ RunTime:0.000094s ]
INFO: [ app_begin ] --START--
INFO: Run Behavior\ReadHtmlCacheBehavior [ RunTime:0.000180s ]
INFO: [ app_begin ] --END-- [ RunTime:0.000235s ]
SQL: SHOW COLUMNS FROM `joung_view` [ RunTime:0.0022s ]
SQL: SELECT COUNT(*) AS tp_count FROM `joung_view` LIMIT 1   [ RunTime:0.0002s ]
SQL: SHOW COLUMNS FROM `joung_user` [ RunTime:0.0015s ]
SQL: SELECT COUNT(*) AS tp_count FROM `joung_user` LIMIT 1   [ RunTime:0.0002s ]
SQL: SHOW COLUMNS FROM `joung_content` [ RunTime:0.0015s ]
SQL: SELECT COUNT(*) AS tp_count FROM `joung_content` LIMIT 1   [ RunTime:0.0003s ]
SQL: SELECT * FROM `joung_user` WHERE `id` = 5 LIMIT 1   [ RunTime:0.0003s ]
SQL: SHOW COLUMNS FROM `joung_fuli` [ RunTime:0.0018s ]
SQL: SELECT COUNT(*) AS tp_count FROM `joung_fuli` LIMIT 1   [ RunTime:0.0002s ]
SQL: SELECT * FROM `joung_fuli` ORDER BY id DESC LIMIT 0,20   [ RunTime:0.0003s ]
INFO: [ view_parse ] --START--
INFO: [ template_filter ] --START--
INFO: Run Behavior\ContentReplaceBehavior [ RunTime:0.000223s ]
INFO: [ template_filter ] --END-- [ RunTime:0.000305s ]
NOTIC: [8] Undefined variable: bread C:\websoft9\wampstack-5.5.36-0\apache2\htdocs\admin\Runtime\Cache\Home\b2753144d9a6a38280e918c66040f0f8.php 第 253 行.
INFO: Run Behavior\ParseTemplateBehavior [ RunTime:0.017056s ]
INFO: [ view_parse ] --END-- [ RunTime:0.017121s ]
INFO: [ view_filter ] --START--
INFO: Run Behavior\WriteHtmlCacheBehavior [ RunTime:0.000130s ]
INFO: [ view_filter ] --END-- [ RunTime:0.000179s ]
INFO: [ app_end ] --START--
INFO: Run Behavior\ShowPageTraceBehavior [ RunTime:0.000204s ]
INFO: [ app_end ] --END-- [ RunTime:0.000268s ]

[ 2017-11-01T11:12:40+08:00 ] 120.92.32.141 /admin.php/Index/index.html
INFO: [ app_init ] --START--
INFO: Run Behavior\BuildLiteBehavior [ RunTime:0.000018s ]
INFO: [ app_init ] --END-- [ RunTime:0.000109s ]
INFO: [ app_begin ] --START--
INFO: Run Behavior\ReadHtmlCacheBehavior [ RunTime:0.000187s ]
INFO: [ app_begin ] --END-- [ RunTime:0.000245s ]
NOTIC: [8] Undefined index: uid C:\websoft9\wampstack-5.5.36-0\apache2\htdocs\admin\Home\Controller\PublicController.class.php 第 13 行.

[ 2017-11-01T11:12:40+08:00 ] 120.92.32.141 /admin.php/login/login.html
INFO: [ app_init ] --START--
INFO: Run Behavior\BuildLiteBehavior [ RunTime:0.000017s ]
INFO: [ app_init ] --END-- [ RunTime:0.000106s ]
INFO: [ app_begin ] --START--
INFO: Run Behavior\ReadHtmlCacheBehavior [ RunTime:0.000182s ]
INFO: [ app_begin ] --END-- [ RunTime:0.000238s ]
INFO: [ view_parse ] --START--
INFO: [ template_filter ] --START--
INFO: Run Behavior\ContentReplaceBehavior [ RunTime:0.000102s ]
INFO: [ template_filter ] --END-- [ RunTime:0.000161s ]
INFO: Run Behavior\ParseTemplateBehavior [ RunTime:0.004828s ]
INFO: [ view_parse ] --END-- [ RunTime:0.004909s ]
INFO: [ view_filter ] --START--
INFO: Run Behavior\WriteHtmlCacheBehavior [ RunTime:0.000111s ]
INFO: [ view_filter ] --END-- [ RunTime:0.000158s ]
INFO: [ app_end ] --START--
INFO: Run Behavior\ShowPageTraceBehavior [ RunTime:0.000112s ]
INFO: [ app_end ] --END-- [ RunTime:0.000159s ]

[ 2017-11-01T11:12:40+08:00 ] 120.92.32.141 /admin.php/login/login.html
INFO: [ app_init ] --START--
INFO: Run Behavior\BuildLiteBehavior [ RunTime:0.000018s ]
INFO: [ app_init ] --END-- [ RunTime:0.000117s ]
INFO: [ app_begin ] --START--
INFO: Run Behavior\ReadHtmlCacheBehavior [ RunTime:0.000186s ]
INFO: [ app_begin ] --END-- [ RunTime:0.000243s ]
INFO: [ view_parse ] --START--
INFO: [ template_filter ] --START--
INFO: Run Behavior\ContentReplaceBehavior [ RunTime:0.000101s ]
INFO: [ template_filter ] --END-- [ RunTime:0.000159s ]
INFO: Run Behavior\ParseTemplateBehavior [ RunTime:0.004723s ]
INFO: [ view_parse ] --END-- [ RunTime:0.004808s ]
INFO: [ view_filter ] --START--
INFO: Run Behavior\WriteHtmlCacheBehavior [ RunTime:0.000111s ]
INFO: [ view_filter ] --END-- [ RunTime:0.000158s ]
INFO: [ app_end ] --START--
INFO: Run Behavior\ShowPageTraceBehavior [ RunTime:0.000111s ]
INFO: [ app_end ] --END-- [ RunTime:0.000159s ]

