[ 2018-02-01T01:19:16+08:00 ] 61.140.198.135 /admin.php/article/edit.html
INFO: [ app_init ] --START--
INFO: Run Behavior\BuildLiteBehavior [ RunTime:0.000024s ]
INFO: [ app_init ] --END-- [ RunTime:0.000129s ]
INFO: [ app_begin ] --START--
INFO: Run Behavior\ReadHtmlCacheBehavior [ RunTime:0.000395s ]
INFO: [ app_begin ] --END-- [ RunTime:0.000486s ]
NOTIC: [8] Undefined index: uid C:\websoft9\wampstack-5.5.36-0\apache2\htdocs\admin\Home\Controller\PublicController.class.php 第 13 行.

[ 2018-02-01T01:19:16+08:00 ] 61.140.198.135 /admin.php/login/login.html
INFO: [ app_init ] --START--
INFO: Run Behavior\BuildLiteBehavior [ RunTime:0.000024s ]
INFO: [ app_init ] --END-- [ RunTime:0.000127s ]
INFO: [ app_begin ] --START--
INFO: Run Behavior\ReadHtmlCacheBehavior [ RunTime:0.000196s ]
INFO: [ app_begin ] --END-- [ RunTime:0.000263s ]
INFO: [ view_parse ] --START--
INFO: [ template_filter ] --START--
INFO: Run Behavior\ContentReplaceBehavior [ RunTime:0.000116s ]
INFO: [ template_filter ] --END-- [ RunTime:0.000206s ]
INFO: Run Behavior\ParseTemplateBehavior [ RunTime:0.042107s ]
INFO: [ view_parse ] --END-- [ RunTime:0.042180s ]
INFO: [ view_filter ] --START--
INFO: Run Behavior\WriteHtmlCacheBehavior [ RunTime:0.000242s ]
INFO: [ view_filter ] --END-- [ RunTime:0.000304s ]
INFO: [ app_end ] --START--
INFO: Run Behavior\ShowPageTraceBehavior [ RunTime:0.000239s ]
INFO: [ app_end ] --END-- [ RunTime:0.000303s ]

[ 2018-02-01T15:42:35+08:00 ] 61.140.198.135 /admin.php
INFO: [ app_init ] --START--
INFO: Run Behavior\BuildLiteBehavior [ RunTime:0.000030s ]
INFO: [ app_init ] --END-- [ RunTime:0.021892s ]
INFO: [ app_begin ] --START--
INFO: Run Behavior\ReadHtmlCacheBehavior [ RunTime:0.000715s ]
INFO: [ app_begin ] --END-- [ RunTime:0.000814s ]
INFO: [ view_parse ] --START--
INFO: [ template_filter ] --START--
INFO: Run Behavior\ContentReplaceBehavior [ RunTime:0.000122s ]
INFO: [ template_filter ] --END-- [ RunTime:0.000205s ]
INFO: Run Behavior\ParseTemplateBehavior [ RunTime:0.051046s ]
INFO: [ view_parse ] --END-- [ RunTime:0.051129s ]
INFO: [ view_filter ] --START--
INFO: Run Behavior\WriteHtmlCacheBehavior [ RunTime:0.003806s ]
INFO: [ view_filter ] --END-- [ RunTime:0.003874s ]
INFO: [ app_end ] --START--
INFO: Run Behavior\ShowPageTraceBehavior [ RunTime:0.002408s ]
INFO: [ app_end ] --END-- [ RunTime:0.002480s ]

[ 2018-02-01T15:42:50+08:00 ] 61.140.198.135 /admin.php/login/login.html
INFO: [ app_init ] --START--
INFO: Run Behavior\BuildLiteBehavior [ RunTime:0.000029s ]
INFO: [ app_init ] --END-- [ RunTime:0.000473s ]
INFO: [ app_begin ] --START--
INFO: Run Behavior\ReadHtmlCacheBehavior [ RunTime:0.000711s ]
INFO: [ app_begin ] --END-- [ RunTime:0.000791s ]
ERR: SQLSTATE[HY000] [1045] Access denied for user 'root'@'localhost' (using password: YES)

[ 2018-02-01T15:43:33+08:00 ] 61.140.198.135 /admin.php/login/login.html
INFO: [ app_init ] --START--
INFO: Run Behavior\BuildLiteBehavior [ RunTime:0.000031s ]
INFO: [ app_init ] --END-- [ RunTime:0.000493s ]
INFO: [ app_begin ] --START--
INFO: Run Behavior\ReadHtmlCacheBehavior [ RunTime:0.000657s ]
INFO: [ app_begin ] --END-- [ RunTime:0.000738s ]
ERR: SQLSTATE[HY000] [1049] Unknown database 'joungpig'

[ 2018-02-01T16:08:49+08:00 ] 61.140.198.135 /admin.php
INFO: [ app_init ] --START--
INFO: Run Behavior\BuildLiteBehavior [ RunTime:0.000030s ]
INFO: [ app_init ] --END-- [ RunTime:0.000446s ]
INFO: [ app_begin ] --START--
INFO: Run Behavior\ReadHtmlCacheBehavior [ RunTime:0.000731s ]
INFO: [ app_begin ] --END-- [ RunTime:0.000814s ]
INFO: [ view_parse ] --START--
INFO: [ template_filter ] --START--
INFO: Run Behavior\ContentReplaceBehavior [ RunTime:0.000113s ]
INFO: [ template_filter ] --END-- [ RunTime:0.000192s ]
INFO: Run Behavior\ParseTemplateBehavior [ RunTime:0.024029s ]
INFO: [ view_parse ] --END-- [ RunTime:0.024105s ]
INFO: [ view_filter ] --START--
INFO: Run Behavior\WriteHtmlCacheBehavior [ RunTime:0.000365s ]
INFO: [ view_filter ] --END-- [ RunTime:0.000431s ]
INFO: [ app_end ] --START--
INFO: Run Behavior\ShowPageTraceBehavior [ RunTime:0.000705s ]
INFO: [ app_end ] --END-- [ RunTime:0.000774s ]

[ 2018-02-01T16:08:54+08:00 ] 61.140.198.135 /admin.php/login/login.html
INFO: [ app_init ] --START--
INFO: Run Behavior\BuildLiteBehavior [ RunTime:0.000026s ]
INFO: [ app_init ] --END-- [ RunTime:0.000488s ]
INFO: [ app_begin ] --START--
INFO: Run Behavior\ReadHtmlCacheBehavior [ RunTime:0.000713s ]
INFO: [ app_begin ] --END-- [ RunTime:0.000792s ]
SQL: SHOW COLUMNS FROM `joung_user` [ RunTime:0.0022s ]
SQL: SELECT * FROM `joung_user` WHERE `username` = 'joungpig' LIMIT 1   [ RunTime:0.0004s ]
SQL: UPDATE `joung_user` SET `logintime`='2018-02-01 16:08:54',`ip`='61.140.198.135',`count`='135' WHERE `id` = 5 [ RunTime:0.0064s ]

[ 2018-02-01T16:08:56+08:00 ] 61.140.198.135 /admin.php/Index/index.html
INFO: [ app_init ] --START--
INFO: Run Behavior\BuildLiteBehavior [ RunTime:0.000027s ]
INFO: [ app_init ] --END-- [ RunTime:0.000445s ]
INFO: [ app_begin ] --START--
INFO: Run Behavior\ReadHtmlCacheBehavior [ RunTime:0.000598s ]
INFO: [ app_begin ] --END-- [ RunTime:0.000679s ]
SQL: SHOW COLUMNS FROM `joung_view` [ RunTime:0.0022s ]
SQL: SELECT COUNT(*) AS tp_count FROM `joung_view` LIMIT 1   [ RunTime:0.0002s ]
SQL: SHOW COLUMNS FROM `joung_user` [ RunTime:0.0018s ]
SQL: SELECT COUNT(*) AS tp_count FROM `joung_user` LIMIT 1   [ RunTime:0.0003s ]
SQL: SHOW COLUMNS FROM `joung_content` [ RunTime:0.0020s ]
SQL: SELECT COUNT(*) AS tp_count FROM `joung_content` LIMIT 1   [ RunTime:0.0003s ]
SQL: SELECT * FROM `joung_user` WHERE `id` = 5 LIMIT 1   [ RunTime:0.0003s ]
SQL: SELECT COUNT(*) AS tp_count FROM `joung_view` WHERE ( `date` BETWEEN 1514736000 AND 1517414399  ) LIMIT 1   [ RunTime:0.0738s ]
SQL: SELECT COUNT(*) AS tp_count FROM `joung_view` WHERE ( `date` BETWEEN 1517414400 AND 1519833599  ) LIMIT 1   [ RunTime:0.0736s ]
SQL: SELECT COUNT(*) AS tp_count FROM `joung_view` WHERE ( `date` BETWEEN 1519833600 AND 1522511999  ) LIMIT 1   [ RunTime:0.0736s ]
SQL: SELECT COUNT(*) AS tp_count FROM `joung_view` WHERE ( `date` BETWEEN 1522512000 AND 1525103999  ) LIMIT 1   [ RunTime:0.0721s ]
SQL: SELECT COUNT(*) AS tp_count FROM `joung_view` WHERE ( `date` BETWEEN 1525104000 AND 1527782399  ) LIMIT 1   [ RunTime:0.0747s ]
SQL: SELECT COUNT(*) AS tp_count FROM `joung_view` WHERE ( `date` BETWEEN 1527782400 AND 1530374399  ) LIMIT 1   [ RunTime:0.0726s ]
SQL: SELECT COUNT(*) AS tp_count FROM `joung_view` WHERE ( `date` BETWEEN 1530374400 AND 1533052799  ) LIMIT 1   [ RunTime:0.0727s ]
SQL: SELECT COUNT(*) AS tp_count FROM `joung_view` WHERE ( `date` BETWEEN 1533052800 AND 1535731199  ) LIMIT 1   [ RunTime:0.0739s ]
SQL: SELECT COUNT(*) AS tp_count FROM `joung_view` WHERE ( `date` BETWEEN 1535731200 AND 1538323199  ) LIMIT 1   [ RunTime:0.0747s ]
SQL: SELECT COUNT(*) AS tp_count FROM `joung_view` WHERE ( `date` BETWEEN 1538323200 AND 1541001599  ) LIMIT 1   [ RunTime:0.0762s ]
SQL: SELECT COUNT(*) AS tp_count FROM `joung_view` WHERE ( `date` BETWEEN 1541001600 AND 1543593599  ) LIMIT 1   [ RunTime:0.0770s ]
SQL: SELECT COUNT(*) AS tp_count FROM `joung_view` WHERE ( `date` BETWEEN 1543593600 AND 1546271999  ) LIMIT 1   [ RunTime:0.0749s ]
SQL: SHOW COLUMNS FROM `joung_columu` [ RunTime:0.0025s ]
SQL: SELECT `id`,`name` FROM `joung_columu` WHERE `type` = 1  [ RunTime:0.0004s ]
SQL: SELECT COUNT(*) AS tp_count FROM `joung_content` WHERE `columuid` = 2 LIMIT 1   [ RunTime:0.0004s ]
SQL: SELECT COUNT(*) AS tp_count FROM `joung_content` WHERE `columuid` = 3 LIMIT 1   [ RunTime:0.0004s ]
SQL: SELECT COUNT(*) AS tp_count FROM `joung_content` WHERE `columuid` = 4 LIMIT 1   [ RunTime:0.0003s ]
SQL: SELECT COUNT(*) AS tp_count FROM `joung_content` WHERE `columuid` = 6 LIMIT 1   [ RunTime:0.0003s ]
INFO: [ view_parse ] --START--
INFO: [ template_filter ] --START--
INFO: Run Behavior\ContentReplaceBehavior [ RunTime:0.000172s ]
INFO: [ template_filter ] --END-- [ RunTime:0.000252s ]
INFO: Run Behavior\ParseTemplateBehavior [ RunTime:0.038168s ]
INFO: [ view_parse ] --END-- [ RunTime:0.038248s ]
INFO: [ view_filter ] --START--
INFO: Run Behavior\WriteHtmlCacheBehavior [ RunTime:0.000413s ]
INFO: [ view_filter ] --END-- [ RunTime:0.000480s ]
INFO: [ app_end ] --START--
INFO: Run Behavior\ShowPageTraceBehavior [ RunTime:0.000679s ]
INFO: [ app_end ] --END-- [ RunTime:0.000751s ]

[ 2018-02-01T16:09:06+08:00 ] 61.140.198.135 /admin.php/article/index.html
INFO: [ app_init ] --START--
INFO: Run Behavior\BuildLiteBehavior [ RunTime:0.000027s ]
INFO: [ app_init ] --END-- [ RunTime:0.000414s ]
INFO: [ app_begin ] --START--
INFO: Run Behavior\ReadHtmlCacheBehavior [ RunTime:0.000600s ]
INFO: [ app_begin ] --END-- [ RunTime:0.000679s ]
SQL: SHOW COLUMNS FROM `joung_view` [ RunTime:0.0027s ]
SQL: SELECT COUNT(*) AS tp_count FROM `joung_view` LIMIT 1   [ RunTime:0.0002s ]
SQL: SHOW COLUMNS FROM `joung_user` [ RunTime:0.0019s ]
SQL: SELECT COUNT(*) AS tp_count FROM `joung_user` LIMIT 1   [ RunTime:0.0003s ]
SQL: SHOW COLUMNS FROM `joung_content` [ RunTime:0.0020s ]
SQL: SELECT COUNT(*) AS tp_count FROM `joung_content` LIMIT 1   [ RunTime:0.0003s ]
SQL: SELECT * FROM `joung_user` WHERE `id` = 5 LIMIT 1   [ RunTime:0.0003s ]
NOTIC: [8] Undefined variable: where C:\web\admin\Home\Controller\ArticleController.class.php 第 37 行.
SQL: SELECT COUNT(*) AS tp_count FROM `joung_content` LIMIT 1   [ RunTime:0.0003s ]
NOTIC: [8] Undefined variable: where C:\web\admin\Home\Controller\ArticleController.class.php 第 41 行.
SQL: SELECT `title`,`type`,`columuid`,`view`,`good`,`tag`,`state`,`time`,`id`,`top`,`uid` FROM `joung_content` ORDER BY top DESC,id DESC  LIMIT 0,20   [ RunTime:0.0006s ]
SQL: SHOW COLUMNS FROM `joung_type` [ RunTime:0.0018s ]
SQL: SELECT * FROM `joung_type`  [ RunTime:0.0003s ]
SQL: SHOW COLUMNS FROM `joung_columu` [ RunTime:0.0019s ]
SQL: SELECT * FROM `joung_columu`  [ RunTime:0.0003s ]
SQL: SELECT `id`,`username` FROM `joung_user`  [ RunTime:0.0003s ]
INFO: [ view_parse ] --START--
INFO: [ template_filter ] --START--
INFO: Run Behavior\ContentReplaceBehavior [ RunTime:0.000250s ]
INFO: [ template_filter ] --END-- [ RunTime:0.000333s ]
NOTIC: [8] Undefined variable: bread C:\web\admin\Runtime\Cache\Home\c514fd0b802fe5c5e9296333fbc67465.php 第 252 行.
NOTIC: [8] Undefined index: type C:\web\admin\Runtime\Cache\Home\c514fd0b802fe5c5e9296333fbc67465.php 第 288 行.
NOTIC: [8] Undefined index: type C:\web\admin\Runtime\Cache\Home\c514fd0b802fe5c5e9296333fbc67465.php 第 289 行.
NOTIC: [8] Undefined index: type C:\web\admin\Runtime\Cache\Home\c514fd0b802fe5c5e9296333fbc67465.php 第 289 行.
NOTIC: [8] Undefined index: columuid C:\web\admin\Runtime\Cache\Home\c514fd0b802fe5c5e9296333fbc67465.php 第 299 行.
NOTIC: [8] Undefined index: columuid C:\web\admin\Runtime\Cache\Home\c514fd0b802fe5c5e9296333fbc67465.php 第 300 行.
NOTIC: [8] Undefined index: columuid C:\web\admin\Runtime\Cache\Home\c514fd0b802fe5c5e9296333fbc67465.php 第 300 行.
NOTIC: [8] Undefined index: columuid C:\web\admin\Runtime\Cache\Home\c514fd0b802fe5c5e9296333fbc67465.php 第 300 行.
NOTIC: [8] Undefined index: columuid C:\web\admin\Runtime\Cache\Home\c514fd0b802fe5c5e9296333fbc67465.php 第 300 行.
NOTIC: [8] Undefined index: uid C:\web\admin\Runtime\Cache\Home\c514fd0b802fe5c5e9296333fbc67465.php 第 310 行.
NOTIC: [8] Undefined index: uid C:\web\admin\Runtime\Cache\Home\c514fd0b802fe5c5e9296333fbc67465.php 第 311 行.
NOTIC: [8] Undefined index: state C:\web\admin\Runtime\Cache\Home\c514fd0b802fe5c5e9296333fbc67465.php 第 321 行.
NOTIC: [8] Undefined index: state C:\web\admin\Runtime\Cache\Home\c514fd0b802fe5c5e9296333fbc67465.php 第 322 行.
NOTIC: [8] Undefined index: state C:\web\admin\Runtime\Cache\Home\c514fd0b802fe5c5e9296333fbc67465.php 第 323 行.
NOTIC: [8] Undefined index: search C:\web\admin\Runtime\Cache\Home\c514fd0b802fe5c5e9296333fbc67465.php 第 338 行.
NOTIC: [8] Undefined index: data1 C:\web\admin\Runtime\Cache\Home\c514fd0b802fe5c5e9296333fbc67465.php 第 357 行.
NOTIC: [8] Undefined index: data2 C:\web\admin\Runtime\Cache\Home\c514fd0b802fe5c5e9296333fbc67465.php 第 365 行.
SQL: SELECT `username` FROM `joung_user` WHERE `id` = 5 LIMIT 1   [ RunTime:0.0004s ]
NOTIC: [8] Use of undefined constant type - assumed 'type' C:\web\admin\Runtime\Cache\Home\c514fd0b802fe5c5e9296333fbc67465.php 第 430 行.
SQL: SELECT `name` FROM `joung_type` WHERE `id` = 2 LIMIT 1   [ RunTime:0.0003s ]
NOTIC: [8] Use of undefined constant columu - assumed 'columu' C:\web\admin\Runtime\Cache\Home\c514fd0b802fe5c5e9296333fbc67465.php 第 431 行.
SQL: SELECT `name` FROM `joung_columu` WHERE `id` = 2 LIMIT 1   [ RunTime:0.0003s ]
SQL: SHOW COLUMNS FROM `joung_tag` [ RunTime:0.0018s ]
SQL: SELECT * FROM `joung_tag` WHERE `id` IN ('15','16') LIMIT 2   [ RunTime:0.0003s ]
SQL: SELECT * FROM `joung_tag` WHERE `id` IN ('15','16') LIMIT 2   [ RunTime:0.0003s ]
SQL: SELECT `username` FROM `joung_user` WHERE `id` = 5 LIMIT 1   [ RunTime:0.0003s ]
NOTIC: [8] Use of undefined constant type - assumed 'type' C:\web\admin\Runtime\Cache\Home\c514fd0b802fe5c5e9296333fbc67465.php 第 430 行.
SQL: SELECT `name` FROM `joung_type` WHERE `id` = 2 LIMIT 1   [ RunTime:0.0003s ]
NOTIC: [8] Use of undefined constant columu - assumed 'columu' C:\web\admin\Runtime\Cache\Home\c514fd0b802fe5c5e9296333fbc67465.php 第 431 行.
SQL: SELECT `name` FROM `joung_columu` WHERE `id` = 2 LIMIT 1   [ RunTime:0.0003s ]
SQL: SELECT * FROM `joung_tag` WHERE `id` IN ('1','18') LIMIT 2   [ RunTime:0.0003s ]
SQL: SELECT * FROM `joung_tag` WHERE `id` IN ('1','18') LIMIT 2   [ RunTime:0.0003s ]
SQL: SELECT `username` FROM `joung_user` WHERE `id` = 5 LIMIT 1   [ RunTime:0.0003s ]
NOTIC: [8] Use of undefined constant type - assumed 'type' C:\web\admin\Runtime\Cache\Home\c514fd0b802fe5c5e9296333fbc67465.php 第 430 行.
SQL: SELECT `name` FROM `joung_type` WHERE `id` = 2 LIMIT 1   [ RunTime:0.0002s ]
NOTIC: [8] Use of undefined constant columu - assumed 'columu' C:\web\admin\Runtime\Cache\Home\c514fd0b802fe5c5e9296333fbc67465.php 第 431 行.
SQL: SELECT `name` FROM `joung_columu` WHERE `id` = 4 LIMIT 1   [ RunTime:0.0002s ]
SQL: SELECT * FROM `joung_tag` WHERE `id` IN ('5','31') LIMIT 2   [ RunTime:0.0003s ]
SQL: SELECT * FROM `joung_tag` WHERE `id` IN ('5','31') LIMIT 2   [ RunTime:0.0003s ]
SQL: SELECT `username` FROM `joung_user` WHERE `id` = 5 LIMIT 1   [ RunTime:0.0003s ]
NOTIC: [8] Use of undefined constant type - assumed 'type' C:\web\admin\Runtime\Cache\Home\c514fd0b802fe5c5e9296333fbc67465.php 第 430 行.
SQL: SELECT `name` FROM `joung_type` WHERE `id` = 2 LIMIT 1   [ RunTime:0.0002s ]
NOTIC: [8] Use of undefined constant columu - assumed 'columu' C:\web\admin\Runtime\Cache\Home\c514fd0b802fe5c5e9296333fbc67465.php 第 431 行.
SQL: SELECT `name` FROM `joung_columu` WHERE `id` = 4 LIMIT 1   [ RunTime:0.0003s ]
SQL: SELECT * FROM `joung_tag` WHERE `id` IN ('9','40') LIMIT 2   [ RunTime:0.0003s ]
SQL: SELECT * FROM `joung_tag` WHERE `id` IN ('9','40') LIMIT 2   [ RunTime:0.0003s ]
SQL: SELECT `username` FROM `joung_user` WHERE `id` = 5 LIMIT 1   [ RunTime:0.0003s ]
NOTIC: [8] Use of undefined constant type - assumed 'type' C:\web\admin\Runtime\Cache\Home\c514fd0b802fe5c5e9296333fbc67465.php 第 430 行.
SQL: SELECT `name` FROM `joung_type` WHERE `id` = 2 LIMIT 1   [ RunTime:0.0002s ]
NOTIC: [8] Use of undefined constant columu - assumed 'columu' C:\web\admin\Runtime\Cache\Home\c514fd0b802fe5c5e9296333fbc67465.php 第 431 行.
SQL: SELECT `name` FROM `joung_columu` WHERE `id` = 2 LIMIT 1   [ RunTime:0.0003s ]
SQL: SELECT * FROM `joung_tag` WHERE `id` IN ('1','15') LIMIT 2   [ RunTime:0.0003s ]
SQL: SELECT * FROM `joung_tag` WHERE `id` IN ('1','15') LIMIT 2   [ RunTime:0.0003s ]
SQL: SELECT `username` FROM `joung_user` WHERE `id` = 5 LIMIT 1   [ RunTime:0.0002s ]
NOTIC: [8] Use of undefined constant type - assumed 'type' C:\web\admin\Runtime\Cache\Home\c514fd0b802fe5c5e9296333fbc67465.php 第 430 行.
SQL: SELECT `name` FROM `joung_type` WHERE `id` = 2 LIMIT 1   [ RunTime:0.0002s ]
NOTIC: [8] Use of undefined constant columu - assumed 'columu' C:\web\admin\Runtime\Cache\Home\c514fd0b802fe5c5e9296333fbc67465.php 第 431 行.
SQL: SELECT `name` FROM `joung_columu` WHERE `id` = 2 LIMIT 1   [ RunTime:0.0003s ]
SQL: SELECT * FROM `joung_tag` WHERE `id` IN ('1','15') LIMIT 2   [ RunTime:0.0003s ]
SQL: SELECT * FROM `joung_tag` WHERE `id` IN ('1','15') LIMIT 2   [ RunTime:0.0003s ]
SQL: SELECT `username` FROM `joung_user` WHERE `id` = 5 LIMIT 1   [ RunTime:0.0003s ]
NOTIC: [8] Use of undefined constant type - assumed 'type' C:\web\admin\Runtime\Cache\Home\c514fd0b802fe5c5e9296333fbc67465.php 第 430 行.
SQL: SELECT `name` FROM `joung_type` WHERE `id` = 2 LIMIT 1   [ RunTime:0.0002s ]
NOTIC: [8] Use of undefined constant columu - assumed 'columu' C:\web\admin\Runtime\Cache\Home\c514fd0b802fe5c5e9296333fbc67465.php 第 431 行.
SQL: SELECT `name` FROM `joung_columu` WHERE `id` = 4 LIMIT 1   [ RunTime:0.0002s ]
SQL: SELECT * FROM `joung_tag` WHERE `id` IN ('13','42') LIMIT 2   [ RunTime:0.0003s ]
SQL: SELECT * FROM `joung_tag` WHERE `id` IN ('13','42') LIMIT 2   [ RunTime:0.0003s ]
SQL: SELECT `username` FROM `joung_user` WHERE `id` = 5 LIMIT 1   [ RunTime:0.0003s ]
NOTIC: [8] Use of undefined constant type - assumed 'type' C:\web\admin\Runtime\Cache\Home\c514fd0b802fe5c5e9296333fbc67465.php 第 430 行.
SQL: SELECT `name` FROM `joung_type` WHERE `id` = 2 LIMIT 1   [ RunTime:0.0002s ]
NOTIC: [8] Use of undefined constant columu - assumed 'columu' C:\web\admin\Runtime\Cache\Home\c514fd0b802fe5c5e9296333fbc67465.php 第 431 行.
SQL: SELECT `name` FROM `joung_columu` WHERE `id` = 4 LIMIT 1   [ RunTime:0.0007s ]
SQL: SELECT * FROM `joung_tag` WHERE `id` IN ('18','28') LIMIT 2   [ RunTime:0.0003s ]
SQL: SELECT * FROM `joung_tag` WHERE `id` IN ('18','28') LIMIT 2   [ RunTime:0.0005s ]
SQL: SELECT `username` FROM `joung_user` WHERE `id` = 5 LIMIT 1   [ RunTime:0.0004s ]
NOTIC: [8] Use of undefined constant type - assumed 'type' C:\web\admin\Runtime\Cache\Home\c514fd0b802fe5c5e9296333fbc67465.php 第 430 行.
SQL: SELECT `name` FROM `joung_type` WHERE `id` = 2 LIMIT 1   [ RunTime:0.0003s ]
NOTIC: [8] Use of undefined constant columu - assumed 'columu' C:\web\admin\Runtime\Cache\Home\c514fd0b802fe5c5e9296333fbc67465.php 第 431 行.
SQL: SELECT `name` FROM `joung_columu` WHERE `id` = 4 LIMIT 1   [ RunTime:0.0003s ]
SQL: SELECT * FROM `joung_tag` WHERE `id` IN ('33','40') LIMIT 2   [ RunTime:0.0003s ]
SQL: SELECT * FROM `joung_tag` WHERE `id` IN ('33','40') LIMIT 2   [ RunTime:0.0003s ]
SQL: SELECT `username` FROM `joung_user` WHERE `id` = 5 LIMIT 1   [ RunTime:0.0002s ]
NOTIC: [8] Use of undefined constant type - assumed 'type' C:\web\admin\Runtime\Cache\Home\c514fd0b802fe5c5e9296333fbc67465.php 第 430 行.
SQL: SELECT `name` FROM `joung_type` WHERE `id` = 2 LIMIT 1   [ RunTime:0.0002s ]
NOTIC: [8] Use of undefined constant columu - assumed 'columu' C:\web\admin\Runtime\Cache\Home\c514fd0b802fe5c5e9296333fbc67465.php 第 431 行.
SQL: SELECT `name` FROM `joung_columu` WHERE `id` = 2 LIMIT 1   [ RunTime:0.0002s ]
SQL: SELECT * FROM `joung_tag` WHERE `id` IN ('5','50') LIMIT 2   [ RunTime:0.0003s ]
SQL: SELECT * FROM `joung_tag` WHERE `id` IN ('5','50') LIMIT 2   [ RunTime:0.0003s ]
SQL: SELECT `username` FROM `joung_user` WHERE `id` = 5 LIMIT 1   [ RunTime:0.0003s ]
NOTIC: [8] Use of undefined constant type - assumed 'type' C:\web\admin\Runtime\Cache\Home\c514fd0b802fe5c5e9296333fbc67465.php 第 430 行.
SQL: SELECT `name` FROM `joung_type` WHERE `id` = 2 LIMIT 1   [ RunTime:0.0002s ]
NOTIC: [8] Use of undefined constant columu - assumed 'columu' C:\web\admin\Runtime\Cache\Home\c514fd0b802fe5c5e9296333fbc67465.php 第 431 行.
SQL: SELECT `name` FROM `joung_columu` WHERE `id` = 2 LIMIT 1   [ RunTime:0.0002s ]
SQL: SELECT * FROM `joung_tag` WHERE `id` IN ('48','49') LIMIT 2   [ RunTime:0.0003s ]
SQL: SELECT * FROM `joung_tag` WHERE `id` IN ('48','49') LIMIT 2   [ RunTime:0.0003s ]
SQL: SELECT `username` FROM `joung_user` WHERE `id` = 5 LIMIT 1   [ RunTime:0.0003s ]
NOTIC: [8] Use of undefined constant type - assumed 'type' C:\web\admin\Runtime\Cache\Home\c514fd0b802fe5c5e9296333fbc67465.php 第 430 行.
SQL: SELECT `name` FROM `joung_type` WHERE `id` = 2 LIMIT 1   [ RunTime:0.0003s ]
NOTIC: [8] Use of undefined constant columu - assumed 'columu' C:\web\admin\Runtime\Cache\Home\c514fd0b802fe5c5e9296333fbc67465.php 第 431 行.
SQL: SELECT `name` FROM `joung_columu` WHERE `id` = 4 LIMIT 1   [ RunTime:0.0003s ]
SQL: SELECT * FROM `joung_tag` WHERE `id` IN ('28','33') LIMIT 2   [ RunTime:0.0003s ]
SQL: SELECT * FROM `joung_tag` WHERE `id` IN ('28','33') LIMIT 2   [ RunTime:0.0003s ]
SQL: SELECT `username` FROM `joung_user` WHERE `id` = 5 LIMIT 1   [ RunTime:0.0003s ]
NOTIC: [8] Use of undefined constant type - assumed 'type' C:\web\admin\Runtime\Cache\Home\c514fd0b802fe5c5e9296333fbc67465.php 第 430 行.
SQL: SELECT `name` FROM `joung_type` WHERE `id` = 2 LIMIT 1   [ RunTime:0.0002s ]
NOTIC: [8] Use of undefined constant columu - assumed 'columu' C:\web\admin\Runtime\Cache\Home\c514fd0b802fe5c5e9296333fbc67465.php 第 431 行.
SQL: SELECT `name` FROM `joung_columu` WHERE `id` = 2 LIMIT 1   [ RunTime:0.0003s ]
SQL: SELECT * FROM `joung_tag` WHERE `id` IN ('5','15') LIMIT 2   [ RunTime:0.0003s ]
SQL: SELECT * FROM `joung_tag` WHERE `id` IN ('5','15') LIMIT 2   [ RunTime:0.0003s ]
SQL: SELECT `username` FROM `joung_user` WHERE `id` = 5 LIMIT 1   [ RunTime:0.0003s ]
NOTIC: [8] Use of undefined constant type - assumed 'type' C:\web\admin\Runtime\Cache\Home\c514fd0b802fe5c5e9296333fbc67465.php 第 430 行.
SQL: SELECT `name` FROM `joung_type` WHERE `id` = 2 LIMIT 1   [ RunTime:0.0002s ]
NOTIC: [8] Use of undefined constant columu - assumed 'columu' C:\web\admin\Runtime\Cache\Home\c514fd0b802fe5c5e9296333fbc67465.php 第 431 行.
SQL: SELECT `name` FROM `joung_columu` WHERE `id` = 2 LIMIT 1   [ RunTime:0.0003s ]
SQL: SELECT * FROM `joung_tag` WHERE `id` IN ('1','15') LIMIT 2   [ RunTime:0.0004s ]
SQL: SELECT * FROM `joung_tag` WHERE `id` IN ('1','15') LIMIT 2   [ RunTime:0.0004s ]
SQL: SELECT `username` FROM `joung_user` WHERE `id` = 5 LIMIT 1   [ RunTime:0.0003s ]
NOTIC: [8] Use of undefined constant type - assumed 'type' C:\web\admin\Runtime\Cache\Home\c514fd0b802fe5c5e9296333fbc67465.php 第 430 行.
SQL: SELECT `name` FROM `joung_type` WHERE `id` = 2 LIMIT 1   [ RunTime:0.0004s ]
NOTIC: [8] Use of undefined constant columu - assumed 'columu' C:\web\admin\Runtime\Cache\Home\c514fd0b802fe5c5e9296333fbc67465.php 第 431 行.
SQL: SELECT `name` FROM `joung_columu` WHERE `id` = 2 LIMIT 1   [ RunTime:0.0003s ]
SQL: SELECT * FROM `joung_tag` WHERE `id` IN ('3','5') LIMIT 2   [ RunTime:0.0004s ]
SQL: SELECT * FROM `joung_tag` WHERE `id` IN ('3','5') LIMIT 2   [ RunTime:0.0003s ]
SQL: SELECT `username` FROM `joung_user` WHERE `id` = 5 LIMIT 1   [ RunTime:0.0003s ]
NOTIC: [8] Use of undefined constant type - assumed 'type' C:\web\admin\Runtime\Cache\Home\c514fd0b802fe5c5e9296333fbc67465.php 第 430 行.
SQL: SELECT `name` FROM `joung_type` WHERE `id` = 2 LIMIT 1   [ RunTime:0.0003s ]
NOTIC: [8] Use of undefined constant columu - assumed 'columu' C:\web\admin\Runtime\Cache\Home\c514fd0b802fe5c5e9296333fbc67465.php 第 431 行.
SQL: SELECT `name` FROM `joung_columu` WHERE `id` = 2 LIMIT 1   [ RunTime:0.0003s ]
SQL: SELECT * FROM `joung_tag` WHERE `id` IN ('10','28') LIMIT 2   [ RunTime:0.0003s ]
SQL: SELECT * FROM `joung_tag` WHERE `id` IN ('10','28') LIMIT 2   [ RunTime:0.0003s ]
SQL: SELECT `username` FROM `joung_user` WHERE `id` = 5 LIMIT 1   [ RunTime:0.0003s ]
NOTIC: [8] Use of undefined constant type - assumed 'type' C:\web\admin\Runtime\Cache\Home\c514fd0b802fe5c5e9296333fbc67465.php 第 430 行.
SQL: SELECT `name` FROM `joung_type` WHERE `id` = 2 LIMIT 1   [ RunTime:0.0002s ]
NOTIC: [8] Use of undefined constant columu - assumed 'columu' C:\web\admin\Runtime\Cache\Home\c514fd0b802fe5c5e9296333fbc67465.php 第 431 行.
SQL: SELECT `name` FROM `joung_columu` WHERE `id` = 2 LIMIT 1   [ RunTime:0.0003s ]
SQL: SELECT * FROM `joung_tag` WHERE `id` IN ('46','47') LIMIT 2   [ RunTime:0.0003s ]
SQL: SELECT * FROM `joung_tag` WHERE `id` IN ('46','47') LIMIT 2   [ RunTime:0.0005s ]
SQL: SELECT `username` FROM `joung_user` WHERE `id` = 5 LIMIT 1   [ RunTime:0.0002s ]
NOTIC: [8] Use of undefined constant type - assumed 'type' C:\web\admin\Runtime\Cache\Home\c514fd0b802fe5c5e9296333fbc67465.php 第 430 行.
SQL: SELECT `name` FROM `joung_type` WHERE `id` = 2 LIMIT 1   [ RunTime:0.0002s ]
NOTIC: [8] Use of undefined constant columu - assumed 'columu' C:\web\admin\Runtime\Cache\Home\c514fd0b802fe5c5e9296333fbc67465.php 第 431 行.
SQL: SELECT `name` FROM `joung_columu` WHERE `id` = 2 LIMIT 1   [ RunTime:0.0003s ]
SQL: SELECT * FROM `joung_tag` WHERE `id` IN ('1','33') LIMIT 2   [ RunTime:0.0003s ]
SQL: SELECT * FROM `joung_tag` WHERE `id` IN ('1','33') LIMIT 2   [ RunTime:0.0003s ]
SQL: SELECT `username` FROM `joung_user` WHERE `id` = 5 LIMIT 1   [ RunTime:0.0003s ]
NOTIC: [8] Use of undefined constant type - assumed 'type' C:\web\admin\Runtime\Cache\Home\c514fd0b802fe5c5e9296333fbc67465.php 第 430 行.
SQL: SELECT `name` FROM `joung_type` WHERE `id` = 2 LIMIT 1   [ RunTime:0.0003s ]
NOTIC: [8] Use of undefined constant columu - assumed 'columu' C:\web\admin\Runtime\Cache\Home\c514fd0b802fe5c5e9296333fbc67465.php 第 431 行.
SQL: SELECT `name` FROM `joung_columu` WHERE `id` = 2 LIMIT 1   [ RunTime:0.0003s ]
SQL: SELECT * FROM `joung_tag` WHERE `id` IN ('5','18') LIMIT 2   [ RunTime:0.0003s ]
SQL: SELECT * FROM `joung_tag` WHERE `id` IN ('5','18') LIMIT 2   [ RunTime:0.0003s ]
SQL: SELECT `username` FROM `joung_user` WHERE `id` = 5 LIMIT 1   [ RunTime:0.0003s ]
NOTIC: [8] Use of undefined constant type - assumed 'type' C:\web\admin\Runtime\Cache\Home\c514fd0b802fe5c5e9296333fbc67465.php 第 430 行.
SQL: SELECT `name` FROM `joung_type` WHERE `id` = 2 LIMIT 1   [ RunTime:0.0003s ]
NOTIC: [8] Use of undefined constant columu - assumed 'columu' C:\web\admin\Runtime\Cache\Home\c514fd0b802fe5c5e9296333fbc67465.php 第 431 行.
SQL: SELECT `name` FROM `joung_columu` WHERE `id` = 4 LIMIT 1   [ RunTime:0.0003s ]
SQL: SELECT * FROM `joung_tag` WHERE `id` IN ('1','5') LIMIT 2   [ RunTime:0.0003s ]
SQL: SELECT * FROM `joung_tag` WHERE `id` IN ('1','5') LIMIT 2   [ RunTime:0.0003s ]
INFO: Run Behavior\ParseTemplateBehavior [ RunTime:0.094984s ]
INFO: [ view_parse ] --END-- [ RunTime:0.095084s ]
INFO: [ view_filter ] --START--
INFO: Run Behavior\WriteHtmlCacheBehavior [ RunTime:0.000457s ]
INFO: [ view_filter ] --END-- [ RunTime:0.000543s ]
INFO: [ app_end ] --START--
INFO: Run Behavior\ShowPageTraceBehavior [ RunTime:0.000655s ]
INFO: [ app_end ] --END-- [ RunTime:0.000727s ]

[ 2018-02-01T16:09:06+08:00 ] 61.140.198.135 /admin.php/article/img/favicon/favicon.png
INFO: [ app_init ] --START--
INFO: Run Behavior\BuildLiteBehavior [ RunTime:0.000027s ]
INFO: [ app_init ] --END-- [ RunTime:0.000459s ]

[ 2018-02-01T16:09:11+08:00 ] 61.140.198.135 /admin.php/article/edit/id/103.html
INFO: [ app_init ] --START--
INFO: Run Behavior\BuildLiteBehavior [ RunTime:0.000026s ]
INFO: [ app_init ] --END-- [ RunTime:0.000417s ]
INFO: [ app_begin ] --START--
INFO: Run Behavior\ReadHtmlCacheBehavior [ RunTime:0.000712s ]
INFO: [ app_begin ] --END-- [ RunTime:0.000795s ]
SQL: SHOW COLUMNS FROM `joung_view` [ RunTime:0.0023s ]
SQL: SELECT COUNT(*) AS tp_count FROM `joung_view` LIMIT 1   [ RunTime:0.0002s ]
SQL: SHOW COLUMNS FROM `joung_user` [ RunTime:0.0017s ]
SQL: SELECT COUNT(*) AS tp_count FROM `joung_user` LIMIT 1   [ RunTime:0.0003s ]
SQL: SHOW COLUMNS FROM `joung_content` [ RunTime:0.0018s ]
SQL: SELECT COUNT(*) AS tp_count FROM `joung_content` LIMIT 1   [ RunTime:0.0003s ]
SQL: SELECT * FROM `joung_user` WHERE `id` = 5 LIMIT 1   [ RunTime:0.0003s ]
SQL: SELECT * FROM `joung_content` WHERE `id` = 103 LIMIT 1   [ RunTime:0.0004s ]
SQL: SHOW COLUMNS FROM `joung_columu` [ RunTime:0.0018s ]
SQL: SELECT * FROM `joung_columu`  [ RunTime:0.0003s ]
SQL: SHOW COLUMNS FROM `joung_tag` [ RunTime:0.0016s ]
SQL: SELECT * FROM `joung_tag`  [ RunTime:0.0003s ]
SQL: SHOW COLUMNS FROM `joung_type` [ RunTime:0.0020s ]
SQL: SELECT * FROM `joung_type`  [ RunTime:0.0002s ]
INFO: [ view_parse ] --START--
INFO: [ template_filter ] --START--
INFO: Run Behavior\ContentReplaceBehavior [ RunTime:0.000267s ]
INFO: [ template_filter ] --END-- [ RunTime:0.000349s ]
NOTIC: [8] Undefined variable: bread C:\web\admin\Runtime\Cache\Home\b0a77f94c4daf4f5e7feefc012fff2b0.php 第 255 行.
NOTIC: [8] Undefined index: author C:\web\admin\Runtime\Cache\Home\b0a77f94c4daf4f5e7feefc012fff2b0.php 第 304 行.
NOTIC: [8] Undefined index: have C:\web\admin\Runtime\Cache\Home\b0a77f94c4daf4f5e7feefc012fff2b0.php 第 343 行.
NOTIC: [8] Undefined index: have C:\web\admin\Runtime\Cache\Home\b0a77f94c4daf4f5e7feefc012fff2b0.php 第 343 行.
NOTIC: [8] Undefined index: have C:\web\admin\Runtime\Cache\Home\b0a77f94c4daf4f5e7feefc012fff2b0.php 第 343 行.
NOTIC: [8] Undefined index: have C:\web\admin\Runtime\Cache\Home\b0a77f94c4daf4f5e7feefc012fff2b0.php 第 343 行.
NOTIC: [8] Undefined index: have C:\web\admin\Runtime\Cache\Home\b0a77f94c4daf4f5e7feefc012fff2b0.php 第 343 行.
NOTIC: [8] Undefined index: have C:\web\admin\Runtime\Cache\Home\b0a77f94c4daf4f5e7feefc012fff2b0.php 第 343 行.
NOTIC: [8] Undefined index: have C:\web\admin\Runtime\Cache\Home\b0a77f94c4daf4f5e7feefc012fff2b0.php 第 343 行.
NOTIC: [8] Undefined index: have C:\web\admin\Runtime\Cache\Home\b0a77f94c4daf4f5e7feefc012fff2b0.php 第 343 行.
NOTIC: [8] Undefined index: have C:\web\admin\Runtime\Cache\Home\b0a77f94c4daf4f5e7feefc012fff2b0.php 第 343 行.
NOTIC: [8] Undefined index: have C:\web\admin\Runtime\Cache\Home\b0a77f94c4daf4f5e7feefc012fff2b0.php 第 343 行.
NOTIC: [8] Undefined index: have C:\web\admin\Runtime\Cache\Home\b0a77f94c4daf4f5e7feefc012fff2b0.php 第 343 行.
NOTIC: [8] Undefined index: have C:\web\admin\Runtime\Cache\Home\b0a77f94c4daf4f5e7feefc012fff2b0.php 第 343 行.
NOTIC: [8] Undefined index: have C:\web\admin\Runtime\Cache\Home\b0a77f94c4daf4f5e7feefc012fff2b0.php 第 343 行.
NOTIC: [8] Undefined index: have C:\web\admin\Runtime\Cache\Home\b0a77f94c4daf4f5e7feefc012fff2b0.php 第 343 行.
NOTIC: [8] Undefined index: have C:\web\admin\Runtime\Cache\Home\b0a77f94c4daf4f5e7feefc012fff2b0.php 第 343 行.
NOTIC: [8] Undefined index: have C:\web\admin\Runtime\Cache\Home\b0a77f94c4daf4f5e7feefc012fff2b0.php 第 343 行.
NOTIC: [8] Undefined index: have C:\web\admin\Runtime\Cache\Home\b0a77f94c4daf4f5e7feefc012fff2b0.php 第 343 行.
NOTIC: [8] Undefined index: have C:\web\admin\Runtime\Cache\Home\b0a77f94c4daf4f5e7feefc012fff2b0.php 第 343 行.
NOTIC: [8] Undefined index: have C:\web\admin\Runtime\Cache\Home\b0a77f94c4daf4f5e7feefc012fff2b0.php 第 343 行.
NOTIC: [8] Undefined index: have C:\web\admin\Runtime\Cache\Home\b0a77f94c4daf4f5e7feefc012fff2b0.php 第 343 行.
NOTIC: [8] Undefined index: have C:\web\admin\Runtime\Cache\Home\b0a77f94c4daf4f5e7feefc012fff2b0.php 第 343 行.
NOTIC: [8] Undefined index: have C:\web\admin\Runtime\Cache\Home\b0a77f94c4daf4f5e7feefc012fff2b0.php 第 343 行.
NOTIC: [8] Undefined index: have C:\web\admin\Runtime\Cache\Home\b0a77f94c4daf4f5e7feefc012fff2b0.php 第 343 行.
NOTIC: [8] Undefined index: have C:\web\admin\Runtime\Cache\Home\b0a77f94c4daf4f5e7feefc012fff2b0.php 第 343 行.
NOTIC: [8] Undefined index: have C:\web\admin\Runtime\Cache\Home\b0a77f94c4daf4f5e7feefc012fff2b0.php 第 343 行.
NOTIC: [8] Undefined index: have C:\web\admin\Runtime\Cache\Home\b0a77f94c4daf4f5e7feefc012fff2b0.php 第 343 行.
NOTIC: [8] Undefined index: have C:\web\admin\Runtime\Cache\Home\b0a77f94c4daf4f5e7feefc012fff2b0.php 第 343 行.
NOTIC: [8] Undefined index: have C:\web\admin\Runtime\Cache\Home\b0a77f94c4daf4f5e7feefc012fff2b0.php 第 343 行.
NOTIC: [8] Undefined index: have C:\web\admin\Runtime\Cache\Home\b0a77f94c4daf4f5e7feefc012fff2b0.php 第 343 行.
NOTIC: [8] Undefined index: have C:\web\admin\Runtime\Cache\Home\b0a77f94c4daf4f5e7feefc012fff2b0.php 第 343 行.
NOTIC: [8] Undefined index: have C:\web\admin\Runtime\Cache\Home\b0a77f94c4daf4f5e7feefc012fff2b0.php 第 343 行.
NOTIC: [8] Undefined index: have C:\web\admin\Runtime\Cache\Home\b0a77f94c4daf4f5e7feefc012fff2b0.php 第 343 行.
NOTIC: [8] Undefined index: have C:\web\admin\Runtime\Cache\Home\b0a77f94c4daf4f5e7feefc012fff2b0.php 第 343 行.
NOTIC: [8] Undefined index: have C:\web\admin\Runtime\Cache\Home\b0a77f94c4daf4f5e7feefc012fff2b0.php 第 343 行.
NOTIC: [8] Undefined index: have C:\web\admin\Runtime\Cache\Home\b0a77f94c4daf4f5e7feefc012fff2b0.php 第 343 行.
NOTIC: [8] Undefined index: have C:\web\admin\Runtime\Cache\Home\b0a77f94c4daf4f5e7feefc012fff2b0.php 第 343 行.
NOTIC: [8] Undefined index: have C:\web\admin\Runtime\Cache\Home\b0a77f94c4daf4f5e7feefc012fff2b0.php 第 343 行.
NOTIC: [8] Undefined index: have C:\web\admin\Runtime\Cache\Home\b0a77f94c4daf4f5e7feefc012fff2b0.php 第 343 行.
NOTIC: [8] Undefined index: have C:\web\admin\Runtime\Cache\Home\b0a77f94c4daf4f5e7feefc012fff2b0.php 第 343 行.
NOTIC: [8] Undefined index: have C:\web\admin\Runtime\Cache\Home\b0a77f94c4daf4f5e7feefc012fff2b0.php 第 343 行.
NOTIC: [8] Undefined index: have C:\web\admin\Runtime\Cache\Home\b0a77f94c4daf4f5e7feefc012fff2b0.php 第 343 行.
NOTIC: [8] Undefined index: have C:\web\admin\Runtime\Cache\Home\b0a77f94c4daf4f5e7feefc012fff2b0.php 第 343 行.
NOTIC: [8] Undefined index: have C:\web\admin\Runtime\Cache\Home\b0a77f94c4daf4f5e7feefc012fff2b0.php 第 343 行.
NOTIC: [8] Undefined index: have C:\web\admin\Runtime\Cache\Home\b0a77f94c4daf4f5e7feefc012fff2b0.php 第 343 行.
NOTIC: [8] Undefined index: have C:\web\admin\Runtime\Cache\Home\b0a77f94c4daf4f5e7feefc012fff2b0.php 第 343 行.
NOTIC: [8] Undefined index: have C:\web\admin\Runtime\Cache\Home\b0a77f94c4daf4f5e7feefc012fff2b0.php 第 343 行.
NOTIC: [8] Undefined index: have C:\web\admin\Runtime\Cache\Home\b0a77f94c4daf4f5e7feefc012fff2b0.php 第 343 行.
NOTIC: [8] Use of undefined constant type - assumed 'type' C:\web\admin\Runtime\Cache\Home\b0a77f94c4daf4f5e7feefc012fff2b0.php 第 358 行.
SQL: SELECT `name` FROM `joung_type` WHERE `id` = 2 LIMIT 1   [ RunTime:0.0004s ]
NOTIC: [8] Use of undefined constant columu - assumed 'columu' C:\web\admin\Runtime\Cache\Home\b0a77f94c4daf4f5e7feefc012fff2b0.php 第 380 行.
SQL: SELECT `name` FROM `joung_columu` WHERE `id` = 2 LIMIT 1   [ RunTime:0.0003s ]
INFO: Run Behavior\ParseTemplateBehavior [ RunTime:0.050994s ]
INFO: [ view_parse ] --END-- [ RunTime:0.051072s ]
INFO: [ view_filter ] --START--
INFO: Run Behavior\WriteHtmlCacheBehavior [ RunTime:0.000396s ]
INFO: [ view_filter ] --END-- [ RunTime:0.000466s ]
INFO: [ app_end ] --START--
INFO: Run Behavior\ShowPageTraceBehavior [ RunTime:0.000694s ]
INFO: [ app_end ] --END-- [ RunTime:0.000765s ]

[ 2018-02-01T16:09:14+08:00 ] 61.140.198.135 /admin.php/article/edit/id/img/favicon/favicon.png
INFO: [ app_init ] --START--
INFO: Run Behavior\BuildLiteBehavior [ RunTime:0.000026s ]
INFO: [ app_init ] --END-- [ RunTime:0.000467s ]

[ 2018-02-01T16:09:18+08:00 ] 61.140.198.135 /admin.php/Data/data.html
INFO: [ app_init ] --START--
INFO: Run Behavior\BuildLiteBehavior [ RunTime:0.000026s ]
INFO: [ app_init ] --END-- [ RunTime:0.000421s ]
INFO: [ app_begin ] --START--
INFO: Run Behavior\ReadHtmlCacheBehavior [ RunTime:0.000674s ]
INFO: [ app_begin ] --END-- [ RunTime:0.000758s ]
SQL: SHOW COLUMNS FROM `joung_view` [ RunTime:0.0024s ]
SQL: SELECT COUNT(*) AS tp_count FROM `joung_view` LIMIT 1   [ RunTime:0.0002s ]
SQL: SHOW COLUMNS FROM `joung_user` [ RunTime:0.0022s ]
SQL: SELECT COUNT(*) AS tp_count FROM `joung_user` LIMIT 1   [ RunTime:0.0003s ]
SQL: SHOW COLUMNS FROM `joung_content` [ RunTime:0.0019s ]
SQL: SELECT COUNT(*) AS tp_count FROM `joung_content` LIMIT 1   [ RunTime:0.0003s ]
SQL: SELECT * FROM `joung_user` WHERE `id` = 5 LIMIT 1   [ RunTime:0.0003s ]
SQL: SELECT COUNT(*) AS tp_count FROM `joung_view` LIMIT 1   [ RunTime:0.0002s ]
SQL: SELECT COUNT(DISTINCT ip) AS tp_count FROM `joung_view` LIMIT 1   [ RunTime:0.2937s ]
SQL: SELECT COUNT(*) AS tp_count FROM `joung_view` WHERE `date` BETWEEN 1517414400 AND 1517500800 LIMIT 1   [ RunTime:0.0725s ]
SQL: SELECT * FROM `joung_view` ORDER BY id DESC LIMIT 0,20   [ RunTime:0.0005s ]
INFO: [ view_parse ] --START--
INFO: [ template_filter ] --START--
INFO: Run Behavior\ContentReplaceBehavior [ RunTime:0.000161s ]
INFO: [ template_filter ] --END-- [ RunTime:0.000239s ]
INFO: Run Behavior\ParseTemplateBehavior [ RunTime:0.022209s ]
INFO: [ view_parse ] --END-- [ RunTime:0.022289s ]
INFO: [ view_filter ] --START--
INFO: Run Behavior\WriteHtmlCacheBehavior [ RunTime:0.000297s ]
INFO: [ view_filter ] --END-- [ RunTime:0.000364s ]
INFO: [ app_end ] --START--
INFO: Run Behavior\ShowPageTraceBehavior [ RunTime:0.000597s ]
INFO: [ app_end ] --END-- [ RunTime:0.000669s ]

[ 2018-02-01T16:09:23+08:00 ] 61.140.198.135 /admin.php/
INFO: [ app_init ] --START--
INFO: Run Behavior\BuildLiteBehavior [ RunTime:0.000026s ]
INFO: [ app_init ] --END-- [ RunTime:0.000422s ]
INFO: [ app_begin ] --START--
INFO: Run Behavior\ReadHtmlCacheBehavior [ RunTime:0.000752s ]
INFO: [ app_begin ] --END-- [ RunTime:0.000830s ]
INFO: [ view_parse ] --START--
INFO: [ template_filter ] --START--
INFO: Run Behavior\ContentReplaceBehavior [ RunTime:0.000110s ]
INFO: [ template_filter ] --END-- [ RunTime:0.000183s ]
INFO: Run Behavior\ParseTemplateBehavior [ RunTime:0.009158s ]
INFO: [ view_parse ] --END-- [ RunTime:0.009229s ]
INFO: [ view_filter ] --START--
INFO: Run Behavior\WriteHtmlCacheBehavior [ RunTime:0.000278s ]
INFO: [ view_filter ] --END-- [ RunTime:0.000344s ]
INFO: [ app_end ] --START--
INFO: Run Behavior\ShowPageTraceBehavior [ RunTime:0.000621s ]
INFO: [ app_end ] --END-- [ RunTime:0.000711s ]

[ 2018-02-01T16:09:27+08:00 ] 61.140.198.135 /admin.php/login/login.html
INFO: [ app_init ] --START--
INFO: Run Behavior\BuildLiteBehavior [ RunTime:0.000028s ]
INFO: [ app_init ] --END-- [ RunTime:0.000431s ]
INFO: [ app_begin ] --START--
INFO: Run Behavior\ReadHtmlCacheBehavior [ RunTime:0.000604s ]
INFO: [ app_begin ] --END-- [ RunTime:0.000683s ]
SQL: SHOW COLUMNS FROM `joung_user` [ RunTime:0.0024s ]
SQL: SELECT * FROM `joung_user` WHERE `username` = 'joungpig' LIMIT 1   [ RunTime:0.0004s ]
SQL: UPDATE `joung_user` SET `logintime`='2018-02-01 16:09:27',`ip`='61.140.198.135',`count`='136' WHERE `id` = 5 [ RunTime:0.0055s ]

[ 2018-02-01T16:09:29+08:00 ] 61.140.198.135 /admin.php/Index/index.html
INFO: [ app_init ] --START--
INFO: Run Behavior\BuildLiteBehavior [ RunTime:0.000029s ]
INFO: [ app_init ] --END-- [ RunTime:0.000443s ]
INFO: [ app_begin ] --START--
INFO: Run Behavior\ReadHtmlCacheBehavior [ RunTime:0.000613s ]
INFO: [ app_begin ] --END-- [ RunTime:0.000693s ]
SQL: SHOW COLUMNS FROM `joung_view` [ RunTime:0.0021s ]
SQL: SELECT COUNT(*) AS tp_count FROM `joung_view` LIMIT 1   [ RunTime:0.0002s ]
SQL: SHOW COLUMNS FROM `joung_user` [ RunTime:0.0018s ]
SQL: SELECT COUNT(*) AS tp_count FROM `joung_user` LIMIT 1   [ RunTime:0.0003s ]
SQL: SHOW COLUMNS FROM `joung_content` [ RunTime:0.0022s ]
SQL: SELECT COUNT(*) AS tp_count FROM `joung_content` LIMIT 1   [ RunTime:0.0003s ]
SQL: SELECT * FROM `joung_user` WHERE `id` = 5 LIMIT 1   [ RunTime:0.0004s ]
SQL: SELECT COUNT(*) AS tp_count FROM `joung_view` WHERE ( `date` BETWEEN 1514736000 AND 1517414399  ) LIMIT 1   [ RunTime:0.0756s ]
SQL: SELECT COUNT(*) AS tp_count FROM `joung_view` WHERE ( `date` BETWEEN 1517414400 AND 1519833599  ) LIMIT 1   [ RunTime:0.0754s ]
SQL: SELECT COUNT(*) AS tp_count FROM `joung_view` WHERE ( `date` BETWEEN 1519833600 AND 1522511999  ) LIMIT 1   [ RunTime:0.0764s ]
SQL: SELECT COUNT(*) AS tp_count FROM `joung_view` WHERE ( `date` BETWEEN 1522512000 AND 1525103999  ) LIMIT 1   [ RunTime:0.0788s ]
SQL: SELECT COUNT(*) AS tp_count FROM `joung_view` WHERE ( `date` BETWEEN 1525104000 AND 1527782399  ) LIMIT 1   [ RunTime:0.0773s ]
SQL: SELECT COUNT(*) AS tp_count FROM `joung_view` WHERE ( `date` BETWEEN 1527782400 AND 1530374399  ) LIMIT 1   [ RunTime:0.0828s ]
SQL: SELECT COUNT(*) AS tp_count FROM `joung_view` WHERE ( `date` BETWEEN 1530374400 AND 1533052799  ) LIMIT 1   [ RunTime:0.0786s ]
SQL: SELECT COUNT(*) AS tp_count FROM `joung_view` WHERE ( `date` BETWEEN 1533052800 AND 1535731199  ) LIMIT 1   [ RunTime:0.0773s ]
SQL: SELECT COUNT(*) AS tp_count FROM `joung_view` WHERE ( `date` BETWEEN 1535731200 AND 1538323199  ) LIMIT 1   [ RunTime:0.0785s ]
SQL: SELECT COUNT(*) AS tp_count FROM `joung_view` WHERE ( `date` BETWEEN 1538323200 AND 1541001599  ) LIMIT 1   [ RunTime:0.0762s ]
SQL: SELECT COUNT(*) AS tp_count FROM `joung_view` WHERE ( `date` BETWEEN 1541001600 AND 1543593599  ) LIMIT 1   [ RunTime:0.0733s ]
SQL: SELECT COUNT(*) AS tp_count FROM `joung_view` WHERE ( `date` BETWEEN 1543593600 AND 1546271999  ) LIMIT 1   [ RunTime:0.0728s ]
SQL: SHOW COLUMNS FROM `joung_columu` [ RunTime:0.0022s ]
SQL: SELECT `id`,`name` FROM `joung_columu` WHERE `type` = 1  [ RunTime:0.0003s ]
SQL: SELECT COUNT(*) AS tp_count FROM `joung_content` WHERE `columuid` = 2 LIMIT 1   [ RunTime:0.0003s ]
SQL: SELECT COUNT(*) AS tp_count FROM `joung_content` WHERE `columuid` = 3 LIMIT 1   [ RunTime:0.0003s ]
SQL: SELECT COUNT(*) AS tp_count FROM `joung_content` WHERE `columuid` = 4 LIMIT 1   [ RunTime:0.0003s ]
SQL: SELECT COUNT(*) AS tp_count FROM `joung_content` WHERE `columuid` = 6 LIMIT 1   [ RunTime:0.0003s ]
INFO: [ view_parse ] --START--
INFO: [ template_filter ] --START--
INFO: Run Behavior\ContentReplaceBehavior [ RunTime:0.000169s ]
INFO: [ template_filter ] --END-- [ RunTime:0.000246s ]
INFO: Run Behavior\ParseTemplateBehavior [ RunTime:0.016138s ]
INFO: [ view_parse ] --END-- [ RunTime:0.016215s ]
INFO: [ view_filter ] --START--
INFO: Run Behavior\WriteHtmlCacheBehavior [ RunTime:0.000282s ]
INFO: [ view_filter ] --END-- [ RunTime:0.000347s ]
INFO: [ app_end ] --START--
INFO: Run Behavior\ShowPageTraceBehavior [ RunTime:0.000590s ]
INFO: [ app_end ] --END-- [ RunTime:0.000661s ]

[ 2018-02-01T16:09:32+08:00 ] 140.205.205.34 /admin.php/article/edit/id/103.html
INFO: [ app_init ] --START--
INFO: Run Behavior\BuildLiteBehavior [ RunTime:0.000027s ]
INFO: [ app_init ] --END-- [ RunTime:0.000461s ]
INFO: [ app_begin ] --START--
INFO: Run Behavior\ReadHtmlCacheBehavior [ RunTime:0.000710s ]
INFO: [ app_begin ] --END-- [ RunTime:0.000796s ]
NOTIC: [8] Undefined index: uid C:\web\admin\Home\Controller\PublicController.class.php 第 13 行.

[ 2018-02-01T16:09:32+08:00 ] 140.205.205.34 /admin.php/login/login.html
INFO: [ app_init ] --START--
INFO: Run Behavior\BuildLiteBehavior [ RunTime:0.000026s ]
INFO: [ app_init ] --END-- [ RunTime:0.000420s ]
INFO: [ app_begin ] --START--
INFO: Run Behavior\ReadHtmlCacheBehavior [ RunTime:0.000646s ]
INFO: [ app_begin ] --END-- [ RunTime:0.000724s ]
INFO: [ view_parse ] --START--
INFO: [ template_filter ] --START--
INFO: Run Behavior\ContentReplaceBehavior [ RunTime:0.000113s ]
INFO: [ template_filter ] --END-- [ RunTime:0.000188s ]
INFO: Run Behavior\ParseTemplateBehavior [ RunTime:0.009662s ]
INFO: [ view_parse ] --END-- [ RunTime:0.009743s ]
INFO: [ view_filter ] --START--
INFO: Run Behavior\WriteHtmlCacheBehavior [ RunTime:0.000371s ]
INFO: [ view_filter ] --END-- [ RunTime:0.000439s ]
INFO: [ app_end ] --START--
INFO: Run Behavior\ShowPageTraceBehavior [ RunTime:0.000722s ]
INFO: [ app_end ] --END-- [ RunTime:0.000791s ]

[ 2018-02-01T16:12:12+08:00 ] 140.205.225.227 /admin.php/article/edit/id/103.html
INFO: [ app_init ] --START--
INFO: Run Behavior\BuildLiteBehavior [ RunTime:0.000023s ]
INFO: [ app_init ] --END-- [ RunTime:0.000352s ]
INFO: [ app_begin ] --START--
INFO: Run Behavior\ReadHtmlCacheBehavior [ RunTime:0.000420s ]
INFO: [ app_begin ] --END-- [ RunTime:0.000489s ]
NOTIC: [8] Undefined index: uid C:\web\admin\Home\Controller\PublicController.class.php 第 13 行.

[ 2018-02-01T16:12:12+08:00 ] 140.205.225.227 /admin.php/login/login.html
INFO: [ app_init ] --START--
INFO: Run Behavior\BuildLiteBehavior [ RunTime:0.000021s ]
INFO: [ app_init ] --END-- [ RunTime:0.000336s ]
INFO: [ app_begin ] --START--
INFO: Run Behavior\ReadHtmlCacheBehavior [ RunTime:0.000409s ]
INFO: [ app_begin ] --END-- [ RunTime:0.000479s ]
INFO: [ view_parse ] --START--
INFO: [ template_filter ] --START--
INFO: Run Behavior\ContentReplaceBehavior [ RunTime:0.000098s ]
INFO: [ template_filter ] --END-- [ RunTime:0.000165s ]
INFO: Run Behavior\ParseTemplateBehavior [ RunTime:0.007291s ]
INFO: [ view_parse ] --END-- [ RunTime:0.007355s ]
INFO: [ view_filter ] --START--
INFO: Run Behavior\WriteHtmlCacheBehavior [ RunTime:0.000204s ]
INFO: [ view_filter ] --END-- [ RunTime:0.000261s ]
INFO: [ app_end ] --START--
INFO: Run Behavior\ShowPageTraceBehavior [ RunTime:0.000416s ]
INFO: [ app_end ] --END-- [ RunTime:0.000474s ]

[ 2018-02-01T18:51:24+08:00 ] 116.22.1.103 /admin.php
INFO: [ app_init ] --START--
INFO: Run Behavior\BuildLiteBehavior [ RunTime:0.000023s ]
INFO: [ app_init ] --END-- [ RunTime:0.000389s ]
INFO: [ app_begin ] --START--
INFO: Run Behavior\ReadHtmlCacheBehavior [ RunTime:0.000554s ]
INFO: [ app_begin ] --END-- [ RunTime:0.000642s ]
INFO: [ view_parse ] --START--
INFO: [ template_filter ] --START--
INFO: Run Behavior\ContentReplaceBehavior [ RunTime:0.000103s ]
INFO: [ template_filter ] --END-- [ RunTime:0.000173s ]
INFO: Run Behavior\ParseTemplateBehavior [ RunTime:0.016532s ]
INFO: [ view_parse ] --END-- [ RunTime:0.016597s ]
INFO: [ view_filter ] --START--
INFO: Run Behavior\WriteHtmlCacheBehavior [ RunTime:0.000225s ]
INFO: [ view_filter ] --END-- [ RunTime:0.000281s ]
INFO: [ app_end ] --START--
INFO: Run Behavior\ShowPageTraceBehavior [ RunTime:0.000432s ]
INFO: [ app_end ] --END-- [ RunTime:0.000492s ]

