[ 2018-03-23T11:52:50+08:00 ] 127.0.0.1 /admin.php
INFO: [ app_init ] --START--
INFO: Run Behavior\BuildLiteBehavior [ RunTime:0.000000s ]
INFO: [ app_init ] --END-- [ RunTime:0.001000s ]

[ 2018-03-23T11:52:56+08:00 ] 127.0.0.1 /admin.php/login/login.html
INFO: [ app_init ] --START--
INFO: Run Behavior\BuildLiteBehavior [ RunTime:0.000000s ]
INFO: [ app_init ] --END-- [ RunTime:0.000000s ]
INFO: [ app_begin ] --START--
INFO: Run Behavior\ReadHtmlCacheBehavior [ RunTime:0.001000s ]
INFO: [ app_begin ] --END-- [ RunTime:0.001000s ]
ERR: SQLSTATE[HY000] [1049] Unknown database 'joungpig'

[ 2018-03-23T11:52:57+08:00 ] 127.0.0.1 /admin.php/login/login.html
INFO: [ app_init ] --START--
INFO: Run Behavior\BuildLiteBehavior [ RunTime:0.000000s ]
INFO: [ app_init ] --END-- [ RunTime:0.001000s ]
INFO: [ app_begin ] --START--
INFO: Run Behavior\ReadHtmlCacheBehavior [ RunTime:0.001000s ]
INFO: [ app_begin ] --END-- [ RunTime:0.001000s ]
ERR: SQLSTATE[HY000] [1049] Unknown database 'joungpig'

[ 2018-03-23T11:52:59+08:00 ] 127.0.0.1 /admin.php/login/login.html
INFO: [ app_init ] --START--
INFO: Run Behavior\BuildLiteBehavior [ RunTime:0.000000s ]
INFO: [ app_init ] --END-- [ RunTime:0.000000s ]
INFO: [ app_begin ] --START--
INFO: Run Behavior\ReadHtmlCacheBehavior [ RunTime:0.000000s ]
INFO: [ app_begin ] --END-- [ RunTime:0.000000s ]
ERR: SQLSTATE[HY000] [1049] Unknown database 'joungpig'

[ 2018-03-23T11:53:06+08:00 ] 127.0.0.1 /admin.php/login/login.html
INFO: [ app_init ] --START--
INFO: Run Behavior\BuildLiteBehavior [ RunTime:0.000000s ]
INFO: [ app_init ] --END-- [ RunTime:0.001000s ]
INFO: [ app_begin ] --START--
INFO: Run Behavior\ReadHtmlCacheBehavior [ RunTime:0.001000s ]
INFO: [ app_begin ] --END-- [ RunTime:0.001000s ]
ERR: SQLSTATE[HY000] [1049] Unknown database 'joungpig'

[ 2018-03-23T11:55:52+08:00 ] 127.0.0.1 /admin.php/login/login.html
INFO: [ app_init ] --START--
INFO: Run Behavior\BuildLiteBehavior [ RunTime:0.000000s ]
INFO: [ app_init ] --END-- [ RunTime:0.000000s ]
INFO: [ app_begin ] --START--
INFO: Run Behavior\ReadHtmlCacheBehavior [ RunTime:0.001000s ]
INFO: [ app_begin ] --END-- [ RunTime:0.001000s ]
SQL: SHOW COLUMNS FROM `joung_user` [ RunTime:0.0010s ]
SQL: SELECT * FROM `joung_user` WHERE `username` = 'joungpig' LIMIT 1   [ RunTime:0.0000s ]
SQL: UPDATE `joung_user` SET `logintime`='2018-03-23 11:55:52',`ip`='127.0.0.1',`count`='153' WHERE `id` = 5 [ RunTime:0.0350s ]

[ 2018-03-23T11:55:53+08:00 ] 127.0.0.1 /admin.php/index/index.html
INFO: [ app_init ] --START--
INFO: Run Behavior\BuildLiteBehavior [ RunTime:0.000000s ]
INFO: [ app_init ] --END-- [ RunTime:0.000000s ]

[ 2018-03-23T11:55:57+08:00 ] 127.0.0.1 /admin.php/columu/index.html
INFO: [ app_init ] --START--
INFO: Run Behavior\BuildLiteBehavior [ RunTime:0.000000s ]
INFO: [ app_init ] --END-- [ RunTime:0.000000s ]

[ 2018-03-23T11:55:58+08:00 ] 127.0.0.1 /admin.php/columu/add.html
INFO: [ app_init ] --START--
INFO: Run Behavior\BuildLiteBehavior [ RunTime:0.000000s ]
INFO: [ app_init ] --END-- [ RunTime:0.000000s ]

[ 2018-03-23T11:59:45+08:00 ] 127.0.0.1 /admin.php/columu/add.html
INFO: [ app_init ] --START--
INFO: Run Behavior\BuildLiteBehavior [ RunTime:0.000000s ]
INFO: [ app_init ] --END-- [ RunTime:0.000000s ]

[ 2018-03-23T12:01:45+08:00 ] 127.0.0.1 /admin.php/columu/add.html
INFO: [ app_init ] --START--
INFO: Run Behavior\BuildLiteBehavior [ RunTime:0.000000s ]
INFO: [ app_init ] --END-- [ RunTime:0.001000s ]
INFO: [ app_begin ] --START--
INFO: Run Behavior\ReadHtmlCacheBehavior [ RunTime:0.001000s ]
INFO: [ app_begin ] --END-- [ RunTime:0.001000s ]
SQL: SHOW COLUMNS FROM `joung_wx` [ RunTime:0.0020s ]
SQL: SELECT `id` FROM `joung_wx` WHERE `ip` = '127.0.0.1' LIMIT 1   [ RunTime:0.0010s ]
SQL: SHOW COLUMNS FROM `joung_view` [ RunTime:0.0010s ]
SQL: SELECT COUNT(*) AS tp_count FROM `joung_view` LIMIT 1   [ RunTime:0.0010s ]
SQL: SHOW COLUMNS FROM `joung_user` [ RunTime:0.0020s ]
SQL: SELECT COUNT(*) AS tp_count FROM `joung_user` LIMIT 1   [ RunTime:0.0000s ]
SQL: SHOW COLUMNS FROM `joung_content` [ RunTime:0.0030s ]
SQL: SELECT COUNT(*) AS tp_count FROM `joung_content` LIMIT 1   [ RunTime:0.0000s ]
SQL: SELECT * FROM `joung_user` WHERE `id` = 5 LIMIT 1   [ RunTime:0.0000s ]
INFO: [ view_parse ] --START--
INFO: [ template_filter ] --START--
INFO: Run Behavior\ContentReplaceBehavior [ RunTime:0.000000s ]
INFO: [ template_filter ] --END-- [ RunTime:0.000000s ]
INFO: Run Behavior\ParseTemplateBehavior [ RunTime:0.009000s ]
INFO: [ view_parse ] --END-- [ RunTime:0.009000s ]
INFO: [ view_filter ] --START--
INFO: Run Behavior\WriteHtmlCacheBehavior [ RunTime:0.000000s ]
INFO: [ view_filter ] --END-- [ RunTime:0.000000s ]
INFO: [ app_end ] --START--
INFO: Run Behavior\ShowPageTraceBehavior [ RunTime:0.000000s ]
INFO: [ app_end ] --END-- [ RunTime:0.001000s ]

[ 2018-03-23T12:01:47+08:00 ] 127.0.0.1 /admin.php/columu/add.html
INFO: [ app_init ] --START--
INFO: Run Behavior\BuildLiteBehavior [ RunTime:0.000000s ]
INFO: [ app_init ] --END-- [ RunTime:0.000000s ]
INFO: [ app_begin ] --START--
INFO: Run Behavior\ReadHtmlCacheBehavior [ RunTime:0.000000s ]
INFO: [ app_begin ] --END-- [ RunTime:0.000000s ]
SQL: SHOW COLUMNS FROM `joung_wx` [ RunTime:0.0020s ]
SQL: SELECT `id` FROM `joung_wx` WHERE `ip` = '127.0.0.1' LIMIT 1   [ RunTime:0.0000s ]
SQL: SHOW COLUMNS FROM `joung_view` [ RunTime:0.0020s ]
SQL: SELECT COUNT(*) AS tp_count FROM `joung_view` LIMIT 1   [ RunTime:0.0000s ]
SQL: SHOW COLUMNS FROM `joung_user` [ RunTime:0.0020s ]
SQL: SELECT COUNT(*) AS tp_count FROM `joung_user` LIMIT 1   [ RunTime:0.0000s ]
SQL: SHOW COLUMNS FROM `joung_content` [ RunTime:0.0030s ]
SQL: SELECT COUNT(*) AS tp_count FROM `joung_content` LIMIT 1   [ RunTime:0.0000s ]
SQL: SELECT * FROM `joung_user` WHERE `id` = 5 LIMIT 1   [ RunTime:0.0000s ]
INFO: [ view_parse ] --START--
INFO: [ template_filter ] --START--
INFO: Run Behavior\ContentReplaceBehavior [ RunTime:0.000000s ]
INFO: [ template_filter ] --END-- [ RunTime:0.000000s ]
INFO: Run Behavior\ParseTemplateBehavior [ RunTime:0.004000s ]
INFO: [ view_parse ] --END-- [ RunTime:0.004000s ]
INFO: [ view_filter ] --START--
INFO: Run Behavior\WriteHtmlCacheBehavior [ RunTime:0.000000s ]
INFO: [ view_filter ] --END-- [ RunTime:0.000000s ]
INFO: [ app_end ] --START--
INFO: Run Behavior\ShowPageTraceBehavior [ RunTime:0.001000s ]
INFO: [ app_end ] --END-- [ RunTime:0.001000s ]

[ 2018-03-23T12:01:59+08:00 ] 127.0.0.1 /admin.php/columu/add.html
INFO: [ app_init ] --START--
INFO: Run Behavior\BuildLiteBehavior [ RunTime:0.000000s ]
INFO: [ app_init ] --END-- [ RunTime:0.001000s ]
INFO: [ app_begin ] --START--
INFO: Run Behavior\ReadHtmlCacheBehavior [ RunTime:0.001000s ]
INFO: [ app_begin ] --END-- [ RunTime:0.001000s ]
SQL: SHOW COLUMNS FROM `joung_wx` [ RunTime:0.0020s ]
SQL: SELECT `id` FROM `joung_wx` WHERE `ip` = '127.0.0.1' LIMIT 1   [ RunTime:0.0000s ]
SQL: SHOW COLUMNS FROM `joung_view` [ RunTime:0.0020s ]
SQL: SELECT COUNT(*) AS tp_count FROM `joung_view` LIMIT 1   [ RunTime:0.0000s ]
SQL: SHOW COLUMNS FROM `joung_user` [ RunTime:0.0020s ]
SQL: SELECT COUNT(*) AS tp_count FROM `joung_user` LIMIT 1   [ RunTime:0.0010s ]
SQL: SHOW COLUMNS FROM `joung_content` [ RunTime:0.0020s ]
SQL: SELECT COUNT(*) AS tp_count FROM `joung_content` LIMIT 1   [ RunTime:0.0000s ]
SQL: SELECT * FROM `joung_user` WHERE `id` = 5 LIMIT 1   [ RunTime:0.0000s ]
INFO: [ view_parse ] --START--
INFO: [ template_filter ] --START--
INFO: Run Behavior\ContentReplaceBehavior [ RunTime:0.000000s ]
INFO: [ template_filter ] --END-- [ RunTime:0.000000s ]
INFO: Run Behavior\ParseTemplateBehavior [ RunTime:0.004000s ]
INFO: [ view_parse ] --END-- [ RunTime:0.004000s ]
INFO: [ view_filter ] --START--
INFO: Run Behavior\WriteHtmlCacheBehavior [ RunTime:0.000000s ]
INFO: [ view_filter ] --END-- [ RunTime:0.000000s ]
INFO: [ app_end ] --START--
INFO: Run Behavior\ShowPageTraceBehavior [ RunTime:0.000000s ]
INFO: [ app_end ] --END-- [ RunTime:0.000000s ]

[ 2018-03-23T12:02:56+08:00 ] 127.0.0.1 /admin.php/columu/index.html
INFO: [ app_init ] --START--
INFO: Run Behavior\BuildLiteBehavior [ RunTime:0.000000s ]
INFO: [ app_init ] --END-- [ RunTime:0.000000s ]
INFO: [ app_begin ] --START--
INFO: Run Behavior\ReadHtmlCacheBehavior [ RunTime:0.000000s ]
INFO: [ app_begin ] --END-- [ RunTime:0.000000s ]
SQL: SHOW COLUMNS FROM `joung_wx` [ RunTime:0.0020s ]
SQL: SELECT `id` FROM `joung_wx` WHERE `ip` = '127.0.0.1' LIMIT 1   [ RunTime:0.0000s ]
SQL: SHOW COLUMNS FROM `joung_view` [ RunTime:0.0020s ]
SQL: SELECT COUNT(*) AS tp_count FROM `joung_view` LIMIT 1   [ RunTime:0.0000s ]
SQL: SHOW COLUMNS FROM `joung_user` [ RunTime:0.0020s ]
SQL: SELECT COUNT(*) AS tp_count FROM `joung_user` LIMIT 1   [ RunTime:0.0010s ]
SQL: SHOW COLUMNS FROM `joung_content` [ RunTime:0.0010s ]
SQL: SELECT COUNT(*) AS tp_count FROM `joung_content` LIMIT 1   [ RunTime:0.0000s ]
SQL: SELECT * FROM `joung_user` WHERE `id` = 5 LIMIT 1   [ RunTime:0.0000s ]
SQL: SHOW COLUMNS FROM `joung_columu` [ RunTime:0.0020s ]
SQL: SELECT COUNT(*) AS tp_count FROM `joung_columu` WHERE `state` <> 2 LIMIT 1   [ RunTime:0.0000s ]
SQL: SELECT * FROM `joung_columu` WHERE `state` <> 2 ORDER BY id DESC LIMIT 0,20   [ RunTime:0.0000s ]
INFO: [ view_parse ] --START--
INFO: [ template_filter ] --START--
INFO: Run Behavior\ContentReplaceBehavior [ RunTime:0.000000s ]
INFO: [ template_filter ] --END-- [ RunTime:0.000000s ]
NOTIC: [8] Undefined variable: bread D:\my\admin\Runtime\Cache\Home\5d43c9207baf0c4094165eebf653af3f.php 第 285 行.
INFO: Run Behavior\ParseTemplateBehavior [ RunTime:0.010000s ]
INFO: [ view_parse ] --END-- [ RunTime:0.010000s ]
INFO: [ view_filter ] --START--
INFO: Run Behavior\WriteHtmlCacheBehavior [ RunTime:0.000000s ]
INFO: [ view_filter ] --END-- [ RunTime:0.000000s ]
INFO: [ app_end ] --START--
INFO: Run Behavior\ShowPageTraceBehavior [ RunTime:0.001000s ]
INFO: [ app_end ] --END-- [ RunTime:0.001000s ]

[ 2018-03-23T12:02:57+08:00 ] 127.0.0.1 /admin.php/columu/add.html
INFO: [ app_init ] --START--
INFO: Run Behavior\BuildLiteBehavior [ RunTime:0.000000s ]
INFO: [ app_init ] --END-- [ RunTime:0.001000s ]
INFO: [ app_begin ] --START--
INFO: Run Behavior\ReadHtmlCacheBehavior [ RunTime:0.000000s ]
INFO: [ app_begin ] --END-- [ RunTime:0.000000s ]
SQL: SHOW COLUMNS FROM `joung_wx` [ RunTime:0.0020s ]
SQL: SELECT `id` FROM `joung_wx` WHERE `ip` = '127.0.0.1' LIMIT 1   [ RunTime:0.0000s ]
SQL: SHOW COLUMNS FROM `joung_view` [ RunTime:0.0020s ]
SQL: SELECT COUNT(*) AS tp_count FROM `joung_view` LIMIT 1   [ RunTime:0.0000s ]
SQL: SHOW COLUMNS FROM `joung_user` [ RunTime:0.0030s ]
SQL: SELECT COUNT(*) AS tp_count FROM `joung_user` LIMIT 1   [ RunTime:0.0000s ]
SQL: SHOW COLUMNS FROM `joung_content` [ RunTime:0.0020s ]
SQL: SELECT COUNT(*) AS tp_count FROM `joung_content` LIMIT 1   [ RunTime:0.0000s ]
SQL: SELECT * FROM `joung_user` WHERE `id` = 5 LIMIT 1   [ RunTime:0.0000s ]
INFO: [ view_parse ] --START--
INFO: [ template_filter ] --START--
INFO: Run Behavior\ContentReplaceBehavior [ RunTime:0.000000s ]
INFO: [ template_filter ] --END-- [ RunTime:0.000000s ]
INFO: Run Behavior\ParseTemplateBehavior [ RunTime:0.005000s ]
INFO: [ view_parse ] --END-- [ RunTime:0.005000s ]
INFO: [ view_filter ] --START--
INFO: Run Behavior\WriteHtmlCacheBehavior [ RunTime:0.000000s ]
INFO: [ view_filter ] --END-- [ RunTime:0.000000s ]
INFO: [ app_end ] --START--
INFO: Run Behavior\ShowPageTraceBehavior [ RunTime:0.000000s ]
INFO: [ app_end ] --END-- [ RunTime:0.000000s ]

[ 2018-03-23T12:04:29+08:00 ] 127.0.0.1 /admin.php/columu/index.html
INFO: [ app_init ] --START--
INFO: Run Behavior\BuildLiteBehavior [ RunTime:0.000000s ]
INFO: [ app_init ] --END-- [ RunTime:0.000000s ]
INFO: [ app_begin ] --START--
INFO: Run Behavior\ReadHtmlCacheBehavior [ RunTime:0.000000s ]
INFO: [ app_begin ] --END-- [ RunTime:0.000000s ]
SQL: SHOW COLUMNS FROM `joung_wx` [ RunTime:0.0020s ]
SQL: SELECT `id` FROM `joung_wx` WHERE `ip` = '127.0.0.1' LIMIT 1   [ RunTime:0.0000s ]
SQL: SHOW COLUMNS FROM `joung_view` [ RunTime:0.0020s ]
SQL: SELECT COUNT(*) AS tp_count FROM `joung_view` LIMIT 1   [ RunTime:0.0000s ]
SQL: SHOW COLUMNS FROM `joung_user` [ RunTime:0.0020s ]
SQL: SELECT COUNT(*) AS tp_count FROM `joung_user` LIMIT 1   [ RunTime:0.0000s ]
SQL: SHOW COLUMNS FROM `joung_content` [ RunTime:0.0020s ]
SQL: SELECT COUNT(*) AS tp_count FROM `joung_content` LIMIT 1   [ RunTime:0.0000s ]
SQL: SELECT * FROM `joung_user` WHERE `id` = 5 LIMIT 1   [ RunTime:0.0010s ]
SQL: SHOW COLUMNS FROM `joung_columu` [ RunTime:0.0020s ]
SQL: SELECT COUNT(*) AS tp_count FROM `joung_columu` WHERE `state` <> 2 LIMIT 1   [ RunTime:0.0000s ]
SQL: SELECT * FROM `joung_columu` WHERE `state` <> 2 ORDER BY id DESC LIMIT 0,20   [ RunTime:0.0000s ]
INFO: [ view_parse ] --START--
INFO: [ template_filter ] --START--
INFO: Run Behavior\ContentReplaceBehavior [ RunTime:0.000000s ]
INFO: [ template_filter ] --END-- [ RunTime:0.000000s ]
NOTIC: [8] Undefined variable: bread D:\my\admin\Runtime\Cache\Home\5d43c9207baf0c4094165eebf653af3f.php 第 285 行.
INFO: Run Behavior\ParseTemplateBehavior [ RunTime:0.009000s ]
INFO: [ view_parse ] --END-- [ RunTime:0.009000s ]
INFO: [ view_filter ] --START--
INFO: Run Behavior\WriteHtmlCacheBehavior [ RunTime:0.001000s ]
INFO: [ view_filter ] --END-- [ RunTime:0.001000s ]
INFO: [ app_end ] --START--
INFO: Run Behavior\ShowPageTraceBehavior [ RunTime:0.000000s ]
INFO: [ app_end ] --END-- [ RunTime:0.000000s ]

[ 2018-03-23T12:04:30+08:00 ] 127.0.0.1 /admin.php/columu/add.html
INFO: [ app_init ] --START--
INFO: Run Behavior\BuildLiteBehavior [ RunTime:0.000000s ]
INFO: [ app_init ] --END-- [ RunTime:0.000000s ]
INFO: [ app_begin ] --START--
INFO: Run Behavior\ReadHtmlCacheBehavior [ RunTime:0.000000s ]
INFO: [ app_begin ] --END-- [ RunTime:0.000000s ]
SQL: SHOW COLUMNS FROM `joung_wx` [ RunTime:0.0020s ]
SQL: SELECT `id` FROM `joung_wx` WHERE `ip` = '127.0.0.1' LIMIT 1   [ RunTime:0.0000s ]
SQL: SHOW COLUMNS FROM `joung_view` [ RunTime:0.0020s ]
SQL: SELECT COUNT(*) AS tp_count FROM `joung_view` LIMIT 1   [ RunTime:0.0000s ]
SQL: SHOW COLUMNS FROM `joung_user` [ RunTime:0.0020s ]
SQL: SELECT COUNT(*) AS tp_count FROM `joung_user` LIMIT 1   [ RunTime:0.0000s ]
SQL: SHOW COLUMNS FROM `joung_content` [ RunTime:0.0020s ]
SQL: SELECT COUNT(*) AS tp_count FROM `joung_content` LIMIT 1   [ RunTime:0.0010s ]
SQL: SELECT * FROM `joung_user` WHERE `id` = 5 LIMIT 1   [ RunTime:0.0000s ]
INFO: [ view_parse ] --START--
INFO: [ template_filter ] --START--
INFO: Run Behavior\ContentReplaceBehavior [ RunTime:0.000000s ]
INFO: [ template_filter ] --END-- [ RunTime:0.000000s ]
INFO: Run Behavior\ParseTemplateBehavior [ RunTime:0.004000s ]
INFO: [ view_parse ] --END-- [ RunTime:0.004000s ]
INFO: [ view_filter ] --START--
INFO: Run Behavior\WriteHtmlCacheBehavior [ RunTime:0.000000s ]
INFO: [ view_filter ] --END-- [ RunTime:0.000000s ]
INFO: [ app_end ] --START--
INFO: Run Behavior\ShowPageTraceBehavior [ RunTime:0.000000s ]
INFO: [ app_end ] --END-- [ RunTime:0.000000s ]

[ 2018-03-23T12:04:34+08:00 ] 127.0.0.1 /admin.php/columu/edit/id/6.html
INFO: [ app_init ] --START--
INFO: Run Behavior\BuildLiteBehavior [ RunTime:0.000000s ]
INFO: [ app_init ] --END-- [ RunTime:0.000000s ]
INFO: [ app_begin ] --START--
INFO: Run Behavior\ReadHtmlCacheBehavior [ RunTime:0.000000s ]
INFO: [ app_begin ] --END-- [ RunTime:0.000000s ]
SQL: SHOW COLUMNS FROM `joung_wx` [ RunTime:0.0020s ]
SQL: SELECT `id` FROM `joung_wx` WHERE `ip` = '127.0.0.1' LIMIT 1   [ RunTime:0.0000s ]
SQL: SHOW COLUMNS FROM `joung_view` [ RunTime:0.0020s ]
SQL: SELECT COUNT(*) AS tp_count FROM `joung_view` LIMIT 1   [ RunTime:0.0010s ]
SQL: SHOW COLUMNS FROM `joung_user` [ RunTime:0.0020s ]
SQL: SELECT COUNT(*) AS tp_count FROM `joung_user` LIMIT 1   [ RunTime:0.0000s ]
SQL: SHOW COLUMNS FROM `joung_content` [ RunTime:0.0020s ]
SQL: SELECT COUNT(*) AS tp_count FROM `joung_content` LIMIT 1   [ RunTime:0.0010s ]
SQL: SELECT * FROM `joung_user` WHERE `id` = 5 LIMIT 1   [ RunTime:0.0000s ]
SQL: SHOW COLUMNS FROM `joung_columu` [ RunTime:0.0020s ]
SQL: SELECT * FROM `joung_columu` WHERE `id` = 6 LIMIT 1   [ RunTime:0.0000s ]
INFO: [ view_parse ] --START--
INFO: [ template_filter ] --START--
INFO: Run Behavior\ContentReplaceBehavior [ RunTime:0.000000s ]
INFO: [ template_filter ] --END-- [ RunTime:0.000000s ]
NOTIC: [8] Undefined variable: content D:\my\admin\Runtime\Cache\Home\6125b545fe574a8acffd0faa3914c4cd.php 第 295 行.
NOTIC: [8] Undefined variable: content D:\my\admin\Runtime\Cache\Home\6125b545fe574a8acffd0faa3914c4cd.php 第 312 行.
NOTIC: [8] Undefined variable: workerid D:\my\admin\Runtime\Cache\Home\6125b545fe574a8acffd0faa3914c4cd.php 第 312 行.
NOTIC: [8] Undefined variable: content D:\my\admin\Runtime\Cache\Home\6125b545fe574a8acffd0faa3914c4cd.php 第 316 行.
NOTIC: [8] Undefined variable: content D:\my\admin\Runtime\Cache\Home\6125b545fe574a8acffd0faa3914c4cd.php 第 330 行.
NOTIC: [8] Undefined variable: content D:\my\admin\Runtime\Cache\Home\6125b545fe574a8acffd0faa3914c4cd.php 第 333 行.
NOTIC: [8] Undefined variable: content D:\my\admin\Runtime\Cache\Home\6125b545fe574a8acffd0faa3914c4cd.php 第 343 行.
INFO: Run Behavior\ParseTemplateBehavior [ RunTime:0.013000s ]
INFO: [ view_parse ] --END-- [ RunTime:0.013000s ]
INFO: [ view_filter ] --START--
INFO: Run Behavior\WriteHtmlCacheBehavior [ RunTime:0.000000s ]
INFO: [ view_filter ] --END-- [ RunTime:0.000000s ]
INFO: [ app_end ] --START--
INFO: Run Behavior\ShowPageTraceBehavior [ RunTime:0.001000s ]
INFO: [ app_end ] --END-- [ RunTime:0.001000s ]

[ 2018-03-23T12:04:38+08:00 ] 127.0.0.1 /admin.php/columu/edit.html
INFO: [ app_init ] --START--
INFO: Run Behavior\BuildLiteBehavior [ RunTime:0.000000s ]
INFO: [ app_init ] --END-- [ RunTime:0.000000s ]
INFO: [ app_begin ] --START--
INFO: Run Behavior\ReadHtmlCacheBehavior [ RunTime:0.000000s ]
INFO: [ app_begin ] --END-- [ RunTime:0.000000s ]
SQL: SHOW COLUMNS FROM `joung_wx` [ RunTime:0.0020s ]
SQL: SELECT `id` FROM `joung_wx` WHERE `ip` = '127.0.0.1' LIMIT 1   [ RunTime:0.0000s ]
SQL: SHOW COLUMNS FROM `joung_view` [ RunTime:0.0020s ]
SQL: SELECT COUNT(*) AS tp_count FROM `joung_view` LIMIT 1   [ RunTime:0.0000s ]
SQL: SHOW COLUMNS FROM `joung_user` [ RunTime:0.0020s ]
SQL: SELECT COUNT(*) AS tp_count FROM `joung_user` LIMIT 1   [ RunTime:0.0000s ]
SQL: SHOW COLUMNS FROM `joung_content` [ RunTime:0.0020s ]
SQL: SELECT COUNT(*) AS tp_count FROM `joung_content` LIMIT 1   [ RunTime:0.0000s ]
SQL: SELECT * FROM `joung_user` WHERE `id` = 5 LIMIT 1   [ RunTime:0.0010s ]

[ 2018-03-23T12:04:40+08:00 ] 127.0.0.1 /admin.php/columu/edit.html
INFO: [ app_init ] --START--
INFO: Run Behavior\BuildLiteBehavior [ RunTime:0.000000s ]
INFO: [ app_init ] --END-- [ RunTime:0.000000s ]
INFO: [ app_begin ] --START--
INFO: Run Behavior\ReadHtmlCacheBehavior [ RunTime:0.001000s ]
INFO: [ app_begin ] --END-- [ RunTime:0.001000s ]
SQL: SHOW COLUMNS FROM `joung_wx` [ RunTime:0.0020s ]
SQL: SELECT `id` FROM `joung_wx` WHERE `ip` = '127.0.0.1' LIMIT 1   [ RunTime:0.0000s ]
SQL: SHOW COLUMNS FROM `joung_view` [ RunTime:0.0020s ]
SQL: SELECT COUNT(*) AS tp_count FROM `joung_view` LIMIT 1   [ RunTime:0.0000s ]
SQL: SHOW COLUMNS FROM `joung_user` [ RunTime:0.0020s ]
SQL: SELECT COUNT(*) AS tp_count FROM `joung_user` LIMIT 1   [ RunTime:0.0000s ]
SQL: SHOW COLUMNS FROM `joung_content` [ RunTime:0.0020s ]
SQL: SELECT COUNT(*) AS tp_count FROM `joung_content` LIMIT 1   [ RunTime:0.0010s ]
SQL: SELECT * FROM `joung_user` WHERE `id` = 5 LIMIT 1   [ RunTime:0.0000s ]

[ 2018-03-23T12:08:19+08:00 ] 127.0.0.1 /admin.php/columu/add.html
INFO: [ app_init ] --START--
INFO: Run Behavior\BuildLiteBehavior [ RunTime:0.000000s ]
INFO: [ app_init ] --END-- [ RunTime:0.001000s ]
INFO: [ app_begin ] --START--
INFO: Run Behavior\ReadHtmlCacheBehavior [ RunTime:0.000000s ]
INFO: [ app_begin ] --END-- [ RunTime:0.000000s ]
SQL: SHOW COLUMNS FROM `joung_wx` [ RunTime:0.0020s ]
SQL: SELECT `id` FROM `joung_wx` WHERE `ip` = '127.0.0.1' LIMIT 1   [ RunTime:0.0000s ]
SQL: SHOW COLUMNS FROM `joung_view` [ RunTime:0.0020s ]
SQL: SELECT COUNT(*) AS tp_count FROM `joung_view` LIMIT 1   [ RunTime:0.0000s ]
SQL: SHOW COLUMNS FROM `joung_user` [ RunTime:0.0010s ]
SQL: SELECT COUNT(*) AS tp_count FROM `joung_user` LIMIT 1   [ RunTime:0.0010s ]
SQL: SHOW COLUMNS FROM `joung_content` [ RunTime:0.0020s ]
SQL: SELECT COUNT(*) AS tp_count FROM `joung_content` LIMIT 1   [ RunTime:0.0000s ]
SQL: SELECT * FROM `joung_user` WHERE `id` = 5 LIMIT 1   [ RunTime:0.0000s ]
SQL: SHOW COLUMNS FROM `joung_columu` [ RunTime:0.0020s ]
SQL: SELECT * FROM `joung_columu`  [ RunTime:0.0010s ]
INFO: [ view_parse ] --START--
INFO: [ template_filter ] --START--
INFO: Run Behavior\ContentReplaceBehavior [ RunTime:0.000000s ]
INFO: [ template_filter ] --END-- [ RunTime:0.000000s ]
INFO: Run Behavior\ParseTemplateBehavior [ RunTime:0.005000s ]
INFO: [ view_parse ] --END-- [ RunTime:0.005000s ]
INFO: [ view_filter ] --START--
INFO: Run Behavior\WriteHtmlCacheBehavior [ RunTime:0.000000s ]
INFO: [ view_filter ] --END-- [ RunTime:0.000000s ]
INFO: [ app_end ] --START--
INFO: Run Behavior\ShowPageTraceBehavior [ RunTime:0.001000s ]
INFO: [ app_end ] --END-- [ RunTime:0.001000s ]

[ 2018-03-23T12:08:31+08:00 ] 127.0.0.1 /admin.php/columu/add.html
INFO: [ app_init ] --START--
INFO: Run Behavior\BuildLiteBehavior [ RunTime:0.000000s ]
INFO: [ app_init ] --END-- [ RunTime:0.000000s ]
INFO: [ app_begin ] --START--
INFO: Run Behavior\ReadHtmlCacheBehavior [ RunTime:0.000000s ]
INFO: [ app_begin ] --END-- [ RunTime:0.000000s ]
SQL: SHOW COLUMNS FROM `joung_wx` [ RunTime:0.0020s ]
SQL: SELECT `id` FROM `joung_wx` WHERE `ip` = '127.0.0.1' LIMIT 1   [ RunTime:0.0000s ]
SQL: SHOW COLUMNS FROM `joung_view` [ RunTime:0.0030s ]
SQL: SELECT COUNT(*) AS tp_count FROM `joung_view` LIMIT 1   [ RunTime:0.0000s ]
SQL: SHOW COLUMNS FROM `joung_user` [ RunTime:0.0020s ]
SQL: SELECT COUNT(*) AS tp_count FROM `joung_user` LIMIT 1   [ RunTime:0.0000s ]
SQL: SHOW COLUMNS FROM `joung_content` [ RunTime:0.0020s ]
SQL: SELECT COUNT(*) AS tp_count FROM `joung_content` LIMIT 1   [ RunTime:0.0000s ]
SQL: SELECT * FROM `joung_user` WHERE `id` = 5 LIMIT 1   [ RunTime:0.0000s ]
SQL: SHOW COLUMNS FROM `joung_columu` [ RunTime:0.0020s ]
SQL: SELECT * FROM `joung_columu`  [ RunTime:0.0000s ]
INFO: [ view_parse ] --START--
INFO: [ template_filter ] --START--
INFO: Run Behavior\ContentReplaceBehavior [ RunTime:0.000000s ]
INFO: [ template_filter ] --END-- [ RunTime:0.000000s ]
INFO: Run Behavior\ParseTemplateBehavior [ RunTime:0.005000s ]
INFO: [ view_parse ] --END-- [ RunTime:0.005000s ]
INFO: [ view_filter ] --START--
INFO: Run Behavior\WriteHtmlCacheBehavior [ RunTime:0.000000s ]
INFO: [ view_filter ] --END-- [ RunTime:0.000000s ]
INFO: [ app_end ] --START--
INFO: Run Behavior\ShowPageTraceBehavior [ RunTime:0.000000s ]
INFO: [ app_end ] --END-- [ RunTime:0.000000s ]

[ 2018-03-23T12:09:30+08:00 ] 127.0.0.1 /admin.php/columu/add.html
INFO: [ app_init ] --START--
INFO: Run Behavior\BuildLiteBehavior [ RunTime:0.000000s ]
INFO: [ app_init ] --END-- [ RunTime:0.000000s ]
INFO: [ app_begin ] --START--
INFO: Run Behavior\ReadHtmlCacheBehavior [ RunTime:0.000000s ]
INFO: [ app_begin ] --END-- [ RunTime:0.000000s ]
SQL: SHOW COLUMNS FROM `joung_wx` [ RunTime:0.0030s ]
SQL: SELECT `id` FROM `joung_wx` WHERE `ip` = '127.0.0.1' LIMIT 1   [ RunTime:0.0000s ]
SQL: SHOW COLUMNS FROM `joung_view` [ RunTime:0.0030s ]
SQL: SELECT COUNT(*) AS tp_count FROM `joung_view` LIMIT 1   [ RunTime:0.0000s ]
SQL: SHOW COLUMNS FROM `joung_user` [ RunTime:0.0030s ]
SQL: SELECT COUNT(*) AS tp_count FROM `joung_user` LIMIT 1   [ RunTime:0.0000s ]
SQL: SHOW COLUMNS FROM `joung_content` [ RunTime:0.0020s ]
SQL: SELECT COUNT(*) AS tp_count FROM `joung_content` LIMIT 1   [ RunTime:0.0000s ]
SQL: SELECT * FROM `joung_user` WHERE `id` = 5 LIMIT 1   [ RunTime:0.0000s ]
SQL: SHOW COLUMNS FROM `joung_columu` [ RunTime:0.0020s ]
SQL: SELECT * FROM `joung_columu`  [ RunTime:0.0000s ]
INFO: [ view_parse ] --START--
INFO: [ template_filter ] --START--
INFO: Run Behavior\ContentReplaceBehavior [ RunTime:0.000000s ]
INFO: [ template_filter ] --END-- [ RunTime:0.000000s ]
INFO: Run Behavior\ParseTemplateBehavior [ RunTime:0.009000s ]
INFO: [ view_parse ] --END-- [ RunTime:0.009000s ]
INFO: [ view_filter ] --START--
INFO: Run Behavior\WriteHtmlCacheBehavior [ RunTime:0.000000s ]
INFO: [ view_filter ] --END-- [ RunTime:0.000000s ]
INFO: [ app_end ] --START--
INFO: Run Behavior\ShowPageTraceBehavior [ RunTime:0.001000s ]
INFO: [ app_end ] --END-- [ RunTime:0.001000s ]

[ 2018-03-23T12:09:49+08:00 ] 127.0.0.1 /admin.php/columu/add.html
INFO: [ app_init ] --START--
INFO: Run Behavior\BuildLiteBehavior [ RunTime:0.000000s ]
INFO: [ app_init ] --END-- [ RunTime:0.000000s ]
INFO: [ app_begin ] --START--
INFO: Run Behavior\ReadHtmlCacheBehavior [ RunTime:0.000000s ]
INFO: [ app_begin ] --END-- [ RunTime:0.000000s ]
SQL: SHOW COLUMNS FROM `joung_wx` [ RunTime:0.0020s ]
SQL: SELECT `id` FROM `joung_wx` WHERE `ip` = '127.0.0.1' LIMIT 1   [ RunTime:0.0000s ]
SQL: SHOW COLUMNS FROM `joung_view` [ RunTime:0.0020s ]
SQL: SELECT COUNT(*) AS tp_count FROM `joung_view` LIMIT 1   [ RunTime:0.0010s ]
SQL: SHOW COLUMNS FROM `joung_user` [ RunTime:0.0020s ]
SQL: SELECT COUNT(*) AS tp_count FROM `joung_user` LIMIT 1   [ RunTime:0.0000s ]
SQL: SHOW COLUMNS FROM `joung_content` [ RunTime:0.0020s ]
SQL: SELECT COUNT(*) AS tp_count FROM `joung_content` LIMIT 1   [ RunTime:0.0000s ]
SQL: SELECT * FROM `joung_user` WHERE `id` = 5 LIMIT 1   [ RunTime:0.0000s ]
SQL: SHOW COLUMNS FROM `joung_columu` [ RunTime:0.0020s ]
SQL: SELECT * FROM `joung_columu`  [ RunTime:0.0000s ]
INFO: [ view_parse ] --START--
INFO: [ template_filter ] --START--
INFO: Run Behavior\ContentReplaceBehavior [ RunTime:0.000000s ]
INFO: [ template_filter ] --END-- [ RunTime:0.000000s ]
INFO: Run Behavior\ParseTemplateBehavior [ RunTime:0.005000s ]
INFO: [ view_parse ] --END-- [ RunTime:0.005000s ]
INFO: [ view_filter ] --START--
INFO: Run Behavior\WriteHtmlCacheBehavior [ RunTime:0.000000s ]
INFO: [ view_filter ] --END-- [ RunTime:0.000000s ]
INFO: [ app_end ] --START--
INFO: Run Behavior\ShowPageTraceBehavior [ RunTime:0.000000s ]
INFO: [ app_end ] --END-- [ RunTime:0.000000s ]

[ 2018-03-23T12:10:22+08:00 ] 127.0.0.1 /admin.php/columu/add.html
INFO: [ app_init ] --START--
INFO: Run Behavior\BuildLiteBehavior [ RunTime:0.000000s ]
INFO: [ app_init ] --END-- [ RunTime:0.000000s ]
INFO: [ app_begin ] --START--
INFO: Run Behavior\ReadHtmlCacheBehavior [ RunTime:0.001000s ]
INFO: [ app_begin ] --END-- [ RunTime:0.001000s ]
SQL: SHOW COLUMNS FROM `joung_wx` [ RunTime:0.0020s ]
SQL: SELECT `id` FROM `joung_wx` WHERE `ip` = '127.0.0.1' LIMIT 1   [ RunTime:0.0000s ]
SQL: SHOW COLUMNS FROM `joung_view` [ RunTime:0.0020s ]
SQL: SELECT COUNT(*) AS tp_count FROM `joung_view` LIMIT 1   [ RunTime:0.0000s ]
SQL: SHOW COLUMNS FROM `joung_user` [ RunTime:0.0020s ]
SQL: SELECT COUNT(*) AS tp_count FROM `joung_user` LIMIT 1   [ RunTime:0.0000s ]
SQL: SHOW COLUMNS FROM `joung_content` [ RunTime:0.0020s ]
SQL: SELECT COUNT(*) AS tp_count FROM `joung_content` LIMIT 1   [ RunTime:0.0000s ]
SQL: SELECT * FROM `joung_user` WHERE `id` = 5 LIMIT 1   [ RunTime:0.0010s ]
SQL: SHOW COLUMNS FROM `joung_columu` [ RunTime:0.0010s ]
SQL: INSERT INTO `joung_columu` (`name`,`type`,`state`,`pid`) VALUES ('年鉴','1','1','2') [ RunTime:0.1210s ]

[ 2018-03-23T12:10:24+08:00 ] 127.0.0.1 /admin.php/columu/index.html
INFO: [ app_init ] --START--
INFO: Run Behavior\BuildLiteBehavior [ RunTime:0.000000s ]
INFO: [ app_init ] --END-- [ RunTime:0.000000s ]
INFO: [ app_begin ] --START--
INFO: Run Behavior\ReadHtmlCacheBehavior [ RunTime:0.000000s ]
INFO: [ app_begin ] --END-- [ RunTime:0.000000s ]
SQL: SHOW COLUMNS FROM `joung_wx` [ RunTime:0.0020s ]
SQL: SELECT `id` FROM `joung_wx` WHERE `ip` = '127.0.0.1' LIMIT 1   [ RunTime:0.0000s ]
SQL: SHOW COLUMNS FROM `joung_view` [ RunTime:0.0020s ]
SQL: SELECT COUNT(*) AS tp_count FROM `joung_view` LIMIT 1   [ RunTime:0.0000s ]
SQL: SHOW COLUMNS FROM `joung_user` [ RunTime:0.0020s ]
SQL: SELECT COUNT(*) AS tp_count FROM `joung_user` LIMIT 1   [ RunTime:0.0000s ]
SQL: SHOW COLUMNS FROM `joung_content` [ RunTime:0.0020s ]
SQL: SELECT COUNT(*) AS tp_count FROM `joung_content` LIMIT 1   [ RunTime:0.0000s ]
SQL: SELECT * FROM `joung_user` WHERE `id` = 5 LIMIT 1   [ RunTime:0.0000s ]
SQL: SHOW COLUMNS FROM `joung_columu` [ RunTime:0.0010s ]
SQL: SELECT COUNT(*) AS tp_count FROM `joung_columu` WHERE `state` <> 2 LIMIT 1   [ RunTime:0.0000s ]
SQL: SELECT * FROM `joung_columu` WHERE `state` <> 2 ORDER BY id DESC LIMIT 0,20   [ RunTime:0.0000s ]
INFO: [ view_parse ] --START--
INFO: [ template_filter ] --START--
INFO: Run Behavior\ContentReplaceBehavior [ RunTime:0.000000s ]
INFO: [ template_filter ] --END-- [ RunTime:0.000000s ]
NOTIC: [8] Undefined variable: bread D:\my\admin\Runtime\Cache\Home\5d43c9207baf0c4094165eebf653af3f.php 第 285 行.
INFO: Run Behavior\ParseTemplateBehavior [ RunTime:0.010000s ]
INFO: [ view_parse ] --END-- [ RunTime:0.010000s ]
INFO: [ view_filter ] --START--
INFO: Run Behavior\WriteHtmlCacheBehavior [ RunTime:0.000000s ]
INFO: [ view_filter ] --END-- [ RunTime:0.000000s ]
INFO: [ app_end ] --START--
INFO: Run Behavior\ShowPageTraceBehavior [ RunTime:0.000000s ]
INFO: [ app_end ] --END-- [ RunTime:0.000000s ]

[ 2018-03-23T12:45:44+08:00 ] 127.0.0.1 /admin.php
INFO: [ app_init ] --START--
INFO: Run Behavior\BuildLiteBehavior [ RunTime:0.000000s ]
INFO: [ app_init ] --END-- [ RunTime:0.000000s ]
INFO: [ app_begin ] --START--
INFO: Run Behavior\ReadHtmlCacheBehavior [ RunTime:0.000000s ]
INFO: [ app_begin ] --END-- [ RunTime:0.000000s ]
INFO: [ view_parse ] --START--
INFO: [ template_filter ] --START--
INFO: Run Behavior\ContentReplaceBehavior [ RunTime:0.001000s ]
INFO: [ template_filter ] --END-- [ RunTime:0.001000s ]
INFO: Run Behavior\ParseTemplateBehavior [ RunTime:0.003000s ]
INFO: [ view_parse ] --END-- [ RunTime:0.003000s ]
INFO: [ view_filter ] --START--
INFO: Run Behavior\WriteHtmlCacheBehavior [ RunTime:0.000000s ]
INFO: [ view_filter ] --END-- [ RunTime:0.000000s ]
INFO: [ app_end ] --START--
INFO: Run Behavior\ShowPageTraceBehavior [ RunTime:0.001000s ]
INFO: [ app_end ] --END-- [ RunTime:0.001000s ]

[ 2018-03-23T12:45:52+08:00 ] 127.0.0.1 /admin.php/login/login.html
INFO: [ app_init ] --START--
INFO: Run Behavior\BuildLiteBehavior [ RunTime:0.000000s ]
INFO: [ app_init ] --END-- [ RunTime:0.000000s ]
INFO: [ app_begin ] --START--
INFO: Run Behavior\ReadHtmlCacheBehavior [ RunTime:0.001000s ]
INFO: [ app_begin ] --END-- [ RunTime:0.001000s ]
SQL: SHOW COLUMNS FROM `joung_user` [ RunTime:0.0120s ]
SQL: SELECT * FROM `joung_user` WHERE `username` = 'joungpig' LIMIT 1   [ RunTime:0.0000s ]
SQL: UPDATE `joung_user` SET `logintime`='2018-03-23 12:45:52',`ip`='127.0.0.1',`count`='154' WHERE `id` = 5 [ RunTime:0.0290s ]

[ 2018-03-23T12:45:53+08:00 ] 127.0.0.1 /admin.php/index/index.html
INFO: [ app_init ] --START--
INFO: Run Behavior\BuildLiteBehavior [ RunTime:0.000000s ]
INFO: [ app_init ] --END-- [ RunTime:0.001000s ]
INFO: [ app_begin ] --START--
INFO: Run Behavior\ReadHtmlCacheBehavior [ RunTime:0.000000s ]
INFO: [ app_begin ] --END-- [ RunTime:0.000000s ]
SQL: SHOW COLUMNS FROM `joung_wx` [ RunTime:0.0020s ]
SQL: SELECT `id` FROM `joung_wx` WHERE `ip` = '127.0.0.1' LIMIT 1   [ RunTime:0.0000s ]
SQL: SHOW COLUMNS FROM `joung_view` [ RunTime:0.0020s ]
SQL: SELECT COUNT(*) AS tp_count FROM `joung_view` LIMIT 1   [ RunTime:0.0010s ]
SQL: SHOW COLUMNS FROM `joung_user` [ RunTime:0.0020s ]
SQL: SELECT COUNT(*) AS tp_count FROM `joung_user` LIMIT 1   [ RunTime:0.0000s ]
SQL: SHOW COLUMNS FROM `joung_content` [ RunTime:0.0030s ]
SQL: SELECT COUNT(*) AS tp_count FROM `joung_content` LIMIT 1   [ RunTime:0.0000s ]
SQL: SELECT * FROM `joung_user` WHERE `id` = 5 LIMIT 1   [ RunTime:0.0000s ]
SQL: SELECT COUNT(*) AS tp_count FROM `joung_view` WHERE ( `date` BETWEEN 1514736000 AND 1517414399  ) LIMIT 1   [ RunTime:0.0330s ]
SQL: SELECT COUNT(*) AS tp_count FROM `joung_view` WHERE ( `date` BETWEEN 1517414400 AND 1519833599  ) LIMIT 1   [ RunTime:0.0330s ]
SQL: SELECT COUNT(*) AS tp_count FROM `joung_view` WHERE ( `date` BETWEEN 1519833600 AND 1522511999  ) LIMIT 1   [ RunTime:0.0340s ]
SQL: SELECT COUNT(*) AS tp_count FROM `joung_view` WHERE ( `date` BETWEEN 1522512000 AND 1525103999  ) LIMIT 1   [ RunTime:0.0330s ]
SQL: SELECT COUNT(*) AS tp_count FROM `joung_view` WHERE ( `date` BETWEEN 1525104000 AND 1527782399  ) LIMIT 1   [ RunTime:0.0360s ]
SQL: SELECT COUNT(*) AS tp_count FROM `joung_view` WHERE ( `date` BETWEEN 1527782400 AND 1530374399  ) LIMIT 1   [ RunTime:0.0350s ]
SQL: SELECT COUNT(*) AS tp_count FROM `joung_view` WHERE ( `date` BETWEEN 1530374400 AND 1533052799  ) LIMIT 1   [ RunTime:0.0340s ]
SQL: SELECT COUNT(*) AS tp_count FROM `joung_view` WHERE ( `date` BETWEEN 1533052800 AND 1535731199  ) LIMIT 1   [ RunTime:0.0360s ]
SQL: SELECT COUNT(*) AS tp_count FROM `joung_view` WHERE ( `date` BETWEEN 1535731200 AND 1538323199  ) LIMIT 1   [ RunTime:0.0340s ]
SQL: SELECT COUNT(*) AS tp_count FROM `joung_view` WHERE ( `date` BETWEEN 1538323200 AND 1541001599  ) LIMIT 1   [ RunTime:0.0350s ]
SQL: SELECT COUNT(*) AS tp_count FROM `joung_view` WHERE ( `date` BETWEEN 1541001600 AND 1543593599  ) LIMIT 1   [ RunTime:0.0330s ]
SQL: SELECT COUNT(*) AS tp_count FROM `joung_view` WHERE ( `date` BETWEEN 1543593600 AND 1546271999  ) LIMIT 1   [ RunTime:0.0340s ]
SQL: SHOW COLUMNS FROM `joung_columu` [ RunTime:0.0020s ]
SQL: SELECT `id`,`name` FROM `joung_columu` WHERE `type` = 1  [ RunTime:0.0010s ]
SQL: SELECT COUNT(*) AS tp_count FROM `joung_content` WHERE `columuid` = 2 LIMIT 1   [ RunTime:0.0000s ]
SQL: SELECT COUNT(*) AS tp_count FROM `joung_content` WHERE `columuid` = 3 LIMIT 1   [ RunTime:0.0000s ]
SQL: SELECT COUNT(*) AS tp_count FROM `joung_content` WHERE `columuid` = 4 LIMIT 1   [ RunTime:0.0010s ]
SQL: SELECT COUNT(*) AS tp_count FROM `joung_content` WHERE `columuid` = 6 LIMIT 1   [ RunTime:0.0000s ]
INFO: [ view_parse ] --START--
INFO: [ template_filter ] --START--
INFO: Run Behavior\ContentReplaceBehavior [ RunTime:0.000000s ]
INFO: [ template_filter ] --END-- [ RunTime:0.000000s ]
INFO: Run Behavior\ParseTemplateBehavior [ RunTime:0.008000s ]
INFO: [ view_parse ] --END-- [ RunTime:0.008000s ]
INFO: [ view_filter ] --START--
INFO: Run Behavior\WriteHtmlCacheBehavior [ RunTime:0.001000s ]
INFO: [ view_filter ] --END-- [ RunTime:0.001000s ]
INFO: [ app_end ] --START--
INFO: Run Behavior\ShowPageTraceBehavior [ RunTime:0.000000s ]
INFO: [ app_end ] --END-- [ RunTime:0.000000s ]

[ 2018-03-23T12:45:54+08:00 ] 127.0.0.1 /admin.php/columu/index.html
INFO: [ app_init ] --START--
INFO: Run Behavior\BuildLiteBehavior [ RunTime:0.000000s ]
INFO: [ app_init ] --END-- [ RunTime:0.000000s ]
INFO: [ app_begin ] --START--
INFO: Run Behavior\ReadHtmlCacheBehavior [ RunTime:0.000000s ]
INFO: [ app_begin ] --END-- [ RunTime:0.000000s ]
SQL: SHOW COLUMNS FROM `joung_wx` [ RunTime:0.0020s ]
SQL: SELECT `id` FROM `joung_wx` WHERE `ip` = '127.0.0.1' LIMIT 1   [ RunTime:0.0000s ]
SQL: SHOW COLUMNS FROM `joung_view` [ RunTime:0.0020s ]
SQL: SELECT COUNT(*) AS tp_count FROM `joung_view` LIMIT 1   [ RunTime:0.0000s ]
SQL: SHOW COLUMNS FROM `joung_user` [ RunTime:0.0020s ]
SQL: SELECT COUNT(*) AS tp_count FROM `joung_user` LIMIT 1   [ RunTime:0.0010s ]
SQL: SHOW COLUMNS FROM `joung_content` [ RunTime:0.0020s ]
SQL: SELECT COUNT(*) AS tp_count FROM `joung_content` LIMIT 1   [ RunTime:0.0000s ]
SQL: SELECT * FROM `joung_user` WHERE `id` = 5 LIMIT 1   [ RunTime:0.0000s ]
SQL: SHOW COLUMNS FROM `joung_columu` [ RunTime:0.0020s ]
SQL: SELECT COUNT(*) AS tp_count FROM `joung_columu` WHERE `state` <> 2 LIMIT 1   [ RunTime:0.0000s ]
SQL: SELECT * FROM `joung_columu` WHERE `state` <> 2 ORDER BY id DESC LIMIT 0,20   [ RunTime:0.0010s ]
INFO: [ view_parse ] --START--
INFO: [ template_filter ] --START--
INFO: Run Behavior\ContentReplaceBehavior [ RunTime:0.000000s ]
INFO: [ template_filter ] --END-- [ RunTime:0.000000s ]
NOTIC: [8] Undefined variable: bread D:\my\admin\Runtime\Cache\Home\5d43c9207baf0c4094165eebf653af3f.php 第 285 行.
INFO: Run Behavior\ParseTemplateBehavior [ RunTime:0.010000s ]
INFO: [ view_parse ] --END-- [ RunTime:0.010000s ]
INFO: [ view_filter ] --START--
INFO: Run Behavior\WriteHtmlCacheBehavior [ RunTime:0.001000s ]
INFO: [ view_filter ] --END-- [ RunTime:0.001000s ]
INFO: [ app_end ] --START--
INFO: Run Behavior\ShowPageTraceBehavior [ RunTime:0.000000s ]
INFO: [ app_end ] --END-- [ RunTime:0.000000s ]

[ 2018-03-23T12:45:56+08:00 ] 127.0.0.1 /admin.php/columu/add.html
INFO: [ app_init ] --START--
INFO: Run Behavior\BuildLiteBehavior [ RunTime:0.001000s ]
INFO: [ app_init ] --END-- [ RunTime:0.001000s ]
INFO: [ app_begin ] --START--
INFO: Run Behavior\ReadHtmlCacheBehavior [ RunTime:0.001000s ]
INFO: [ app_begin ] --END-- [ RunTime:0.001000s ]
SQL: SHOW COLUMNS FROM `joung_wx` [ RunTime:0.0030s ]
SQL: SELECT `id` FROM `joung_wx` WHERE `ip` = '127.0.0.1' LIMIT 1   [ RunTime:0.0000s ]
SQL: SHOW COLUMNS FROM `joung_view` [ RunTime:0.0020s ]
SQL: SELECT COUNT(*) AS tp_count FROM `joung_view` LIMIT 1   [ RunTime:0.0000s ]
SQL: SHOW COLUMNS FROM `joung_user` [ RunTime:0.0010s ]
SQL: SELECT COUNT(*) AS tp_count FROM `joung_user` LIMIT 1   [ RunTime:0.0000s ]
SQL: SHOW COLUMNS FROM `joung_content` [ RunTime:0.0020s ]
SQL: SELECT COUNT(*) AS tp_count FROM `joung_content` LIMIT 1   [ RunTime:0.0000s ]
SQL: SELECT * FROM `joung_user` WHERE `id` = 5 LIMIT 1   [ RunTime:0.0000s ]
SQL: SHOW COLUMNS FROM `joung_columu` [ RunTime:0.0020s ]
SQL: SELECT * FROM `joung_columu`  [ RunTime:0.0000s ]
INFO: [ view_parse ] --START--
INFO: [ template_filter ] --START--
INFO: Run Behavior\ContentReplaceBehavior [ RunTime:0.000000s ]
INFO: [ template_filter ] --END-- [ RunTime:0.000000s ]
INFO: Run Behavior\ParseTemplateBehavior [ RunTime:0.004000s ]
INFO: [ view_parse ] --END-- [ RunTime:0.004000s ]
INFO: [ view_filter ] --START--
INFO: Run Behavior\WriteHtmlCacheBehavior [ RunTime:0.000000s ]
INFO: [ view_filter ] --END-- [ RunTime:0.000000s ]
INFO: [ app_end ] --START--
INFO: Run Behavior\ShowPageTraceBehavior [ RunTime:0.000000s ]
INFO: [ app_end ] --END-- [ RunTime:0.000000s ]

[ 2018-03-23T12:46:10+08:00 ] 127.0.0.1 /admin.php/columu/add.html
INFO: [ app_init ] --START--
INFO: Run Behavior\BuildLiteBehavior [ RunTime:0.000000s ]
INFO: [ app_init ] --END-- [ RunTime:0.001000s ]
INFO: [ app_begin ] --START--
INFO: Run Behavior\ReadHtmlCacheBehavior [ RunTime:0.000000s ]
INFO: [ app_begin ] --END-- [ RunTime:0.000000s ]
SQL: SHOW COLUMNS FROM `joung_wx` [ RunTime:0.0010s ]
SQL: SELECT `id` FROM `joung_wx` WHERE `ip` = '127.0.0.1' LIMIT 1   [ RunTime:0.0010s ]
SQL: SHOW COLUMNS FROM `joung_view` [ RunTime:0.0020s ]
SQL: SELECT COUNT(*) AS tp_count FROM `joung_view` LIMIT 1   [ RunTime:0.0000s ]
SQL: SHOW COLUMNS FROM `joung_user` [ RunTime:0.0020s ]
SQL: SELECT COUNT(*) AS tp_count FROM `joung_user` LIMIT 1   [ RunTime:0.0000s ]
SQL: SHOW COLUMNS FROM `joung_content` [ RunTime:0.0020s ]
SQL: SELECT COUNT(*) AS tp_count FROM `joung_content` LIMIT 1   [ RunTime:0.0000s ]
SQL: SELECT * FROM `joung_user` WHERE `id` = 5 LIMIT 1   [ RunTime:0.0000s ]
SQL: SHOW COLUMNS FROM `joung_columu` [ RunTime:0.0020s ]
SQL: INSERT INTO `joung_columu` (`name`,`type`,`state`,`pid`) VALUES ('预告','2','1','2') [ RunTime:0.0300s ]

[ 2018-03-23T12:46:13+08:00 ] 127.0.0.1 /admin.php/columu/index.html
INFO: [ app_init ] --START--
INFO: Run Behavior\BuildLiteBehavior [ RunTime:0.000000s ]
INFO: [ app_init ] --END-- [ RunTime:0.001000s ]
INFO: [ app_begin ] --START--
INFO: Run Behavior\ReadHtmlCacheBehavior [ RunTime:0.001000s ]
INFO: [ app_begin ] --END-- [ RunTime:0.001000s ]
SQL: SHOW COLUMNS FROM `joung_wx` [ RunTime:0.0020s ]
SQL: SELECT `id` FROM `joung_wx` WHERE `ip` = '127.0.0.1' LIMIT 1   [ RunTime:0.0000s ]
SQL: SHOW COLUMNS FROM `joung_view` [ RunTime:0.0020s ]
SQL: SELECT COUNT(*) AS tp_count FROM `joung_view` LIMIT 1   [ RunTime:0.0000s ]
SQL: SHOW COLUMNS FROM `joung_user` [ RunTime:0.0020s ]
SQL: SELECT COUNT(*) AS tp_count FROM `joung_user` LIMIT 1   [ RunTime:0.0000s ]
SQL: SHOW COLUMNS FROM `joung_content` [ RunTime:0.0020s ]
SQL: SELECT COUNT(*) AS tp_count FROM `joung_content` LIMIT 1   [ RunTime:0.0010s ]
SQL: SELECT * FROM `joung_user` WHERE `id` = 5 LIMIT 1   [ RunTime:0.0000s ]
SQL: SHOW COLUMNS FROM `joung_columu` [ RunTime:0.0020s ]
SQL: SELECT COUNT(*) AS tp_count FROM `joung_columu` WHERE `state` <> 2 LIMIT 1   [ RunTime:0.0000s ]
SQL: SELECT * FROM `joung_columu` WHERE `state` <> 2 ORDER BY id DESC LIMIT 0,20   [ RunTime:0.0000s ]
INFO: [ view_parse ] --START--
INFO: [ template_filter ] --START--
INFO: Run Behavior\ContentReplaceBehavior [ RunTime:0.001000s ]
INFO: [ template_filter ] --END-- [ RunTime:0.001000s ]
NOTIC: [8] Undefined variable: bread D:\my\admin\Runtime\Cache\Home\5d43c9207baf0c4094165eebf653af3f.php 第 285 行.
INFO: Run Behavior\ParseTemplateBehavior [ RunTime:0.010000s ]
INFO: [ view_parse ] --END-- [ RunTime:0.010000s ]
INFO: [ view_filter ] --START--
INFO: Run Behavior\WriteHtmlCacheBehavior [ RunTime:0.000000s ]
INFO: [ view_filter ] --END-- [ RunTime:0.000000s ]
INFO: [ app_end ] --START--
INFO: Run Behavior\ShowPageTraceBehavior [ RunTime:0.001000s ]
INFO: [ app_end ] --END-- [ RunTime:0.001000s ]

[ 2018-03-23T12:46:53+08:00 ] 127.0.0.1 /admin.php/article/index.html
INFO: [ app_init ] --START--
INFO: Run Behavior\BuildLiteBehavior [ RunTime:0.000000s ]
INFO: [ app_init ] --END-- [ RunTime:0.000000s ]
INFO: [ app_begin ] --START--
INFO: Run Behavior\ReadHtmlCacheBehavior [ RunTime:0.001000s ]
INFO: [ app_begin ] --END-- [ RunTime:0.001000s ]
SQL: SHOW COLUMNS FROM `joung_wx` [ RunTime:0.0020s ]
SQL: SELECT `id` FROM `joung_wx` WHERE `ip` = '127.0.0.1' LIMIT 1   [ RunTime:0.0010s ]
SQL: SHOW COLUMNS FROM `joung_view` [ RunTime:0.0020s ]
SQL: SELECT COUNT(*) AS tp_count FROM `joung_view` LIMIT 1   [ RunTime:0.0000s ]
SQL: SHOW COLUMNS FROM `joung_user` [ RunTime:0.0020s ]
SQL: SELECT COUNT(*) AS tp_count FROM `joung_user` LIMIT 1   [ RunTime:0.0000s ]
SQL: SHOW COLUMNS FROM `joung_content` [ RunTime:0.0020s ]
SQL: SELECT COUNT(*) AS tp_count FROM `joung_content` LIMIT 1   [ RunTime:0.0000s ]
SQL: SELECT * FROM `joung_user` WHERE `id` = 5 LIMIT 1   [ RunTime:0.0000s ]
SQL: SELECT COUNT(*) AS tp_count FROM `joung_content` WHERE `state` <> '2' LIMIT 1   [ RunTime:0.0000s ]
SQL: SELECT `title`,`type`,`columuid`,`view`,`good`,`tag`,`state`,`time`,`id`,`top`,`uid` FROM `joung_content` WHERE `state` <> '2' ORDER BY top DESC,id DESC  LIMIT 0,20   [ RunTime:0.0000s ]
SQL: SHOW COLUMNS FROM `joung_type` [ RunTime:0.0030s ]
SQL: SELECT * FROM `joung_type`  [ RunTime:0.0000s ]
SQL: SHOW COLUMNS FROM `joung_columu` [ RunTime:0.0020s ]
SQL: SELECT * FROM `joung_columu`  [ RunTime:0.0000s ]
SQL: SELECT `id`,`username` FROM `joung_user`  [ RunTime:0.0000s ]
INFO: [ view_parse ] --START--
INFO: [ template_filter ] --START--
INFO: Run Behavior\ContentReplaceBehavior [ RunTime:0.001000s ]
INFO: [ template_filter ] --END-- [ RunTime:0.001000s ]
NOTIC: [8] Undefined variable: bread D:\my\admin\Runtime\Cache\Home\c514fd0b802fe5c5e9296333fbc67465.php 第 287 行.
NOTIC: [8] Undefined index: type D:\my\admin\Runtime\Cache\Home\c514fd0b802fe5c5e9296333fbc67465.php 第 323 行.
NOTIC: [8] Undefined index: type D:\my\admin\Runtime\Cache\Home\c514fd0b802fe5c5e9296333fbc67465.php 第 324 行.
NOTIC: [8] Undefined index: type D:\my\admin\Runtime\Cache\Home\c514fd0b802fe5c5e9296333fbc67465.php 第 324 行.
NOTIC: [8] Undefined index: columuid D:\my\admin\Runtime\Cache\Home\c514fd0b802fe5c5e9296333fbc67465.php 第 334 行.
NOTIC: [8] Undefined index: columuid D:\my\admin\Runtime\Cache\Home\c514fd0b802fe5c5e9296333fbc67465.php 第 335 行.
NOTIC: [8] Undefined index: columuid D:\my\admin\Runtime\Cache\Home\c514fd0b802fe5c5e9296333fbc67465.php 第 335 行.
NOTIC: [8] Undefined index: columuid D:\my\admin\Runtime\Cache\Home\c514fd0b802fe5c5e9296333fbc67465.php 第 335 行.
NOTIC: [8] Undefined index: columuid D:\my\admin\Runtime\Cache\Home\c514fd0b802fe5c5e9296333fbc67465.php 第 335 行.
NOTIC: [8] Undefined index: columuid D:\my\admin\Runtime\Cache\Home\c514fd0b802fe5c5e9296333fbc67465.php 第 335 行.
NOTIC: [8] Undefined index: columuid D:\my\admin\Runtime\Cache\Home\c514fd0b802fe5c5e9296333fbc67465.php 第 335 行.
NOTIC: [8] Undefined index: uid D:\my\admin\Runtime\Cache\Home\c514fd0b802fe5c5e9296333fbc67465.php 第 345 行.
NOTIC: [8] Undefined index: uid D:\my\admin\Runtime\Cache\Home\c514fd0b802fe5c5e9296333fbc67465.php 第 346 行.
NOTIC: [8] Undefined index: state D:\my\admin\Runtime\Cache\Home\c514fd0b802fe5c5e9296333fbc67465.php 第 356 行.
NOTIC: [8] Undefined index: state D:\my\admin\Runtime\Cache\Home\c514fd0b802fe5c5e9296333fbc67465.php 第 357 行.
NOTIC: [8] Undefined index: state D:\my\admin\Runtime\Cache\Home\c514fd0b802fe5c5e9296333fbc67465.php 第 358 行.
NOTIC: [8] Undefined index: search D:\my\admin\Runtime\Cache\Home\c514fd0b802fe5c5e9296333fbc67465.php 第 373 行.
NOTIC: [8] Undefined index: data1 D:\my\admin\Runtime\Cache\Home\c514fd0b802fe5c5e9296333fbc67465.php 第 392 行.
NOTIC: [8] Undefined index: data2 D:\my\admin\Runtime\Cache\Home\c514fd0b802fe5c5e9296333fbc67465.php 第 400 行.
SQL: SELECT `username` FROM `joung_user` WHERE `id` = 5 LIMIT 1   [ RunTime:0.0000s ]
NOTIC: [8] Use of undefined constant type - assumed 'type' D:\my\admin\Runtime\Cache\Home\c514fd0b802fe5c5e9296333fbc67465.php 第 454 行.
SQL: SELECT `name` FROM `joung_type` WHERE `id` = 2 LIMIT 1   [ RunTime:0.0000s ]
NOTIC: [8] Use of undefined constant columu - assumed 'columu' D:\my\admin\Runtime\Cache\Home\c514fd0b802fe5c5e9296333fbc67465.php 第 455 行.
SQL: SELECT `name` FROM `joung_columu` WHERE `id` = 2 LIMIT 1   [ RunTime:0.0000s ]
SQL: SHOW COLUMNS FROM `joung_tag` [ RunTime:0.0020s ]
SQL: SELECT * FROM `joung_tag` WHERE `id` IN ('15','16') LIMIT 2   [ RunTime:0.0000s ]
SQL: SELECT * FROM `joung_tag` WHERE `id` IN ('15','16') LIMIT 2   [ RunTime:0.0000s ]
NOTIC: [8] Undefined index: class D:\my\admin\Runtime\Cache\Home\c514fd0b802fe5c5e9296333fbc67465.php 第 448 行.
NOTIC: [8] Undefined index: mark D:\my\admin\Runtime\Cache\Home\c514fd0b802fe5c5e9296333fbc67465.php 第 451 行.
SQL: SELECT `username` FROM `joung_user` WHERE `id` = 5 LIMIT 1   [ RunTime:0.0010s ]
NOTIC: [8] Use of undefined constant type - assumed 'type' D:\my\admin\Runtime\Cache\Home\c514fd0b802fe5c5e9296333fbc67465.php 第 454 行.
SQL: SELECT `name` FROM `joung_type` WHERE `id` = 2 LIMIT 1   [ RunTime:0.0000s ]
NOTIC: [8] Use of undefined constant columu - assumed 'columu' D:\my\admin\Runtime\Cache\Home\c514fd0b802fe5c5e9296333fbc67465.php 第 455 行.
SQL: SELECT `name` FROM `joung_columu` WHERE `id` = 2 LIMIT 1   [ RunTime:0.0000s ]
SQL: SELECT * FROM `joung_tag` WHERE `id` IN ('1','15') LIMIT 2   [ RunTime:0.0010s ]
SQL: SELECT * FROM `joung_tag` WHERE `id` IN ('1','15') LIMIT 2   [ RunTime:0.0000s ]
NOTIC: [8] Undefined index: class D:\my\admin\Runtime\Cache\Home\c514fd0b802fe5c5e9296333fbc67465.php 第 448 行.
NOTIC: [8] Undefined index: mark D:\my\admin\Runtime\Cache\Home\c514fd0b802fe5c5e9296333fbc67465.php 第 451 行.
SQL: SELECT `username` FROM `joung_user` WHERE `id` = 5 LIMIT 1   [ RunTime:0.0000s ]
NOTIC: [8] Use of undefined constant type - assumed 'type' D:\my\admin\Runtime\Cache\Home\c514fd0b802fe5c5e9296333fbc67465.php 第 454 行.
SQL: SELECT `name` FROM `joung_type` WHERE `id` = 2 LIMIT 1   [ RunTime:0.0000s ]
NOTIC: [8] Use of undefined constant columu - assumed 'columu' D:\my\admin\Runtime\Cache\Home\c514fd0b802fe5c5e9296333fbc67465.php 第 455 行.
SQL: SELECT `name` FROM `joung_columu` WHERE `id` = 2 LIMIT 1   [ RunTime:0.0010s ]
SQL: SELECT * FROM `joung_tag` WHERE `id` IN ('46','51') LIMIT 2   [ RunTime:0.0000s ]
SQL: SELECT * FROM `joung_tag` WHERE `id` IN ('46','51') LIMIT 2   [ RunTime:0.0000s ]
NOTIC: [8] Undefined index: class D:\my\admin\Runtime\Cache\Home\c514fd0b802fe5c5e9296333fbc67465.php 第 448 行.
NOTIC: [8] Undefined index: mark D:\my\admin\Runtime\Cache\Home\c514fd0b802fe5c5e9296333fbc67465.php 第 451 行.
SQL: SELECT `username` FROM `joung_user` WHERE `id` = 5 LIMIT 1   [ RunTime:0.0010s ]
NOTIC: [8] Use of undefined constant type - assumed 'type' D:\my\admin\Runtime\Cache\Home\c514fd0b802fe5c5e9296333fbc67465.php 第 454 行.
SQL: SELECT `name` FROM `joung_type` WHERE `id` = 2 LIMIT 1   [ RunTime:0.0000s ]
NOTIC: [8] Use of undefined constant columu - assumed 'columu' D:\my\admin\Runtime\Cache\Home\c514fd0b802fe5c5e9296333fbc67465.php 第 455 行.
SQL: SELECT `name` FROM `joung_columu` WHERE `id` = 4 LIMIT 1   [ RunTime:0.0000s ]
SQL: SELECT * FROM `joung_tag` WHERE `id` IN ('5','18') LIMIT 2   [ RunTime:0.0000s ]
SQL: SELECT * FROM `joung_tag` WHERE `id` IN ('5','18') LIMIT 2   [ RunTime:0.0000s ]
NOTIC: [8] Undefined index: class D:\my\admin\Runtime\Cache\Home\c514fd0b802fe5c5e9296333fbc67465.php 第 448 行.
NOTIC: [8] Undefined index: mark D:\my\admin\Runtime\Cache\Home\c514fd0b802fe5c5e9296333fbc67465.php 第 451 行.
SQL: SELECT `username` FROM `joung_user` WHERE `id` = 5 LIMIT 1   [ RunTime:0.0000s ]
NOTIC: [8] Use of undefined constant type - assumed 'type' D:\my\admin\Runtime\Cache\Home\c514fd0b802fe5c5e9296333fbc67465.php 第 454 行.
SQL: SELECT `name` FROM `joung_type` WHERE `id` = 2 LIMIT 1   [ RunTime:0.0000s ]
NOTIC: [8] Use of undefined constant columu - assumed 'columu' D:\my\admin\Runtime\Cache\Home\c514fd0b802fe5c5e9296333fbc67465.php 第 455 行.
SQL: SELECT `name` FROM `joung_columu` WHERE `id` = 4 LIMIT 1   [ RunTime:0.0000s ]
SQL: SELECT * FROM `joung_tag` WHERE `id` IN ('3','10') LIMIT 2   [ RunTime:0.0010s ]
SQL: SELECT * FROM `joung_tag` WHERE `id` IN ('3','10') LIMIT 2   [ RunTime:0.0000s ]
NOTIC: [8] Undefined index: class D:\my\admin\Runtime\Cache\Home\c514fd0b802fe5c5e9296333fbc67465.php 第 448 行.
NOTIC: [8] Undefined index: mark D:\my\admin\Runtime\Cache\Home\c514fd0b802fe5c5e9296333fbc67465.php 第 451 行.
SQL: SELECT `username` FROM `joung_user` WHERE `id` = 5 LIMIT 1   [ RunTime:0.0000s ]
NOTIC: [8] Use of undefined constant type - assumed 'type' D:\my\admin\Runtime\Cache\Home\c514fd0b802fe5c5e9296333fbc67465.php 第 454 行.
SQL: SELECT `name` FROM `joung_type` WHERE `id` = 2 LIMIT 1   [ RunTime:0.0000s ]
NOTIC: [8] Use of undefined constant columu - assumed 'columu' D:\my\admin\Runtime\Cache\Home\c514fd0b802fe5c5e9296333fbc67465.php 第 455 行.
SQL: SELECT `name` FROM `joung_columu` WHERE `id` = 2 LIMIT 1   [ RunTime:0.0000s ]
SQL: SELECT * FROM `joung_tag` WHERE `id` IN ('1','18') LIMIT 2   [ RunTime:0.0000s ]
SQL: SELECT * FROM `joung_tag` WHERE `id` IN ('1','18') LIMIT 2   [ RunTime:0.0000s ]
NOTIC: [8] Undefined index: class D:\my\admin\Runtime\Cache\Home\c514fd0b802fe5c5e9296333fbc67465.php 第 448 行.
NOTIC: [8] Undefined index: mark D:\my\admin\Runtime\Cache\Home\c514fd0b802fe5c5e9296333fbc67465.php 第 451 行.
SQL: SELECT `username` FROM `joung_user` WHERE `id` = 5 LIMIT 1   [ RunTime:0.0000s ]
NOTIC: [8] Use of undefined constant type - assumed 'type' D:\my\admin\Runtime\Cache\Home\c514fd0b802fe5c5e9296333fbc67465.php 第 454 行.
SQL: SELECT `name` FROM `joung_type` WHERE `id` = 2 LIMIT 1   [ RunTime:0.0000s ]
NOTIC: [8] Use of undefined constant columu - assumed 'columu' D:\my\admin\Runtime\Cache\Home\c514fd0b802fe5c5e9296333fbc67465.php 第 455 行.
SQL: SELECT `name` FROM `joung_columu` WHERE `id` = 4 LIMIT 1   [ RunTime:0.0010s ]
SQL: SELECT * FROM `joung_tag` WHERE `id` IN ('5','31') LIMIT 2   [ RunTime:0.0000s ]
SQL: SELECT * FROM `joung_tag` WHERE `id` IN ('5','31') LIMIT 2   [ RunTime:0.0000s ]
NOTIC: [8] Undefined index: class D:\my\admin\Runtime\Cache\Home\c514fd0b802fe5c5e9296333fbc67465.php 第 448 行.
NOTIC: [8] Undefined index: mark D:\my\admin\Runtime\Cache\Home\c514fd0b802fe5c5e9296333fbc67465.php 第 451 行.
SQL: SELECT `username` FROM `joung_user` WHERE `id` = 5 LIMIT 1   [ RunTime:0.0000s ]
NOTIC: [8] Use of undefined constant type - assumed 'type' D:\my\admin\Runtime\Cache\Home\c514fd0b802fe5c5e9296333fbc67465.php 第 454 行.
SQL: SELECT `name` FROM `joung_type` WHERE `id` = 2 LIMIT 1   [ RunTime:0.0000s ]
NOTIC: [8] Use of undefined constant columu - assumed 'columu' D:\my\admin\Runtime\Cache\Home\c514fd0b802fe5c5e9296333fbc67465.php 第 455 行.
SQL: SELECT `name` FROM `joung_columu` WHERE `id` = 4 LIMIT 1   [ RunTime:0.0010s ]
SQL: SELECT * FROM `joung_tag` WHERE `id` IN ('9','40') LIMIT 2   [ RunTime:0.0000s ]
SQL: SELECT * FROM `joung_tag` WHERE `id` IN ('9','40') LIMIT 2   [ RunTime:0.0000s ]
NOTIC: [8] Undefined index: class D:\my\admin\Runtime\Cache\Home\c514fd0b802fe5c5e9296333fbc67465.php 第 448 行.
NOTIC: [8] Undefined index: mark D:\my\admin\Runtime\Cache\Home\c514fd0b802fe5c5e9296333fbc67465.php 第 451 行.
SQL: SELECT `username` FROM `joung_user` WHERE `id` = 5 LIMIT 1   [ RunTime:0.0000s ]
NOTIC: [8] Use of undefined constant type - assumed 'type' D:\my\admin\Runtime\Cache\Home\c514fd0b802fe5c5e9296333fbc67465.php 第 454 行.
SQL: SELECT `name` FROM `joung_type` WHERE `id` = 2 LIMIT 1   [ RunTime:0.0000s ]
NOTIC: [8] Use of undefined constant columu - assumed 'columu' D:\my\admin\Runtime\Cache\Home\c514fd0b802fe5c5e9296333fbc67465.php 第 455 行.
SQL: SELECT `name` FROM `joung_columu` WHERE `id` = 2 LIMIT 1   [ RunTime:0.0000s ]
SQL: SELECT * FROM `joung_tag` WHERE `id` IN ('1','15') LIMIT 2   [ RunTime:0.0000s ]
SQL: SELECT * FROM `joung_tag` WHERE `id` IN ('1','15') LIMIT 2   [ RunTime:0.0000s ]
NOTIC: [8] Undefined index: class D:\my\admin\Runtime\Cache\Home\c514fd0b802fe5c5e9296333fbc67465.php 第 448 行.
NOTIC: [8] Undefined index: mark D:\my\admin\Runtime\Cache\Home\c514fd0b802fe5c5e9296333fbc67465.php 第 451 行.
SQL: SELECT `username` FROM `joung_user` WHERE `id` = 5 LIMIT 1   [ RunTime:0.0000s ]
NOTIC: [8] Use of undefined constant type - assumed 'type' D:\my\admin\Runtime\Cache\Home\c514fd0b802fe5c5e9296333fbc67465.php 第 454 行.
SQL: SELECT `name` FROM `joung_type` WHERE `id` = 2 LIMIT 1   [ RunTime:0.0000s ]
NOTIC: [8] Use of undefined constant columu - assumed 'columu' D:\my\admin\Runtime\Cache\Home\c514fd0b802fe5c5e9296333fbc67465.php 第 455 行.
SQL: SELECT `name` FROM `joung_columu` WHERE `id` = 2 LIMIT 1   [ RunTime:0.0000s ]
SQL: SELECT * FROM `joung_tag` WHERE `id` IN ('1','15') LIMIT 2   [ RunTime:0.0010s ]
SQL: SELECT * FROM `joung_tag` WHERE `id` IN ('1','15') LIMIT 2   [ RunTime:0.0000s ]
NOTIC: [8] Undefined index: class D:\my\admin\Runtime\Cache\Home\c514fd0b802fe5c5e9296333fbc67465.php 第 448 行.
NOTIC: [8] Undefined index: mark D:\my\admin\Runtime\Cache\Home\c514fd0b802fe5c5e9296333fbc67465.php 第 451 行.
SQL: SELECT `username` FROM `joung_user` WHERE `id` = 5 LIMIT 1   [ RunTime:0.0000s ]
NOTIC: [8] Use of undefined constant type - assumed 'type' D:\my\admin\Runtime\Cache\Home\c514fd0b802fe5c5e9296333fbc67465.php 第 454 行.
SQL: SELECT `name` FROM `joung_type` WHERE `id` = 2 LIMIT 1   [ RunTime:0.0000s ]
NOTIC: [8] Use of undefined constant columu - assumed 'columu' D:\my\admin\Runtime\Cache\Home\c514fd0b802fe5c5e9296333fbc67465.php 第 455 行.
SQL: SELECT `name` FROM `joung_columu` WHERE `id` = 4 LIMIT 1   [ RunTime:0.0000s ]
SQL: SELECT * FROM `joung_tag` WHERE `id` IN ('13','42') LIMIT 2   [ RunTime:0.0000s ]
SQL: SELECT * FROM `joung_tag` WHERE `id` IN ('13','42') LIMIT 2   [ RunTime:0.0000s ]
NOTIC: [8] Undefined index: class D:\my\admin\Runtime\Cache\Home\c514fd0b802fe5c5e9296333fbc67465.php 第 448 行.
NOTIC: [8] Undefined index: mark D:\my\admin\Runtime\Cache\Home\c514fd0b802fe5c5e9296333fbc67465.php 第 451 行.
SQL: SELECT `username` FROM `joung_user` WHERE `id` = 5 LIMIT 1   [ RunTime:0.0000s ]
NOTIC: [8] Use of undefined constant type - assumed 'type' D:\my\admin\Runtime\Cache\Home\c514fd0b802fe5c5e9296333fbc67465.php 第 454 行.
SQL: SELECT `name` FROM `joung_type` WHERE `id` = 2 LIMIT 1   [ RunTime:0.0000s ]
NOTIC: [8] Use of undefined constant columu - assumed 'columu' D:\my\admin\Runtime\Cache\Home\c514fd0b802fe5c5e9296333fbc67465.php 第 455 行.
SQL: SELECT `name` FROM `joung_columu` WHERE `id` = 4 LIMIT 1   [ RunTime:0.0000s ]
SQL: SELECT * FROM `joung_tag` WHERE `id` IN ('18','28') LIMIT 2   [ RunTime:0.0000s ]
SQL: SELECT * FROM `joung_tag` WHERE `id` IN ('18','28') LIMIT 2   [ RunTime:0.0000s ]
NOTIC: [8] Undefined index: class D:\my\admin\Runtime\Cache\Home\c514fd0b802fe5c5e9296333fbc67465.php 第 448 行.
NOTIC: [8] Undefined index: mark D:\my\admin\Runtime\Cache\Home\c514fd0b802fe5c5e9296333fbc67465.php 第 451 行.
SQL: SELECT `username` FROM `joung_user` WHERE `id` = 5 LIMIT 1   [ RunTime:0.0000s ]
NOTIC: [8] Use of undefined constant type - assumed 'type' D:\my\admin\Runtime\Cache\Home\c514fd0b802fe5c5e9296333fbc67465.php 第 454 行.
SQL: SELECT `name` FROM `joung_type` WHERE `id` = 2 LIMIT 1   [ RunTime:0.0000s ]
NOTIC: [8] Use of undefined constant columu - assumed 'columu' D:\my\admin\Runtime\Cache\Home\c514fd0b802fe5c5e9296333fbc67465.php 第 455 行.
SQL: SELECT `name` FROM `joung_columu` WHERE `id` = 4 LIMIT 1   [ RunTime:0.0000s ]
SQL: SELECT * FROM `joung_tag` WHERE `id` IN ('33','40') LIMIT 2   [ RunTime:0.0000s ]
SQL: SELECT * FROM `joung_tag` WHERE `id` IN ('33','40') LIMIT 2   [ RunTime:0.0000s ]
NOTIC: [8] Undefined index: class D:\my\admin\Runtime\Cache\Home\c514fd0b802fe5c5e9296333fbc67465.php 第 448 行.
NOTIC: [8] Undefined index: mark D:\my\admin\Runtime\Cache\Home\c514fd0b802fe5c5e9296333fbc67465.php 第 451 行.
SQL: SELECT `username` FROM `joung_user` WHERE `id` = 5 LIMIT 1   [ RunTime:0.0000s ]
NOTIC: [8] Use of undefined constant type - assumed 'type' D:\my\admin\Runtime\Cache\Home\c514fd0b802fe5c5e9296333fbc67465.php 第 454 行.
SQL: SELECT `name` FROM `joung_type` WHERE `id` = 2 LIMIT 1   [ RunTime:0.0000s ]
NOTIC: [8] Use of undefined constant columu - assumed 'columu' D:\my\admin\Runtime\Cache\Home\c514fd0b802fe5c5e9296333fbc67465.php 第 455 行.
SQL: SELECT `name` FROM `joung_columu` WHERE `id` = 2 LIMIT 1   [ RunTime:0.0000s ]
SQL: SELECT * FROM `joung_tag` WHERE `id` IN ('5','50') LIMIT 2   [ RunTime:0.0010s ]
SQL: SELECT * FROM `joung_tag` WHERE `id` IN ('5','50') LIMIT 2   [ RunTime:0.0000s ]
NOTIC: [8] Undefined index: class D:\my\admin\Runtime\Cache\Home\c514fd0b802fe5c5e9296333fbc67465.php 第 448 行.
NOTIC: [8] Undefined index: mark D:\my\admin\Runtime\Cache\Home\c514fd0b802fe5c5e9296333fbc67465.php 第 451 行.
SQL: SELECT `username` FROM `joung_user` WHERE `id` = 5 LIMIT 1   [ RunTime:0.0000s ]
NOTIC: [8] Use of undefined constant type - assumed 'type' D:\my\admin\Runtime\Cache\Home\c514fd0b802fe5c5e9296333fbc67465.php 第 454 行.
SQL: SELECT `name` FROM `joung_type` WHERE `id` = 2 LIMIT 1   [ RunTime:0.0010s ]
NOTIC: [8] Use of undefined constant columu - assumed 'columu' D:\my\admin\Runtime\Cache\Home\c514fd0b802fe5c5e9296333fbc67465.php 第 455 行.
SQL: SELECT `name` FROM `joung_columu` WHERE `id` = 2 LIMIT 1   [ RunTime:0.0000s ]
SQL: SELECT * FROM `joung_tag` WHERE `id` IN ('48','49') LIMIT 2   [ RunTime:0.0000s ]
SQL: SELECT * FROM `joung_tag` WHERE `id` IN ('48','49') LIMIT 2   [ RunTime:0.0000s ]
NOTIC: [8] Undefined index: class D:\my\admin\Runtime\Cache\Home\c514fd0b802fe5c5e9296333fbc67465.php 第 448 行.
NOTIC: [8] Undefined index: mark D:\my\admin\Runtime\Cache\Home\c514fd0b802fe5c5e9296333fbc67465.php 第 451 行.
SQL: SELECT `username` FROM `joung_user` WHERE `id` = 5 LIMIT 1   [ RunTime:0.0000s ]
NOTIC: [8] Use of undefined constant type - assumed 'type' D:\my\admin\Runtime\Cache\Home\c514fd0b802fe5c5e9296333fbc67465.php 第 454 行.
SQL: SELECT `name` FROM `joung_type` WHERE `id` = 2 LIMIT 1   [ RunTime:0.0010s ]
NOTIC: [8] Use of undefined constant columu - assumed 'columu' D:\my\admin\Runtime\Cache\Home\c514fd0b802fe5c5e9296333fbc67465.php 第 455 行.
SQL: SELECT `name` FROM `joung_columu` WHERE `id` = 4 LIMIT 1   [ RunTime:0.0000s ]
SQL: SELECT * FROM `joung_tag` WHERE `id` IN ('28','33') LIMIT 2   [ RunTime:0.0000s ]
SQL: SELECT * FROM `joung_tag` WHERE `id` IN ('28','33') LIMIT 2   [ RunTime:0.0000s ]
NOTIC: [8] Undefined index: class D:\my\admin\Runtime\Cache\Home\c514fd0b802fe5c5e9296333fbc67465.php 第 448 行.
NOTIC: [8] Undefined index: mark D:\my\admin\Runtime\Cache\Home\c514fd0b802fe5c5e9296333fbc67465.php 第 451 行.
SQL: SELECT `username` FROM `joung_user` WHERE `id` = 5 LIMIT 1   [ RunTime:0.0000s ]
NOTIC: [8] Use of undefined constant type - assumed 'type' D:\my\admin\Runtime\Cache\Home\c514fd0b802fe5c5e9296333fbc67465.php 第 454 行.
SQL: SELECT `name` FROM `joung_type` WHERE `id` = 2 LIMIT 1   [ RunTime:0.0000s ]
NOTIC: [8] Use of undefined constant columu - assumed 'columu' D:\my\admin\Runtime\Cache\Home\c514fd0b802fe5c5e9296333fbc67465.php 第 455 行.
SQL: SELECT `name` FROM `joung_columu` WHERE `id` = 2 LIMIT 1   [ RunTime:0.0000s ]
SQL: SELECT * FROM `joung_tag` WHERE `id` IN ('5','15') LIMIT 2   [ RunTime:0.0000s ]
SQL: SELECT * FROM `joung_tag` WHERE `id` IN ('5','15') LIMIT 2   [ RunTime:0.0000s ]
NOTIC: [8] Undefined index: class D:\my\admin\Runtime\Cache\Home\c514fd0b802fe5c5e9296333fbc67465.php 第 448 行.
NOTIC: [8] Undefined index: mark D:\my\admin\Runtime\Cache\Home\c514fd0b802fe5c5e9296333fbc67465.php 第 451 行.
SQL: SELECT `username` FROM `joung_user` WHERE `id` = 5 LIMIT 1   [ RunTime:0.0010s ]
NOTIC: [8] Use of undefined constant type - assumed 'type' D:\my\admin\Runtime\Cache\Home\c514fd0b802fe5c5e9296333fbc67465.php 第 454 行.
SQL: SELECT `name` FROM `joung_type` WHERE `id` = 2 LIMIT 1   [ RunTime:0.0000s ]
NOTIC: [8] Use of undefined constant columu - assumed 'columu' D:\my\admin\Runtime\Cache\Home\c514fd0b802fe5c5e9296333fbc67465.php 第 455 行.
SQL: SELECT `name` FROM `joung_columu` WHERE `id` = 2 LIMIT 1   [ RunTime:0.0000s ]
SQL: SELECT * FROM `joung_tag` WHERE `id` IN ('1','15') LIMIT 2   [ RunTime:0.0000s ]
SQL: SELECT * FROM `joung_tag` WHERE `id` IN ('1','15') LIMIT 2   [ RunTime:0.0000s ]
NOTIC: [8] Undefined index: class D:\my\admin\Runtime\Cache\Home\c514fd0b802fe5c5e9296333fbc67465.php 第 448 行.
NOTIC: [8] Undefined index: mark D:\my\admin\Runtime\Cache\Home\c514fd0b802fe5c5e9296333fbc67465.php 第 451 行.
SQL: SELECT `username` FROM `joung_user` WHERE `id` = 5 LIMIT 1   [ RunTime:0.0010s ]
NOTIC: [8] Use of undefined constant type - assumed 'type' D:\my\admin\Runtime\Cache\Home\c514fd0b802fe5c5e9296333fbc67465.php 第 454 行.
SQL: SELECT `name` FROM `joung_type` WHERE `id` = 2 LIMIT 1   [ RunTime:0.0000s ]
NOTIC: [8] Use of undefined constant columu - assumed 'columu' D:\my\admin\Runtime\Cache\Home\c514fd0b802fe5c5e9296333fbc67465.php 第 455 行.
SQL: SELECT `name` FROM `joung_columu` WHERE `id` = 2 LIMIT 1   [ RunTime:0.0000s ]
SQL: SELECT * FROM `joung_tag` WHERE `id` IN ('10','28') LIMIT 2   [ RunTime:0.0000s ]
SQL: SELECT * FROM `joung_tag` WHERE `id` IN ('10','28') LIMIT 2   [ RunTime:0.0010s ]
NOTIC: [8] Undefined index: class D:\my\admin\Runtime\Cache\Home\c514fd0b802fe5c5e9296333fbc67465.php 第 448 行.
NOTIC: [8] Undefined index: mark D:\my\admin\Runtime\Cache\Home\c514fd0b802fe5c5e9296333fbc67465.php 第 451 行.
SQL: SELECT `username` FROM `joung_user` WHERE `id` = 5 LIMIT 1   [ RunTime:0.0000s ]
NOTIC: [8] Use of undefined constant type - assumed 'type' D:\my\admin\Runtime\Cache\Home\c514fd0b802fe5c5e9296333fbc67465.php 第 454 行.
SQL: SELECT `name` FROM `joung_type` WHERE `id` = 2 LIMIT 1   [ RunTime:0.0000s ]
NOTIC: [8] Use of undefined constant columu - assumed 'columu' D:\my\admin\Runtime\Cache\Home\c514fd0b802fe5c5e9296333fbc67465.php 第 455 行.
SQL: SELECT `name` FROM `joung_columu` WHERE `id` = 2 LIMIT 1   [ RunTime:0.0000s ]
SQL: SELECT * FROM `joung_tag` WHERE `id` IN ('46','47') LIMIT 2   [ RunTime:0.0010s ]
SQL: SELECT * FROM `joung_tag` WHERE `id` IN ('46','47') LIMIT 2   [ RunTime:0.0000s ]
INFO: Run Behavior\ParseTemplateBehavior [ RunTime:0.045000s ]
INFO: [ view_parse ] --END-- [ RunTime:0.045000s ]
INFO: [ view_filter ] --START--
INFO: Run Behavior\WriteHtmlCacheBehavior [ RunTime:0.000000s ]
INFO: [ view_filter ] --END-- [ RunTime:0.000000s ]
INFO: [ app_end ] --START--
INFO: Run Behavior\ShowPageTraceBehavior [ RunTime:0.001000s ]
INFO: [ app_end ] --END-- [ RunTime:0.001000s ]

[ 2018-03-23T12:46:53+08:00 ] 127.0.0.1 /admin.php/article/img/favicon/favicon.png
INFO: [ app_init ] --START--
INFO: Run Behavior\BuildLiteBehavior [ RunTime:0.000000s ]
INFO: [ app_init ] --END-- [ RunTime:0.000000s ]

[ 2018-03-23T12:46:57+08:00 ] 127.0.0.1 /admin.php/article/edit/id/110.html
INFO: [ app_init ] --START--
INFO: Run Behavior\BuildLiteBehavior [ RunTime:0.000000s ]
INFO: [ app_init ] --END-- [ RunTime:0.000000s ]
INFO: [ app_begin ] --START--
INFO: Run Behavior\ReadHtmlCacheBehavior [ RunTime:0.000000s ]
INFO: [ app_begin ] --END-- [ RunTime:0.000000s ]
SQL: SHOW COLUMNS FROM `joung_wx` [ RunTime:0.0030s ]
SQL: SELECT `id` FROM `joung_wx` WHERE `ip` = '127.0.0.1' LIMIT 1   [ RunTime:0.0000s ]
SQL: SHOW COLUMNS FROM `joung_view` [ RunTime:0.0020s ]
SQL: SELECT COUNT(*) AS tp_count FROM `joung_view` LIMIT 1   [ RunTime:0.0000s ]
SQL: SHOW COLUMNS FROM `joung_user` [ RunTime:0.0010s ]
SQL: SELECT COUNT(*) AS tp_count FROM `joung_user` LIMIT 1   [ RunTime:0.0000s ]
SQL: SHOW COLUMNS FROM `joung_content` [ RunTime:0.0030s ]
SQL: SELECT COUNT(*) AS tp_count FROM `joung_content` LIMIT 1   [ RunTime:0.0010s ]
SQL: SELECT * FROM `joung_user` WHERE `id` = 5 LIMIT 1   [ RunTime:0.0000s ]
SQL: SELECT * FROM `joung_content` WHERE `id` = 110 LIMIT 1   [ RunTime:0.0000s ]
SQL: SHOW COLUMNS FROM `joung_columu` [ RunTime:0.0020s ]
SQL: SELECT * FROM `joung_columu`  [ RunTime:0.0000s ]
SQL: SHOW COLUMNS FROM `joung_tag` [ RunTime:0.0020s ]
SQL: SELECT * FROM `joung_tag`  [ RunTime:0.0000s ]
SQL: SHOW COLUMNS FROM `joung_type` [ RunTime:0.0010s ]
SQL: SELECT * FROM `joung_type`  [ RunTime:0.0010s ]
INFO: [ view_parse ] --START--
INFO: [ template_filter ] --START--
INFO: Run Behavior\ContentReplaceBehavior [ RunTime:0.000000s ]
INFO: [ template_filter ] --END-- [ RunTime:0.000000s ]
SQL: SELECT `name` FROM `joung_tag` WHERE `id` = 1 LIMIT 1   [ RunTime:0.0000s ]
SQL: SELECT `name` FROM `joung_tag` WHERE `id` = 15 LIMIT 1   [ RunTime:0.0010s ]
SQL: SELECT `name` FROM `joung_type` WHERE `id` = 2 LIMIT 1   [ RunTime:0.0000s ]
SQL: SELECT `name` FROM `joung_columu` WHERE `id` = 2 LIMIT 1   [ RunTime:0.0000s ]
NOTIC: [8] Undefined index: state_id D:\my\admin\Runtime\Cache\Home\b0a77f94c4daf4f5e7feefc012fff2b0.php 第 378 行.
NOTIC: [8] Undefined variable: workerid D:\my\admin\Runtime\Cache\Home\b0a77f94c4daf4f5e7feefc012fff2b0.php 第 378 行.
NOTIC: [8] Undefined index: is_cancel D:\my\admin\Runtime\Cache\Home\b0a77f94c4daf4f5e7feefc012fff2b0.php 第 382 行.
INFO: Run Behavior\ParseTemplateBehavior [ RunTime:0.021000s ]
INFO: [ view_parse ] --END-- [ RunTime:0.021000s ]
INFO: [ view_filter ] --START--
INFO: Run Behavior\WriteHtmlCacheBehavior [ RunTime:0.000000s ]
INFO: [ view_filter ] --END-- [ RunTime:0.000000s ]
INFO: [ app_end ] --START--
INFO: Run Behavior\ShowPageTraceBehavior [ RunTime:0.000000s ]
INFO: [ app_end ] --END-- [ RunTime:0.001000s ]

[ 2018-03-23T12:47:00+08:00 ] 127.0.0.1 /admin.php/article/edit.html
INFO: [ app_init ] --START--
INFO: Run Behavior\BuildLiteBehavior [ RunTime:0.000000s ]
INFO: [ app_init ] --END-- [ RunTime:0.000000s ]
INFO: [ app_begin ] --START--
INFO: Run Behavior\ReadHtmlCacheBehavior [ RunTime:0.000000s ]
INFO: [ app_begin ] --END-- [ RunTime:0.000000s ]
SQL: SHOW COLUMNS FROM `joung_wx` [ RunTime:0.0020s ]
SQL: SELECT `id` FROM `joung_wx` WHERE `ip` = '127.0.0.1' LIMIT 1   [ RunTime:0.0000s ]
SQL: SHOW COLUMNS FROM `joung_view` [ RunTime:0.0020s ]
SQL: SELECT COUNT(*) AS tp_count FROM `joung_view` LIMIT 1   [ RunTime:0.0000s ]
SQL: SHOW COLUMNS FROM `joung_user` [ RunTime:0.0020s ]
SQL: SELECT COUNT(*) AS tp_count FROM `joung_user` LIMIT 1   [ RunTime:0.0000s ]
SQL: SHOW COLUMNS FROM `joung_content` [ RunTime:0.0020s ]
SQL: SELECT COUNT(*) AS tp_count FROM `joung_content` LIMIT 1   [ RunTime:0.0010s ]
SQL: SELECT * FROM `joung_user` WHERE `id` = 5 LIMIT 1   [ RunTime:0.0000s ]
SQL: SHOW COLUMNS FROM `joung_columu` [ RunTime:0.0020s ]
SQL: SELECT id as _value,name as _label FROM `joung_columu`  [ RunTime:0.0000s ]

[ 2018-03-23T12:47:03+08:00 ] 127.0.0.1 /admin.php/article/edit.html?field=columuid&fieldValue=8&thisId=110&table=columu&label=%E6%A0%8F%E7%9B%AE&son_id=undefined
INFO: [ app_init ] --START--
INFO: Run Behavior\BuildLiteBehavior [ RunTime:0.000000s ]
INFO: [ app_init ] --END-- [ RunTime:0.000000s ]
INFO: [ app_begin ] --START--
INFO: Run Behavior\ReadHtmlCacheBehavior [ RunTime:0.000000s ]
INFO: [ app_begin ] --END-- [ RunTime:0.000000s ]
SQL: SHOW COLUMNS FROM `joung_wx` [ RunTime:0.0020s ]
SQL: SELECT `id` FROM `joung_wx` WHERE `ip` = '127.0.0.1' LIMIT 1   [ RunTime:0.0000s ]
SQL: SHOW COLUMNS FROM `joung_view` [ RunTime:0.0020s ]
SQL: SELECT COUNT(*) AS tp_count FROM `joung_view` LIMIT 1   [ RunTime:0.0000s ]
SQL: SHOW COLUMNS FROM `joung_user` [ RunTime:0.0020s ]
SQL: SELECT COUNT(*) AS tp_count FROM `joung_user` LIMIT 1   [ RunTime:0.0000s ]
SQL: SHOW COLUMNS FROM `joung_content` [ RunTime:0.0020s ]
SQL: SELECT COUNT(*) AS tp_count FROM `joung_content` LIMIT 1   [ RunTime:0.0000s ]
SQL: SELECT * FROM `joung_user` WHERE `id` = 5 LIMIT 1   [ RunTime:0.0010s ]
NOTIC: [8] Undefined index: name D:\my\admin\Home\Controller\ArticleController.class.php 第 211 行.
NOTIC: [8] Undefined index: name D:\my\admin\Home\Controller\ArticleController.class.php 第 215 行.
NOTIC: [8] Undefined index: name D:\my\admin\Home\Controller\ArticleController.class.php 第 219 行.
NOTIC: [8] Undefined index: name D:\my\admin\Home\Controller\ArticleController.class.php 第 223 行.
NOTIC: [8] Undefined index: name D:\my\admin\Home\Controller\ArticleController.class.php 第 227 行.
NOTIC: [8] Undefined index: name D:\my\admin\Home\Controller\ArticleController.class.php 第 236 行.
NOTIC: [8] Undefined index: name D:\my\admin\Home\Controller\ArticleController.class.php 第 243 行.
SQL: UPDATE `joung_content` SET `columuid`='8' WHERE `id` = 110 [ RunTime:0.0330s ]

[ 2018-03-23T16:59:00+08:00 ] 127.0.0.1 /admin.php
INFO: [ app_init ] --START--
INFO: Run Behavior\BuildLiteBehavior [ RunTime:0.000000s ]
INFO: [ app_init ] --END-- [ RunTime:0.000000s ]
INFO: [ app_begin ] --START--
INFO: Run Behavior\ReadHtmlCacheBehavior [ RunTime:0.000000s ]
INFO: [ app_begin ] --END-- [ RunTime:0.000000s ]
INFO: [ view_parse ] --START--
INFO: [ template_filter ] --START--
INFO: Run Behavior\ContentReplaceBehavior [ RunTime:0.000000s ]
INFO: [ template_filter ] --END-- [ RunTime:0.000000s ]
INFO: Run Behavior\ParseTemplateBehavior [ RunTime:0.009000s ]
INFO: [ view_parse ] --END-- [ RunTime:0.009000s ]
INFO: [ view_filter ] --START--
INFO: Run Behavior\WriteHtmlCacheBehavior [ RunTime:0.000000s ]
INFO: [ view_filter ] --END-- [ RunTime:0.000000s ]
INFO: [ app_end ] --START--
INFO: Run Behavior\ShowPageTraceBehavior [ RunTime:0.001000s ]
INFO: [ app_end ] --END-- [ RunTime:0.001000s ]

[ 2018-03-23T16:59:06+08:00 ] 127.0.0.1 /admin.php/login/login.html
INFO: [ app_init ] --START--
INFO: Run Behavior\BuildLiteBehavior [ RunTime:0.000000s ]
INFO: [ app_init ] --END-- [ RunTime:0.001000s ]
INFO: [ app_begin ] --START--
INFO: Run Behavior\ReadHtmlCacheBehavior [ RunTime:0.000000s ]
INFO: [ app_begin ] --END-- [ RunTime:0.000000s ]
SQL: SHOW COLUMNS FROM `joung_user` [ RunTime:0.0020s ]
SQL: SELECT * FROM `joung_user` WHERE `username` = 'joungpig' LIMIT 1   [ RunTime:0.0000s ]
SQL: UPDATE `joung_user` SET `logintime`='2018-03-23 16:59:06',`ip`='127.0.0.1',`count`='155' WHERE `id` = 5 [ RunTime:0.0280s ]

[ 2018-03-23T16:59:07+08:00 ] 127.0.0.1 /admin.php/index/index.html
INFO: [ app_init ] --START--
INFO: Run Behavior\BuildLiteBehavior [ RunTime:0.000000s ]
INFO: [ app_init ] --END-- [ RunTime:0.000000s ]
INFO: [ app_begin ] --START--
INFO: Run Behavior\ReadHtmlCacheBehavior [ RunTime:0.000000s ]
INFO: [ app_begin ] --END-- [ RunTime:0.000000s ]
SQL: SHOW COLUMNS FROM `joung_wx` [ RunTime:0.0020s ]
SQL: SELECT `id` FROM `joung_wx` WHERE `ip` = '127.0.0.1' LIMIT 1   [ RunTime:0.0010s ]
SQL: SHOW COLUMNS FROM `joung_view` [ RunTime:0.0020s ]
SQL: SELECT COUNT(*) AS tp_count FROM `joung_view` LIMIT 1   [ RunTime:0.0000s ]
SQL: SHOW COLUMNS FROM `joung_user` [ RunTime:0.0020s ]
SQL: SELECT COUNT(*) AS tp_count FROM `joung_user` LIMIT 1   [ RunTime:0.0000s ]
SQL: SHOW COLUMNS FROM `joung_content` [ RunTime:0.0020s ]
SQL: SELECT COUNT(*) AS tp_count FROM `joung_content` LIMIT 1   [ RunTime:0.0010s ]
SQL: SELECT * FROM `joung_user` WHERE `id` = 5 LIMIT 1   [ RunTime:0.0000s ]
SQL: SELECT COUNT(*) AS tp_count FROM `joung_view` WHERE ( `date` BETWEEN 1514736000 AND 1517414399  ) LIMIT 1   [ RunTime:0.0330s ]
SQL: SELECT COUNT(*) AS tp_count FROM `joung_view` WHERE ( `date` BETWEEN 1517414400 AND 1519833599  ) LIMIT 1   [ RunTime:0.0320s ]
SQL: SELECT COUNT(*) AS tp_count FROM `joung_view` WHERE ( `date` BETWEEN 1519833600 AND 1522511999  ) LIMIT 1   [ RunTime:0.0320s ]
SQL: SELECT COUNT(*) AS tp_count FROM `joung_view` WHERE ( `date` BETWEEN 1522512000 AND 1525103999  ) LIMIT 1   [ RunTime:0.0330s ]
SQL: SELECT COUNT(*) AS tp_count FROM `joung_view` WHERE ( `date` BETWEEN 1525104000 AND 1527782399  ) LIMIT 1   [ RunTime:0.0340s ]
SQL: SELECT COUNT(*) AS tp_count FROM `joung_view` WHERE ( `date` BETWEEN 1527782400 AND 1530374399  ) LIMIT 1   [ RunTime:0.0330s ]
SQL: SELECT COUNT(*) AS tp_count FROM `joung_view` WHERE ( `date` BETWEEN 1530374400 AND 1533052799  ) LIMIT 1   [ RunTime:0.0330s ]
SQL: SELECT COUNT(*) AS tp_count FROM `joung_view` WHERE ( `date` BETWEEN 1533052800 AND 1535731199  ) LIMIT 1   [ RunTime:0.0330s ]
SQL: SELECT COUNT(*) AS tp_count FROM `joung_view` WHERE ( `date` BETWEEN 1535731200 AND 1538323199  ) LIMIT 1   [ RunTime:0.0350s ]
SQL: SELECT COUNT(*) AS tp_count FROM `joung_view` WHERE ( `date` BETWEEN 1538323200 AND 1541001599  ) LIMIT 1   [ RunTime:0.0330s ]
SQL: SELECT COUNT(*) AS tp_count FROM `joung_view` WHERE ( `date` BETWEEN 1541001600 AND 1543593599  ) LIMIT 1   [ RunTime:0.0340s ]
SQL: SELECT COUNT(*) AS tp_count FROM `joung_view` WHERE ( `date` BETWEEN 1543593600 AND 1546271999  ) LIMIT 1   [ RunTime:0.0370s ]
SQL: SHOW COLUMNS FROM `joung_columu` [ RunTime:0.0020s ]
SQL: SELECT `id`,`name` FROM `joung_columu` WHERE `pid` <> 0  [ RunTime:0.0000s ]

