------------------------------------------
time:2018-02-09 12:41:50
params:{"ToUserName":"gh_edb124283411","FromUserName":"oZEjIv5m3Oj3kpGozx3hu0xG9D0U","CreateTime":"1518151309","MsgType":"text","Content":"11","MsgId":"6520410222968977677"}
------------------------------------------
time:2018-02-09 21:58:41
params:{"ToUserName":"gh_edb124283411","FromUserName":"oZEjIv5m3Oj3kpGozx3hu0xG9D0U","CreateTime":"1518184720","MsgType":"text","Content":"11","MsgId":"6520553722121314853"}
------------------------------------------
time:2018-02-09 21:58:47
params:{"ToUserName":"gh_edb124283411","FromUserName":"oZEjIv5m3Oj3kpGozx3hu0xG9D0U","CreateTime":"1518184726","MsgType":"text","Content":"\u56fe\u7247","MsgId":"6520553747891118631"}
------------------------------------------
time:2018-02-09 21:58:51
params:{"ToUserName":"gh_edb124283411","FromUserName":"oZEjIv5m3Oj3kpGozx3hu0xG9D0U","CreateTime":"1518184730","MsgType":"text","Content":"\u56fe\u7247","MsgId":"6520553765070987817"}
------------------------------------------
time:2018-02-09 22:02:28
params:{"ToUserName":"gh_edb124283411","FromUserName":"oZEjIv5m3Oj3kpGozx3hu0xG9D0U","CreateTime":"1518184947","MsgType":"text","Content":"\u56fe\u7247","MsgId":"6520554697078891098"}
------------------------------------------
time:2018-02-09 22:03:02
params:{"ToUserName":"gh_edb124283411","FromUserName":"oZEjIv5m3Oj3kpGozx3hu0xG9D0U","CreateTime":"1518184981","MsgType":"text","Content":"11","MsgId":"6520554843107779173"}
------------------------------------------
time:2018-02-09 22:03:30
params:{"ToUserName":"gh_edb124283411","FromUserName":"oZEjIv5m3Oj3kpGozx3hu0xG9D0U","CreateTime":"1518185009","MsgType":"text","Content":"\u6587\u672c","MsgId":"6520554963366863471"}
------------------------------------------
time:2018-02-09 22:08:38
params:{"ToUserName":"gh_edb124283411","FromUserName":"oZEjIv5m3Oj3kpGozx3hu0xG9D0U","CreateTime":"1518185317","MsgType":"text","Content":"\u591a\u56fe\u6587","MsgId":"6520556286216790742"}
------------------------------------------
time:2018-02-09 22:08:58
params:{"ToUserName":"gh_edb124283411","FromUserName":"oZEjIv5m3Oj3kpGozx3hu0xG9D0U","CreateTime":"1518185337","MsgType":"text","Content":"\u97f3\u4e50","MsgId":"6520556372116136669"}
------------------------------------------
time:2018-02-09 22:22:23
params:{"ToUserName":"gh_edb124283411","FromUserName":"oZEjIv5m3Oj3kpGozx3hu0xG9D0U","CreateTime":"1518186142","MsgType":"text","Content":"\u56fe\u7247","MsgId":"6520559829564810242"}
------------------------------------------
time:2018-02-09 22:26:55
params:{"ToUserName":"gh_edb124283411","FromUserName":"oZEjIv5m3Oj3kpGozx3hu0xG9D0U","CreateTime":"1518186414","MsgType":"text","Content":"\u56fe\u7247","MsgId":"6520560997795914847"}
